#
# A fatal error has been detected by the Java Runtime Environment:
#
#  EXCEPTION_ACCESS_VIOLATION (0xc0000005) at pc=0x00007ff9e8851c60, pid=3548, tid=9388
#
# JRE version: Java(TM) SE Runtime Environment (9.0+11) (build 9.0.4+11)
# Java VM: Java HotSpot(TM) 64-Bit Server VM (9.0.4+11, mixed mode, tiered, compressed oops, g1 gc, windows-amd64)
# Problematic frame:
# C  [librdi_filemgmt.dll+0x171c60]
#
# No core dump will be written. Minidumps are not enabled by default on client versions of Windows
#
# If you would like to submit a bug report, please visit:
#   http://bugreport.java.com/bugreport/crash.jsp
# The crash happened outside the Java Virtual Machine in native code.
# See problematic frame for where to report the bug.
#

---------------  S U M M A R Y ------------

Command Line: -Dsun.java2d.pmoffscreen=false -Dsun.java2d.xrender=false -Dsun.java2d.d3d=false -Dsun.awt.nopixfmt=true -Dsun.java2d.dpiaware=true -Dsun.java2d.uiScale.enabled=false -Xverify:none -Dswing.aatext=true -XX:-UsePerfData -Djdk.map.althashing.threshold=512 -XX:StringTableSize=4072 --add-opens=java.base/java.nio=ALL-UNNAMED --add-opens=java.desktop/sun.swing=ALL-UNNAMED --add-opens=java.desktop/javax.swing=ALL-UNNAMED --add-opens=java.desktop/javax.swing.tree=ALL-UNNAMED --add-opens=java.desktop/javax.swing.plaf.basic=ALL-UNNAMED --add-opens=java.desktop/javax.swing.plaf.synth=ALL-UNNAMED --add-opens=java.desktop/com.sun.awt=ALL-UNNAMED -XX:NewSize=60m -XX:MaxNewSize=60m -Xms128m -Xmx3072m -Xss5m 

Host: Intel(R) Core(TM) i5-8259U CPU @ 2.30GHz, 8 cores, 7G,  Windows 10 , 64 bit Build 17763 (10.0.17763.475)
Time: Tue May 21 08:48:13 2019 SE Asia Standard Time elapsed time: 130 seconds (0d 0h 2m 10s)

---------------  T H R E A D  ---------------

Current thread (0x0000014408bcf800):  JavaThread "AWT-EventQueue-1" [_thread_in_native, id=9388, stack(0x000000395c700000,0x000000395cc00000)]

Stack: [0x000000395c700000,0x000000395cc00000],  sp=0x000000395cbf6c48,  free space=5083k
Native frames: (J=compiled Java code, j=interpreted, Vv=VM code, C=native code)
C  [librdi_filemgmt.dll+0x171c60]

Java frames: (J=compiled Java code, j=interpreted, Vv=VM code)
J 13488  ui.data.designgraph.designgraphi.Node_getElementPrimaryName(J)Ljava/lang/String; (0 bytes) @ 0x00000144754da4a1 [0x00000144754da460+0x0000000000000041]
J 14242 c1 ui.data.design.g.ct(Z)Ljava/lang/String; (196 bytes) @ 0x000001446fcc4db4 [0x000001446fcc4260+0x0000000000000b54]
J 14241 c1 ui.data.design.g.getName()Ljava/lang/String; (6 bytes) @ 0x000001446ea8abcc [0x000001446ea8ab40+0x000000000000008c]
j  ui.views.cn.fcX()V+23
J 15973 c1 ui.views.cn.a(Lui/frmwork/b/a;)V (104 bytes) @ 0x000001446e3fb3dc [0x000001446e3fafc0+0x000000000000041c]
J 16645 c1 ui.views.R.hj.a(Lui/frmwork/b/a;)V (6 bytes) @ 0x000001446f7af134 [0x000001446f7af0c0+0x0000000000000074]
J 15023 c1 ui.frmwork.b.c.g(Lui/frmwork/b/a;)V (94 bytes) @ 0x000001446ef5093c [0x000001446ef500a0+0x000000000000089c]
J 16453 c1 ui.frmwork.b.c.b(Lui/frmwork/b/a;)V (64 bytes) @ 0x000001446f2ffabc [0x000001446f2ff680+0x000000000000043c]
j  ui.data.bs.c(Lui/frmwork/b/a;)V+5
j  ui.data.bs.a(Ljava/lang/Object;Ljava/lang/Object;)V+44
j  ui.data.bs.z(Ljava/lang/Object;)V+3
j  ui.data.bs.a(Ljava/util/Iterator;Ljava/lang/Object;)V+17
j  ui.data.be.a(Ljava/util/Iterator;Ljava/lang/Object;)V+35
j  ui.views.R.w.cIp()V+15
j  ui.views.R.w.XS()V+114
j  ui.b.c.g.actionPerformed(Ljava/awt/event/ActionEvent;)V+44
j  javax.swing.AbstractButton.fireActionPerformed(Ljava/awt/event/ActionEvent;)V+84 java.desktop@9.0.4
j  ui.utils.o.b.a.fireActionPerformed(Ljava/awt/event/ActionEvent;)V+7
j  javax.swing.AbstractButton$Handler.actionPerformed(Ljava/awt/event/ActionEvent;)V+5 java.desktop@9.0.4
j  javax.swing.DefaultButtonModel.fireActionPerformed(Ljava/awt/event/ActionEvent;)V+34 java.desktop@9.0.4
j  javax.swing.DefaultButtonModel.setPressed(Z)V+117 java.desktop@9.0.4
j  javax.swing.plaf.basic.BasicButtonListener.mouseReleased(Ljava/awt/event/MouseEvent;)V+35 java.desktop@9.0.4
j  java.awt.AWTEventMulticaster.mouseReleased(Ljava/awt/event/MouseEvent;)V+8 java.desktop@9.0.4
j  java.awt.AWTEventMulticaster.mouseReleased(Ljava/awt/event/MouseEvent;)V+8 java.desktop@9.0.4
J 14629 c1 java.awt.Component.processMouseEvent(Ljava/awt/event/MouseEvent;)V java.desktop@9.0.4 (100 bytes) @ 0x000001446e2a3d34 [0x000001446e2a39a0+0x0000000000000394]
J 14628 c1 javax.swing.JComponent.processMouseEvent(Ljava/awt/event/MouseEvent;)V java.desktop@9.0.4 (27 bytes) @ 0x000001446e253fec [0x000001446e253de0+0x000000000000020c]
J 15926 c2 java.awt.Container.processEvent(Ljava/awt/AWTEvent;)V java.desktop@9.0.4 (22 bytes) @ 0x0000014475620bd8 [0x0000014475620ac0+0x0000000000000118]
J 16187 c2 java.awt.Component.dispatchEventImpl(Ljava/awt/AWTEvent;)V java.desktop@9.0.4 (739 bytes) @ 0x0000014475e38098 [0x0000014475e37200+0x0000000000000e98]
J 15422 c1 java.awt.Container.dispatchEventImpl(Ljava/awt/AWTEvent;)V java.desktop@9.0.4 (129 bytes) @ 0x000001446fe0be0c [0x000001446fe0bce0+0x000000000000012c]
J 16032 c2 java.awt.LightweightDispatcher.retargetMouseEvent(Ljava/awt/Component;ILjava/awt/event/MouseEvent;)V java.desktop@9.0.4 (350 bytes) @ 0x00000144758075c0 [0x0000014475807060+0x0000000000000560]
J 12619 c1 java.awt.LightweightDispatcher.processMouseEvent(Ljava/awt/event/MouseEvent;)Z java.desktop@9.0.4 (265 bytes) @ 0x000001446f8a6da4 [0x000001446f8a5e40+0x0000000000000f64]
J 12454 c1 java.awt.LightweightDispatcher.dispatchEvent(Ljava/awt/AWTEvent;)Z java.desktop@9.0.4 (73 bytes) @ 0x000001446e97becc [0x000001446e97baa0+0x000000000000042c]
J 15422 c1 java.awt.Container.dispatchEventImpl(Ljava/awt/AWTEvent;)V java.desktop@9.0.4 (129 bytes) @ 0x000001446fe0bdac [0x000001446fe0bce0+0x00000000000000cc]
J 12246 c1 java.awt.Window.dispatchEventImpl(Ljava/awt/AWTEvent;)V java.desktop@9.0.4 (23 bytes) @ 0x000001446e467c74 [0x000001446e4676a0+0x00000000000005d4]
J 14181 c2 java.awt.EventQueue$3.run()Ljava/lang/Object; java.desktop@9.0.4 (5 bytes) @ 0x0000014475c0dc3c [0x0000014475c0da80+0x00000000000001bc]
v  ~StubRoutines::call_stub
J 2923  java.security.AccessController.doPrivileged(Ljava/security/PrivilegedAction;Ljava/security/AccessControlContext;)Ljava/lang/Object; java.base@9.0.4 (0 bytes) @ 0x0000014475169646 [0x00000144751695e0+0x0000000000000066]
J 11271 c1 java.awt.EventQueue$4.run()Ljava/lang/Object; java.desktop@9.0.4 (5 bytes) @ 0x000001446f6e4ad4 [0x000001446f6e46e0+0x00000000000003f4]
v  ~StubRoutines::call_stub
J 2923  java.security.AccessController.doPrivileged(Ljava/security/PrivilegedAction;Ljava/security/AccessControlContext;)Ljava/lang/Object; java.base@9.0.4 (0 bytes) @ 0x0000014475169646 [0x00000144751695e0+0x0000000000000066]
J 13981 c2 ui.frmwork.b.d.dispatchEvent(Ljava/awt/AWTEvent;)V (34 bytes) @ 0x0000014475bac4b4 [0x0000014475bac120+0x0000000000000394]
J 16111 c1 java.awt.EventDispatchThread.pumpOneEventForFilters(I)V java.desktop@9.0.4 (218 bytes) @ 0x000001446ec75a94 [0x000001446ec746c0+0x00000000000013d4]
j  java.awt.EventDispatchThread.pumpEventsForFilter(ILjava/awt/Conditional;Ljava/awt/EventFilter;)V+35 java.desktop@9.0.4
j  java.awt.EventDispatchThread.pumpEventsForFilter(Ljava/awt/Conditional;Ljava/awt/EventFilter;)V+4 java.desktop@9.0.4
j  java.awt.WaitDispatchSupport$2.run()V+59 java.desktop@9.0.4
j  java.awt.WaitDispatchSupport$4.run()Ljava/lang/Void;+4 java.desktop@9.0.4
j  java.awt.WaitDispatchSupport$4.run()Ljava/lang/Object;+1 java.desktop@9.0.4
v  ~StubRoutines::call_stub
J 951  java.security.AccessController.doPrivileged(Ljava/security/PrivilegedAction;)Ljava/lang/Object; java.base@9.0.4 (0 bytes) @ 0x000001447510c932 [0x000001447510c8e0+0x0000000000000052]
j  java.awt.WaitDispatchSupport.enter()Z+260 java.desktop@9.0.4
j  java.awt.Dialog.show()V+225 java.desktop@9.0.4
J 9648 c1 java.awt.Component.setVisible(Z)V java.desktop@9.0.4 (6 bytes) @ 0x000001446f1e3ecc [0x000001446f1e3ce0+0x00000000000001ec]
j  java.awt.Window.setVisible(Z)V+2 java.desktop@9.0.4
j  java.awt.Dialog.setVisible(Z)V+2 java.desktop@9.0.4
j  ui.b.c.g.setVisible(Z)V+2
j  ui.b.c.g.a(IILjava/awt/Component;)V+641
j  ui.b.c.g.a(IIZLjava/awt/Component;)V+90
j  ui.b.c.g.bE(II)V+5
j  ui.b.c.g.showDialog()V+3
j  ui.views.R.hq.b(I)V+50
j  ui.b.c.bx.y()V+200
j  ui.b.c.bG.finished()V+4
j  ui.frmwork.x.run()V+11
J 14181 c2 java.awt.EventQueue$3.run()Ljava/lang/Object; java.desktop@9.0.4 (5 bytes) @ 0x0000014475c0db84 [0x0000014475c0da80+0x0000000000000104]
v  ~StubRoutines::call_stub
J 2923  java.security.AccessController.doPrivileged(Ljava/security/PrivilegedAction;Ljava/security/AccessControlContext;)Ljava/lang/Object; java.base@9.0.4 (0 bytes) @ 0x0000014475169646 [0x00000144751695e0+0x0000000000000066]
J 13981 c2 ui.frmwork.b.d.dispatchEvent(Ljava/awt/AWTEvent;)V (34 bytes) @ 0x0000014475bac68c [0x0000014475bac120+0x000000000000056c]
J 16111 c1 java.awt.EventDispatchThread.pumpOneEventForFilters(I)V java.desktop@9.0.4 (218 bytes) @ 0x000001446ec75a94 [0x000001446ec746c0+0x00000000000013d4]
j  java.awt.EventDispatchThread.pumpEventsForFilter(ILjava/awt/Conditional;Ljava/awt/EventFilter;)V+35 java.desktop@9.0.4
j  java.awt.EventDispatchThread.pumpEventsForHierarchy(ILjava/awt/Conditional;Ljava/awt/Component;)V+11 java.desktop@9.0.4
j  java.awt.EventDispatchThread.pumpEvents(ILjava/awt/Conditional;)V+4 java.desktop@9.0.4
j  java.awt.EventDispatchThread.pumpEvents(Ljava/awt/Conditional;)V+3 java.desktop@9.0.4
j  java.awt.EventDispatchThread.run()V+9 java.desktop@9.0.4
v  ~StubRoutines::call_stub

siginfo: EXCEPTION_ACCESS_VIOLATION (0xc0000005), reading address 0x0000000000000278


Register to memory mapping:

RIP=0x00007ff9e8851c60 librdi_filemgmt.dll
RAX=0x0000000080000108 is an unknown value
RBX=0x0000014412df1640 is an unknown value
RCX=0x0000000000000000 is an unknown value
RDX=0x000000000000003d is an unknown value
RSP=0x000000395cbf6c48 is pointing into the stack for thread: 0x0000014408bcf800
RBP=0x000000395cbf6de0 is pointing into the stack for thread: 0x0000014408bcf800
RSI=0x0000014408bcfa18 is an unknown value
RDI=0x0000014412df1640 is an unknown value
R8 =0x0000014463061ee0 is an unknown value
R9 =0x0000000000008000 is an unknown value
R10=0x00007ff9e88f41b0 librdi_filemgmt.dll
R11=0x000000395cbf6d70 is pointing into the stack for thread: 0x0000014408bcf800
R12=0x0000000000000000 is an unknown value
R13=0x000000395cbf7108 is pointing into the stack for thread: 0x0000014408bcf800
R14=0x000000395cbf6dd0 is pointing into the stack for thread: 0x0000014408bcf800
R15=0x0000014408bcf800 is a thread


Registers:
RAX=0x0000000080000108, RBX=0x0000014412df1640, RCX=0x0000000000000000, RDX=0x000000000000003d
RSP=0x000000395cbf6c48, RBP=0x000000395cbf6de0, RSI=0x0000014408bcfa18, RDI=0x0000014412df1640
R8 =0x0000014463061ee0, R9 =0x0000000000008000, R10=0x00007ff9e88f41b0, R11=0x000000395cbf6d70
R12=0x0000000000000000, R13=0x000000395cbf7108, R14=0x000000395cbf6dd0, R15=0x0000014408bcf800
RIP=0x00007ff9e8851c60, EFLAGS=0x0000000000010246

Top of Stack: (sp=0x000000395cbf6c48)
0x000000395cbf6c48:   00007ff9e88cff79 0000014408bcf800
0x000000395cbf6c58:   0000014408bcfa18 000000395cbf6de0
0x000000395cbf6c68:   00007ffa506dc7eb 000001441563bde0
0x000000395cbf6c78:   0000000000000000 fffffffffffffffe
0x000000395cbf6c88:   000001446e70b25c 0000014417228b88
0x000000395cbf6c98:   00007ff9e88f41ee 000001441563bde0
0x000000395cbf6ca8:   0000003900000000 0000014408bcfa18
0x000000395cbf6cb8:   0000000000000000 0000014408bcfa18
0x000000395cbf6cc8:   fffffffffffffffe 0000014408bcfa18
0x000000395cbf6cd8:   0000000000000000 0000014408bcfa18
0x000000395cbf6ce8:   fffffffffffffffe 0000002100000000
0x000000395cbf6cf8:   0000000000000000 000000395cbf0000
0x000000395cbf6d08:   00000007040c3f98 0000000000000000
0x000000395cbf6d18:   0000000000000007 0000004300000000
0x000000395cbf6d28:   0000000703ec0df8 0000004300000000
0x000000395cbf6d38:   0000000703ec0df8 0000000000000000 

Instructions: (pc=0x00007ff9e8851c60)
0x00007ff9e8851c40:   20 00 48 c7 05 33 9c 48 00 00 00 00 00 e8 e2 a3
0x00007ff9e8851c50:   14 00 48 8d 0d 2f 9c 48 00 e8 66 a5 14 00 eb bc
0x00007ff9e8851c60:   48 8b 81 78 02 00 00 48 85 c0 74 13 0f 1f 40 00
0x00007ff9e8851c70:   48 8b c8 48 8b 80 78 02 00 00 48 85 c0 75 f1 48 



---------------  P R O C E S S  ---------------

Java Threads: ( => current thread )
  0x0000014413634800 JavaThread "Image Fetcher 3" daemon [_thread_blocked, id=10732, stack(0x0000003961500000,0x0000003961a00000)]
  0x0000014413633000 JavaThread "Image Animator 0" daemon [_thread_blocked, id=9132, stack(0x0000003961a00000,0x0000003961f00000)]
  0x0000014413637000 JavaThread "Monitor File Timestamp Swing Worker" [_thread_blocked, id=7320, stack(0x0000003960b00000,0x0000003961000000)]
  0x0000014413635000 JavaThread "Timer-0" [_thread_blocked, id=3112, stack(0x0000003960100000,0x0000003960600000)]
  0x0000014413632000 JavaThread "SyntheticaAnimation 50" daemon [_thread_blocked, id=5568, stack(0x000000395fc00000,0x0000003960100000)]
  0x0000014411000000 JavaThread "Image Animator 3" daemon [_thread_blocked, id=8976, stack(0x0000003960600000,0x0000003960b00000)]
  0x0000014411001800 JavaThread "hw_ila_monitor" [_thread_blocked, id=9140, stack(0x000000395f700000,0x000000395fc00000)]
  0x000001440929d000 JavaThread "Update Runs Swing Worker" [_thread_blocked, id=1492, stack(0x000000395d600000,0x000000395db00000)]
  0x0000014409299800 JavaThread "Refresh Filesets Swing Worker" [_thread_blocked, id=2324, stack(0x000000395cc00000,0x000000395d100000)]
  0x0000014409298800 JavaThread "SyntheticaAnimation 70" daemon [_thread_blocked, id=1552, stack(0x000000395f200000,0x000000395f700000)]
  0x0000014409296000 JavaThread "SyntheticaAnimation 25" daemon [_thread_blocked, id=856, stack(0x000000395e800000,0x000000395ed00000)]
  0x000001440929b800 JavaThread "SyntheticaAnimation 50" daemon [_thread_blocked, id=6612, stack(0x000000395e300000,0x000000395e800000)]
  0x0000014409297000 JavaThread "Monitor HEventQueue" [_thread_blocked, id=9172, stack(0x000000395de00000,0x000000395e300000)]
  0x000001440929a000 JavaThread "Batik CleanerThread" daemon [_thread_blocked, id=9584, stack(0x000000395d100000,0x000000395d600000)]
  0x000001440929c800 JavaThread "SyntheticaCleanerThread" daemon [_thread_blocked, id=8384, stack(0x000000395bd00000,0x000000395c200000)]
=>0x0000014408bcf800 JavaThread "AWT-EventQueue-1" [_thread_in_native, id=9388, stack(0x000000395c700000,0x000000395cc00000)]
  0x00000144071f8000 JavaThread "Process Messages" [_thread_blocked, id=1584, stack(0x000000395c200000,0x000000395c700000)]
  0x0000014408ec7000 JavaThread "Thread-1" [_thread_in_native, id=632, stack(0x0000003955000000,0x0000003956400000)]
  0x0000014466a6b000 JavaThread "TimerQueue" daemon [_thread_blocked, id=1108, stack(0x000000395b300000,0x000000395b800000)]
  0x0000014406f4e800 JavaThread "AWT-Windows" daemon [_thread_in_native, id=6852, stack(0x000000395ae00000,0x000000395b300000)]
  0x0000014461e73800 JavaThread "AWT-Shutdown" [_thread_blocked, id=2784, stack(0x000000395a900000,0x000000395ae00000)]
  0x0000014406ce4000 JavaThread "Java2D Disposer" daemon [_thread_blocked, id=7016, stack(0x000000395a400000,0x000000395a900000)]
  0x000001446219a000 JavaThread "Service Thread" daemon [_thread_blocked, id=936, stack(0x0000003959e00000,0x000000395a300000)]
  0x0000014462952800 JavaThread "Common-Cleaner" daemon [_thread_blocked, id=6252, stack(0x0000003959900000,0x0000003959e00000)]
  0x0000014465c7b000 JavaThread "Sweeper thread" daemon [_thread_blocked, id=1592, stack(0x0000003959400000,0x0000003959900000)]
  0x0000014461e0c000 JavaThread "C1 CompilerThread3" daemon [_thread_blocked, id=1112, stack(0x0000003959300000,0x0000003959400000)]
  0x0000014461406000 JavaThread "C2 CompilerThread2" daemon [_thread_blocked, id=9816, stack(0x0000003959200000,0x0000003959300000)]
  0x0000014461405000 JavaThread "C2 CompilerThread1" daemon [_thread_blocked, id=6684, stack(0x0000003959100000,0x0000003959200000)]
  0x00000144611fc800 JavaThread "C2 CompilerThread0" daemon [_thread_blocked, id=6040, stack(0x0000003959000000,0x0000003959100000)]
  0x0000014460e77000 JavaThread "Attach Listener" daemon [_thread_blocked, id=4384, stack(0x0000003958b00000,0x0000003959000000)]
  0x0000014466388000 JavaThread "Signal Dispatcher" daemon [_thread_blocked, id=9936, stack(0x0000003958600000,0x0000003958b00000)]
  0x00000144629ad800 JavaThread "Finalizer" daemon [_thread_blocked, id=3820, stack(0x0000003958100000,0x0000003958600000)]
  0x0000014465bf0800 JavaThread "Reference Handler" daemon [_thread_blocked, id=7404, stack(0x0000003957c00000,0x0000003958100000)]
  0x00000144612ec800 JavaThread "main" [_thread_blocked, id=7556, stack(0x0000003954f00000,0x0000003955000000)]

Other Threads:
  0x00000144639c5800 VMThread "VM Thread" [stack: 0x0000003957b00000,0x0000003957c00000] [id=3592]
  0x000001446219b000 WatcherThread [stack: 0x000000395a300000,0x000000395a400000] [id=2968]
  0x0000014461925000 GCTaskThread "GC Thread#0" [stack: 0x0000003956700000,0x0000003956800000] [id=4800]
  0x0000014461e5e000 GCTaskThread "GC Thread#1" [stack: 0x0000003956800000,0x0000003956900000] [id=5964]
  0x0000014465f0b800 GCTaskThread "GC Thread#2" [stack: 0x0000003956900000,0x0000003956a00000] [id=8712]
  0x000001446295f800 GCTaskThread "GC Thread#3" [stack: 0x0000003956a00000,0x0000003956b00000] [id=7048]
  0x0000014462625800 GCTaskThread "GC Thread#4" [stack: 0x0000003956b00000,0x0000003956c00000] [id=6708]
  0x000001446260b000 GCTaskThread "GC Thread#5" [stack: 0x0000003956c00000,0x0000003956d00000] [id=6908]
  0x0000014461ac2800 GCTaskThread "GC Thread#6" [stack: 0x0000003956d00000,0x0000003956e00000] [id=776]
  0x0000014461ac3000 GCTaskThread "GC Thread#7" [stack: 0x0000003956e00000,0x0000003956f00000] [id=10372]
  0x00000144629fa800 ConcurrentGCThread "G1 Main Marker" [stack: 0x0000003957800000,0x0000003957900000] [id=1312]
  0x0000014465c4f800 ConcurrentGCThread "G1 Marker#0" [stack: 0x0000003957900000,0x0000003957a00000] [id=988]
  0x0000014461409000 ConcurrentGCThread "G1 Marker#1" [stack: 0x0000003957a00000,0x0000003957b00000] [id=768]
  0x0000014461507800 ConcurrentGCThread "G1 Refine#0" [stack: 0x0000003957600000,0x0000003957700000] [id=8980]
  0x0000014461506800 ConcurrentGCThread "G1 Refine#1" [stack: 0x0000003957500000,0x0000003957600000] [id=10408]
  0x00000144665ef800 ConcurrentGCThread "G1 Refine#2" [stack: 0x0000003957400000,0x0000003957500000] [id=2452]
  0x000001446614a000 ConcurrentGCThread "G1 Refine#3" [stack: 0x0000003957300000,0x0000003957400000] [id=4776]
  0x000001446601b000 ConcurrentGCThread "G1 Refine#4" [stack: 0x0000003957200000,0x0000003957300000] [id=7444]
  0x000001446671e000 ConcurrentGCThread "G1 Refine#5" [stack: 0x0000003957100000,0x0000003957200000] [id=10700]
  0x00000144666af000 ConcurrentGCThread "G1 Refine#6" [stack: 0x0000003957000000,0x0000003957100000] [id=7460]
  0x00000144666ae800 ConcurrentGCThread "G1 Refine#7" [stack: 0x0000003956f00000,0x0000003957000000] [id=3080]
  0x0000014461761800 ConcurrentGCThread "G1 Young RemSet Sampling" [stack: 0x0000003957700000,0x0000003957800000] [id=2424]

Threads with active compile tasks:

VM state:not at safepoint (normal execution)

VM Mutex/Monitor currently owned by a thread: None

Heap address: 0x0000000700000000, size: 3072 MB, Compressed Oops mode: Zero based, Oop shift amount: 3
Narrow klass base: 0x0000000000000000, Narrow klass shift: 3
Compressed class space size: 1073741824 Address: 0x00000007c0000000

Heap:
 garbage-first heap   total 148480K, used 124649K [0x0000000700000000, 0x0000000700100488, 0x00000007c0000000)
  region size 1024K, 46 young (47104K), 1 survivors (1024K)
 Metaspace       used 77634K, capacity 83194K, committed 83328K, reserved 1120256K
  class space    used 10908K, capacity 11863K, committed 11904K, reserved 1048576K
Heap Regions: E=young(eden), S=young(survivor), O=old, HS=humongous(starts), HC=humongous(continues), CS=collection set, F=free, A=archive, TS=gc time stamp, AC=allocation context, TAMS=top-at-mark-start (previous, next)
|   0|0x0000000700000000, 0x00000007000fdf88, 0x0000000700100000| 99%| O|  |TS  0|AC  0|TAMS 0x00000007000fdf88, 0x00000007000fdf88|
|   1|0x0000000700100000, 0x0000000700200000, 0x0000000700200000|100%|HS|  |TS  0|AC  0|TAMS 0x0000000700200000, 0x0000000700200000|
|   2|0x0000000700200000, 0x0000000700300000, 0x0000000700300000|100%|HC|  |TS  0|AC  0|TAMS 0x0000000700300000, 0x0000000700300000|
|   3|0x0000000700300000, 0x0000000700400000, 0x0000000700400000|100%|HS|  |TS  0|AC  0|TAMS 0x0000000700400000, 0x0000000700400000|
|   4|0x0000000700400000, 0x00000007004e48b8, 0x0000000700500000| 89%| O|  |TS  0|AC  0|TAMS 0x00000007004e48b8, 0x00000007004e48b8|
|   5|0x0000000700500000, 0x00000007005ffff8, 0x0000000700600000| 99%| O|  |TS  0|AC  0|TAMS 0x00000007005ffff8, 0x00000007005ffff8|
|   6|0x0000000700600000, 0x00000007006ffff8, 0x0000000700700000| 99%| O|  |TS  0|AC  0|TAMS 0x00000007006ffff8, 0x00000007006ffff8|
|   7|0x0000000700700000, 0x00000007007fffd8, 0x0000000700800000| 99%| O|  |TS  0|AC  0|TAMS 0x00000007007fffd8, 0x00000007007fffd8|
|   8|0x0000000700800000, 0x00000007008ffff8, 0x0000000700900000| 99%| O|  |TS  0|AC  0|TAMS 0x00000007008ffff8, 0x00000007008ffff8|
|   9|0x0000000700900000, 0x00000007009ffff8, 0x0000000700a00000| 99%| O|  |TS  0|AC  0|TAMS 0x00000007009ffff8, 0x00000007009ffff8|
|  10|0x0000000700a00000, 0x0000000700aff2b0, 0x0000000700b00000| 99%| O|  |TS  0|AC  0|TAMS 0x0000000700aff2b0, 0x0000000700aff2b0|
|  11|0x0000000700b00000, 0x0000000700c00000, 0x0000000700c00000|100%|HS|  |TS  0|AC  0|TAMS 0x0000000700c00000, 0x0000000700c00000|
|  12|0x0000000700c00000, 0x0000000700d00000, 0x0000000700d00000|100%|HC|  |TS  0|AC  0|TAMS 0x0000000700d00000, 0x0000000700d00000|
|  13|0x0000000700d00000, 0x0000000700dc8828, 0x0000000700e00000| 78%| O|  |TS  0|AC  0|TAMS 0x0000000700dc8828, 0x0000000700dc8828|
|  14|0x0000000700e00000, 0x0000000700efbfc8, 0x0000000700f00000| 98%| O|  |TS  0|AC  0|TAMS 0x0000000700efbfc8, 0x0000000700efbfc8|
|  15|0x0000000700f00000, 0x0000000701000000, 0x0000000701000000|100%| O|  |TS  0|AC  0|TAMS 0x0000000701000000, 0x0000000701000000|
|  16|0x0000000701000000, 0x00000007010fffe0, 0x0000000701100000| 99%| O|  |TS  0|AC  0|TAMS 0x00000007010fffe0, 0x00000007010fffe0|
|  17|0x0000000701100000, 0x00000007011ffff8, 0x0000000701200000| 99%| O|  |TS  0|AC  0|TAMS 0x00000007011ffff8, 0x00000007011ffff8|
|  18|0x0000000701200000, 0x00000007012fffe8, 0x0000000701300000| 99%| O|  |TS  0|AC  0|TAMS 0x00000007012fffe8, 0x00000007012fffe8|
|  19|0x0000000701300000, 0x00000007013fffe8, 0x0000000701400000| 99%| O|  |TS  0|AC  0|TAMS 0x00000007013fffe8, 0x00000007013fffe8|
|  20|0x0000000701400000, 0x0000000701500000, 0x0000000701500000|100%|HS|  |TS  0|AC  0|TAMS 0x0000000701500000, 0x0000000701500000|
|  21|0x0000000701500000, 0x0000000701600000, 0x0000000701600000|100%|HS|  |TS  0|AC  0|TAMS 0x0000000701600000, 0x0000000701600000|
|  22|0x0000000701600000, 0x00000007016ffff0, 0x0000000701700000| 99%| O|  |TS  0|AC  0|TAMS 0x00000007016ffff0, 0x00000007016ffff0|
|  23|0x0000000701700000, 0x0000000701800000, 0x0000000701800000|100%| O|  |TS  0|AC  0|TAMS 0x0000000701800000, 0x0000000701800000|
|  24|0x0000000701800000, 0x0000000701900000, 0x0000000701900000|100%| O|  |TS  0|AC  0|TAMS 0x0000000701900000, 0x0000000701900000|
|  25|0x0000000701900000, 0x00000007019ffff0, 0x0000000701a00000| 99%| O|  |TS  0|AC  0|TAMS 0x00000007019ffff0, 0x00000007019ffff0|
|  26|0x0000000701a00000, 0x0000000701b00000, 0x0000000701b00000|100%| O|  |TS  0|AC  0|TAMS 0x0000000701b00000, 0x0000000701b00000|
|  27|0x0000000701b00000, 0x0000000701bfffe0, 0x0000000701c00000| 99%| O|  |TS  0|AC  0|TAMS 0x0000000701bfffe0, 0x0000000701bfffe0|
|  28|0x0000000701c00000, 0x0000000701cfffb0, 0x0000000701d00000| 99%| O|  |TS  0|AC  0|TAMS 0x0000000701cfffb0, 0x0000000701cfffb0|
|  29|0x0000000701d00000, 0x0000000701dffff8, 0x0000000701e00000| 99%| O|  |TS  0|AC  0|TAMS 0x0000000701dffff8, 0x0000000701dffff8|
|  30|0x0000000701e00000, 0x0000000701effff8, 0x0000000701f00000| 99%| O|  |TS  0|AC  0|TAMS 0x0000000701effff8, 0x0000000701effff8|
|  31|0x0000000701f00000, 0x0000000701fffff0, 0x0000000702000000| 99%| O|  |TS  0|AC  0|TAMS 0x0000000701fffff0, 0x0000000701fffff0|
|  32|0x0000000702000000, 0x00000007020ffe50, 0x0000000702100000| 99%| O|  |TS  0|AC  0|TAMS 0x00000007020ffe50, 0x00000007020ffe50|
|  33|0x0000000702100000, 0x00000007021ffe58, 0x0000000702200000| 99%| O|  |TS  0|AC  0|TAMS 0x00000007021ffe58, 0x00000007021ffe58|
|  34|0x0000000702200000, 0x00000007022fffb0, 0x0000000702300000| 99%| O|  |TS  0|AC  0|TAMS 0x00000007022fffb0, 0x00000007022fffb0|
|  35|0x0000000702300000, 0x0000000702400000, 0x0000000702400000|100%| O|  |TS  0|AC  0|TAMS 0x0000000702400000, 0x0000000702400000|
|  36|0x0000000702400000, 0x0000000702500000, 0x0000000702500000|100%| O|  |TS  0|AC  0|TAMS 0x0000000702500000, 0x0000000702500000|
|  37|0x0000000702500000, 0x0000000702600000, 0x0000000702600000|100%| O|  |TS  0|AC  0|TAMS 0x0000000702600000, 0x0000000702600000|
|  38|0x0000000702600000, 0x00000007026e1968, 0x0000000702700000| 88%| O|  |TS  0|AC  0|TAMS 0x00000007026e1968, 0x00000007026e1968|
|  39|0x0000000702700000, 0x0000000702800000, 0x0000000702800000|100%| O|  |TS  0|AC  0|TAMS 0x0000000702800000, 0x0000000702800000|
|  40|0x0000000702800000, 0x00000007028ffe18, 0x0000000702900000| 99%| O|  |TS  0|AC  0|TAMS 0x00000007028ffe18, 0x00000007028ffe18|
|  41|0x0000000702900000, 0x00000007029ffff0, 0x0000000702a00000| 99%| O|  |TS  0|AC  0|TAMS 0x00000007029ffff0, 0x00000007029ffff0|
|  42|0x0000000702a00000, 0x0000000702afffd8, 0x0000000702b00000| 99%| O|  |TS  0|AC  0|TAMS 0x0000000702afffd8, 0x0000000702afffd8|
|  43|0x0000000702b00000, 0x0000000702c00000, 0x0000000702c00000|100%|HS|  |TS  0|AC  0|TAMS 0x0000000702c00000, 0x0000000702c00000|
|  44|0x0000000702c00000, 0x0000000702d00000, 0x0000000702d00000|100%|HC|  |TS  0|AC  0|TAMS 0x0000000702d00000, 0x0000000702d00000|
|  45|0x0000000702d00000, 0x0000000702e00000, 0x0000000702e00000|100%|HC|  |TS  0|AC  0|TAMS 0x0000000702e00000, 0x0000000702e00000|
|  46|0x0000000702e00000, 0x0000000702f00000, 0x0000000702f00000|100%|HC|  |TS  0|AC  0|TAMS 0x0000000702f00000, 0x0000000702f00000|
|  47|0x0000000702f00000, 0x0000000703000000, 0x0000000703000000|100%|HC|  |TS  0|AC  0|TAMS 0x0000000703000000, 0x0000000703000000|
|  48|0x0000000703000000, 0x0000000703100000, 0x0000000703100000|100%|HC|  |TS  0|AC  0|TAMS 0x0000000703100000, 0x0000000703100000|
|  49|0x0000000703100000, 0x0000000703200000, 0x0000000703200000|100%|HC|  |TS  0|AC  0|TAMS 0x0000000703200000, 0x0000000703200000|
|  50|0x0000000703200000, 0x0000000703300000, 0x0000000703300000|100%|HC|  |TS  0|AC  0|TAMS 0x0000000703300000, 0x0000000703300000|
|  51|0x0000000703300000, 0x0000000703400000, 0x0000000703400000|100%|HC|  |TS  0|AC  0|TAMS 0x0000000703400000, 0x0000000703400000|
|  52|0x0000000703400000, 0x0000000703500000, 0x0000000703500000|100%|HC|  |TS  0|AC  0|TAMS 0x0000000703500000, 0x0000000703500000|
|  53|0x0000000703500000, 0x0000000703600000, 0x0000000703600000|100%|HC|  |TS  0|AC  0|TAMS 0x0000000703600000, 0x0000000703600000|
|  54|0x0000000703600000, 0x0000000703700000, 0x0000000703700000|100%|HC|  |TS  0|AC  0|TAMS 0x0000000703700000, 0x0000000703700000|
|  55|0x0000000703700000, 0x0000000703800000, 0x0000000703800000|100%|HC|  |TS  0|AC  0|TAMS 0x0000000703800000, 0x0000000703800000|
|  56|0x0000000703800000, 0x0000000703900000, 0x0000000703900000|100%|HC|  |TS  0|AC  0|TAMS 0x0000000703900000, 0x0000000703900000|
|  57|0x0000000703900000, 0x0000000703a00000, 0x0000000703a00000|100%|HC|  |TS  0|AC  0|TAMS 0x0000000703a00000, 0x0000000703a00000|
|  58|0x0000000703a00000, 0x0000000703af45a0, 0x0000000703b00000| 95%| O|  |TS  0|AC  0|TAMS 0x0000000703af45a0, 0x0000000703af45a0|
|  59|0x0000000703b00000, 0x0000000703bfffd0, 0x0000000703c00000| 99%| O|  |TS  0|AC  0|TAMS 0x0000000703bfffd0, 0x0000000703bfffd0|
|  60|0x0000000703c00000, 0x0000000703d00000, 0x0000000703d00000|100%|HS|  |TS  0|AC  0|TAMS 0x0000000703d00000, 0x0000000703d00000|
|  61|0x0000000703d00000, 0x0000000703dfffe8, 0x0000000703e00000| 99%| O|  |TS  0|AC  0|TAMS 0x0000000703dfffe8, 0x0000000703dfffe8|
|  62|0x0000000703e00000, 0x0000000703effff0, 0x0000000703f00000| 99%| O|  |TS  0|AC  0|TAMS 0x0000000703effff0, 0x0000000703effff0|
|  63|0x0000000703f00000, 0x0000000703fffff0, 0x0000000704000000| 99%| O|  |TS  0|AC  0|TAMS 0x0000000703fffff0, 0x0000000703fffff0|
|  64|0x0000000704000000, 0x0000000704100000, 0x0000000704100000|100%| O|  |TS  0|AC  0|TAMS 0x0000000704100000, 0x0000000704100000|
|  65|0x0000000704100000, 0x00000007041ffff8, 0x0000000704200000| 99%| O|  |TS  0|AC  0|TAMS 0x00000007041ffff8, 0x00000007041ffff8|
|  66|0x0000000704200000, 0x00000007042ffff8, 0x0000000704300000| 99%| O|  |TS  0|AC  0|TAMS 0x00000007042ffff8, 0x00000007042ffff8|
|  67|0x0000000704300000, 0x00000007043fffd0, 0x0000000704400000| 99%| O|  |TS  0|AC  0|TAMS 0x00000007043fffd0, 0x00000007043fffd0|
|  68|0x0000000704400000, 0x0000000704500000, 0x0000000704500000|100%| O|  |TS  0|AC  0|TAMS 0x0000000704500000, 0x0000000704500000|
|  69|0x0000000704500000, 0x00000007045aafc8, 0x0000000704600000| 66%| O|  |TS  0|AC  0|TAMS 0x00000007045aafc8, 0x00000007045aafc8|
|  70|0x0000000704600000, 0x00000007046ffff0, 0x0000000704700000| 99%| O|  |TS  0|AC  0|TAMS 0x00000007046ffff0, 0x00000007046ffff0|
|  71|0x0000000704700000, 0x00000007047ffff0, 0x0000000704800000| 99%| O|  |TS  0|AC  0|TAMS 0x00000007047ffff0, 0x00000007047ffff0|
|  72|0x0000000704800000, 0x00000007048fff30, 0x0000000704900000| 99%| O|  |TS  0|AC  0|TAMS 0x00000007048fff30, 0x00000007048fff30|
|  73|0x0000000704900000, 0x00000007049d50c8, 0x0000000704a00000| 83%| O|  |TS  0|AC  0|TAMS 0x00000007049d50c8, 0x00000007049d50c8|
|  74|0x0000000704a00000, 0x0000000704a00000, 0x0000000704b00000|  0%| F|  |TS  0|AC  0|TAMS 0x0000000704a00000, 0x0000000704a00000|
|  75|0x0000000704b00000, 0x0000000704b00000, 0x0000000704c00000|  0%| F|  |TS  0|AC  0|TAMS 0x0000000704b00000, 0x0000000704b00000|
|  76|0x0000000704c00000, 0x0000000704c00000, 0x0000000704d00000|  0%| F|  |TS  0|AC  0|TAMS 0x0000000704c00000, 0x0000000704c00000|
|  77|0x0000000704d00000, 0x0000000704d00000, 0x0000000704e00000|  0%| F|  |TS  0|AC  0|TAMS 0x0000000704d00000, 0x0000000704d00000|
|  78|0x0000000704e00000, 0x0000000704f00000, 0x0000000704f00000|100%|HS|  |TS  0|AC  0|TAMS 0x0000000704f00000, 0x0000000704f00000|
|  79|0x0000000704f00000, 0x0000000705000000, 0x0000000705000000|100%|HC|  |TS  0|AC  0|TAMS 0x0000000705000000, 0x0000000705000000|
|  80|0x0000000705000000, 0x0000000705100000, 0x0000000705100000|100%|HC|  |TS  0|AC  0|TAMS 0x0000000705100000, 0x0000000705100000|
|  81|0x0000000705100000, 0x0000000705200000, 0x0000000705200000|100%|HC|  |TS  0|AC  0|TAMS 0x0000000705200000, 0x0000000705200000|
|  82|0x0000000705200000, 0x0000000705200000, 0x0000000705300000|  0%| F|  |TS  0|AC  0|TAMS 0x0000000705200000, 0x0000000705200000|
|  83|0x0000000705300000, 0x00000007053bea78, 0x0000000705400000| 74%| S|CS|TS  1|AC  0|TAMS 0x0000000705300000, 0x0000000705300000|
|  84|0x0000000705400000, 0x0000000705400000, 0x0000000705500000|  0%| F|  |TS  1|AC  0|TAMS 0x0000000705400000, 0x0000000705400000|
|  85|0x0000000705500000, 0x0000000705500000, 0x0000000705600000|  0%| F|  |TS  1|AC  0|TAMS 0x0000000705500000, 0x0000000705500000|
|  86|0x0000000705600000, 0x0000000705600000, 0x0000000705700000|  0%| F|  |TS  1|AC  0|TAMS 0x0000000705600000, 0x0000000705600000|
|  87|0x0000000705700000, 0x0000000705700000, 0x0000000705800000|  0%| F|  |TS  1|AC  0|TAMS 0x0000000705700000, 0x0000000705700000|
|  88|0x0000000705800000, 0x0000000705800000, 0x0000000705900000|  0%| F|  |TS  1|AC  0|TAMS 0x0000000705800000, 0x0000000705800000|
|  89|0x0000000705900000, 0x0000000705900000, 0x0000000705a00000|  0%| F|  |TS  1|AC  0|TAMS 0x0000000705900000, 0x0000000705900000|
|  90|0x0000000705a00000, 0x0000000705a00000, 0x0000000705b00000|  0%| F|  |TS  1|AC  0|TAMS 0x0000000705a00000, 0x0000000705a00000|
|  91|0x0000000705b00000, 0x0000000705b00000, 0x0000000705c00000|  0%| F|  |TS  1|AC  0|TAMS 0x0000000705b00000, 0x0000000705b00000|
|  92|0x0000000705c00000, 0x0000000705c00000, 0x0000000705d00000|  0%| F|  |TS  1|AC  0|TAMS 0x0000000705c00000, 0x0000000705c00000|
|  93|0x0000000705d00000, 0x0000000705d00000, 0x0000000705e00000|  0%| F|  |TS  1|AC  0|TAMS 0x0000000705d00000, 0x0000000705d00000|
|  94|0x0000000705e00000, 0x0000000705e00000, 0x0000000705f00000|  0%| F|  |TS  1|AC  0|TAMS 0x0000000705e00000, 0x0000000705e00000|
|  95|0x0000000705f00000, 0x0000000705f00000, 0x0000000706000000|  0%| F|  |TS  1|AC  0|TAMS 0x0000000705f00000, 0x0000000705f00000|
|  96|0x0000000706000000, 0x0000000706000000, 0x0000000706100000|  0%| F|  |TS  1|AC  0|TAMS 0x0000000706000000, 0x0000000706000000|
|  97|0x0000000706100000, 0x0000000706100000, 0x0000000706200000|  0%| F|  |TS  1|AC  0|TAMS 0x0000000706100000, 0x0000000706100000|
|  98|0x0000000706200000, 0x0000000706200000, 0x0000000706300000|  0%| F|  |TS  1|AC  0|TAMS 0x0000000706200000, 0x0000000706200000|
|  99|0x0000000706300000, 0x0000000706300000, 0x0000000706400000|  0%| F|  |TS  1|AC  0|TAMS 0x0000000706300000, 0x0000000706300000|
| 100|0x0000000706400000, 0x00000007064912e0, 0x0000000706500000| 56%| E|  |TS  1|AC  0|TAMS 0x0000000706400000, 0x0000000706400000|
| 101|0x0000000706500000, 0x0000000706600000, 0x0000000706600000|100%| E|CS|TS  1|AC  0|TAMS 0x0000000706500000, 0x0000000706500000|
| 102|0x0000000706600000, 0x0000000706700000, 0x0000000706700000|100%| E|CS|TS  1|AC  0|TAMS 0x0000000706600000, 0x0000000706600000|
| 103|0x0000000706700000, 0x0000000706800000, 0x0000000706800000|100%| E|CS|TS  1|AC  0|TAMS 0x0000000706700000, 0x0000000706700000|
| 104|0x0000000706800000, 0x0000000706900000, 0x0000000706900000|100%| E|CS|TS  1|AC  0|TAMS 0x0000000706800000, 0x0000000706800000|
| 105|0x0000000706900000, 0x0000000706a00000, 0x0000000706a00000|100%| E|CS|TS  1|AC  0|TAMS 0x0000000706900000, 0x0000000706900000|
| 106|0x0000000706a00000, 0x0000000706b00000, 0x0000000706b00000|100%| E|CS|TS  1|AC  0|TAMS 0x0000000706a00000, 0x0000000706a00000|
| 107|0x0000000706b00000, 0x0000000706c00000, 0x0000000706c00000|100%| E|CS|TS  1|AC  0|TAMS 0x0000000706b00000, 0x0000000706b00000|
| 108|0x0000000706c00000, 0x0000000706d00000, 0x0000000706d00000|100%| E|CS|TS  1|AC  0|TAMS 0x0000000706c00000, 0x0000000706c00000|
| 109|0x0000000706d00000, 0x0000000706e00000, 0x0000000706e00000|100%| E|CS|TS  1|AC  0|TAMS 0x0000000706d00000, 0x0000000706d00000|
| 110|0x0000000706e00000, 0x0000000706f00000, 0x0000000706f00000|100%| E|CS|TS  1|AC  0|TAMS 0x0000000706e00000, 0x0000000706e00000|
| 111|0x0000000706f00000, 0x0000000707000000, 0x0000000707000000|100%| E|CS|TS  1|AC  0|TAMS 0x0000000706f00000, 0x0000000706f00000|
| 112|0x0000000707000000, 0x0000000707100000, 0x0000000707100000|100%| E|CS|TS  1|AC  0|TAMS 0x0000000707000000, 0x0000000707000000|
| 113|0x0000000707100000, 0x0000000707200000, 0x0000000707200000|100%| E|CS|TS  1|AC  0|TAMS 0x0000000707100000, 0x0000000707100000|
| 114|0x0000000707200000, 0x0000000707300000, 0x0000000707300000|100%| E|CS|TS  1|AC  0|TAMS 0x0000000707200000, 0x0000000707200000|
| 115|0x0000000707300000, 0x0000000707400000, 0x0000000707400000|100%| E|CS|TS  1|AC  0|TAMS 0x0000000707300000, 0x0000000707300000|
| 116|0x0000000707400000, 0x0000000707500000, 0x0000000707500000|100%| E|CS|TS  1|AC  0|TAMS 0x0000000707400000, 0x0000000707400000|
| 117|0x0000000707500000, 0x0000000707600000, 0x0000000707600000|100%| E|CS|TS  1|AC  0|TAMS 0x0000000707500000, 0x0000000707500000|
| 118|0x0000000707600000, 0x0000000707700000, 0x0000000707700000|100%| E|CS|TS  1|AC  0|TAMS 0x0000000707600000, 0x0000000707600000|
| 119|0x0000000707700000, 0x0000000707800000, 0x0000000707800000|100%| E|CS|TS  1|AC  0|TAMS 0x0000000707700000, 0x0000000707700000|
| 120|0x0000000707800000, 0x0000000707900000, 0x0000000707900000|100%| E|CS|TS  1|AC  0|TAMS 0x0000000707800000, 0x0000000707800000|
| 121|0x0000000707900000, 0x0000000707a00000, 0x0000000707a00000|100%| E|CS|TS  1|AC  0|TAMS 0x0000000707900000, 0x0000000707900000|
| 122|0x0000000707a00000, 0x0000000707b00000, 0x0000000707b00000|100%| E|CS|TS  1|AC  0|TAMS 0x0000000707a00000, 0x0000000707a00000|
| 123|0x0000000707b00000, 0x0000000707c00000, 0x0000000707c00000|100%| E|CS|TS  1|AC  0|TAMS 0x0000000707b00000, 0x0000000707b00000|
| 124|0x0000000707c00000, 0x0000000707d00000, 0x0000000707d00000|100%| E|CS|TS  1|AC  0|TAMS 0x0000000707c00000, 0x0000000707c00000|
| 125|0x0000000707d00000, 0x0000000707e00000, 0x0000000707e00000|100%| E|CS|TS  1|AC  0|TAMS 0x0000000707d00000, 0x0000000707d00000|
| 126|0x0000000707e00000, 0x0000000707f00000, 0x0000000707f00000|100%| E|CS|TS  1|AC  0|TAMS 0x0000000707e00000, 0x0000000707e00000|
| 127|0x0000000707f00000, 0x0000000708000000, 0x0000000708000000|100%| E|CS|TS  1|AC  0|TAMS 0x0000000707f00000, 0x0000000707f00000|
| 128|0x0000000708000000, 0x0000000708100000, 0x0000000708100000|100%| E|CS|TS  1|AC  0|TAMS 0x0000000708000000, 0x0000000708000000|
| 129|0x0000000708100000, 0x0000000708200000, 0x0000000708200000|100%| E|CS|TS  1|AC  0|TAMS 0x0000000708100000, 0x0000000708100000|
| 130|0x0000000708200000, 0x0000000708300000, 0x0000000708300000|100%| E|CS|TS  1|AC  0|TAMS 0x0000000708200000, 0x0000000708200000|
| 131|0x0000000708300000, 0x0000000708400000, 0x0000000708400000|100%| E|CS|TS  1|AC  0|TAMS 0x0000000708300000, 0x0000000708300000|
| 132|0x0000000708400000, 0x0000000708500000, 0x0000000708500000|100%| E|CS|TS  1|AC  0|TAMS 0x0000000708400000, 0x0000000708400000|
| 133|0x0000000708500000, 0x0000000708600000, 0x0000000708600000|100%| E|CS|TS  1|AC  0|TAMS 0x0000000708500000, 0x0000000708500000|
| 134|0x0000000708600000, 0x0000000708700000, 0x0000000708700000|100%| E|CS|TS  1|AC  0|TAMS 0x0000000708600000, 0x0000000708600000|
| 135|0x0000000708700000, 0x0000000708800000, 0x0000000708800000|100%| E|CS|TS  1|AC  0|TAMS 0x0000000708700000, 0x0000000708700000|
| 136|0x0000000708800000, 0x0000000708900000, 0x0000000708900000|100%| E|CS|TS  1|AC  0|TAMS 0x0000000708800000, 0x0000000708800000|
| 137|0x0000000708900000, 0x0000000708a00000, 0x0000000708a00000|100%| E|CS|TS  1|AC  0|TAMS 0x0000000708900000, 0x0000000708900000|
| 138|0x0000000708a00000, 0x0000000708b00000, 0x0000000708b00000|100%| E|CS|TS  1|AC  0|TAMS 0x0000000708a00000, 0x0000000708a00000|
| 139|0x0000000708b00000, 0x0000000708c00000, 0x0000000708c00000|100%| E|CS|TS  1|AC  0|TAMS 0x0000000708b00000, 0x0000000708b00000|
| 140|0x0000000708c00000, 0x0000000708d00000, 0x0000000708d00000|100%| E|CS|TS  1|AC  0|TAMS 0x0000000708c00000, 0x0000000708c00000|
| 141|0x0000000708d00000, 0x0000000708e00000, 0x0000000708e00000|100%| E|CS|TS  1|AC  0|TAMS 0x0000000708d00000, 0x0000000708d00000|
| 142|0x0000000708e00000, 0x0000000708f00000, 0x0000000708f00000|100%| E|CS|TS  1|AC  0|TAMS 0x0000000708e00000, 0x0000000708e00000|
| 143|0x0000000708f00000, 0x0000000709000000, 0x0000000709000000|100%| E|CS|TS  1|AC  0|TAMS 0x0000000708f00000, 0x0000000708f00000|
| 144|0x0000000709000000, 0x0000000709100000, 0x0000000709100000|100%| E|CS|TS  1|AC  0|TAMS 0x0000000709000000, 0x0000000709000000|

Card table byte_map: [0x000001447c5e0000,0x000001447cbe0000] byte_map_base: 0x0000014478de0000

Marking Bits (Prev, Next): (CMBitMap*) 0x00000144613ea758, (CMBitMap*) 0x00000144613ea720
 Prev Bits: [0x0000014403000000, 0x0000014406000000)
 Next Bits: [0x0000014400000000, 0x0000014403000000)

Polling page: 0x000001445d310000

CodeHeap 'non-profiled nmethods': size=120000Kb used=15088Kb max_used=15088Kb free=104911Kb
 bounds [0x00000144750b0000, 0x0000014475f70000, 0x000001447c5e0000]
CodeHeap 'profiled nmethods': size=120000Kb used=37772Kb max_used=37772Kb free=82227Kb
 bounds [0x000001446db80000, 0x0000014470090000, 0x00000144750b0000]
CodeHeap 'non-nmethods': size=5760Kb used=1777Kb max_used=1833Kb free=3982Kb
 bounds [0x000001446d5e0000, 0x000001446d850000, 0x000001446db80000]
 total_blobs=24198 nmethods=14211 adapters=1103
 compilation: enabled

Compilation events (10 events):
Event: 130.686 Thread 0x0000014461e0c000 nmethod 17000 0x0000014470083510 code [0x0000014470083700, 0x0000014470083db0]
Event: 130.686 Thread 0x0000014461e0c000 17001       3       javax.swing.CompareTabOrderComparator::compare (25 bytes)
Event: 130.686 Thread 0x0000014461e0c000 nmethod 17001 0x0000014470083f10 code [0x00000144700840e0, 0x00000144700844f0]
Event: 130.693 Thread 0x0000014461e0c000 17002       3       java.awt.KeyboardFocusManager::fireVetoableChange (26 bytes)
Event: 130.693 Thread 0x00000144611fc800 17003   !   4       java.awt.KeyboardFocusManager::clearMostRecentFocusOwner (110 bytes)
Event: 130.693 Thread 0x0000014461e0c000 nmethod 17002 0x0000014470084610 code [0x0000014470084840, 0x00000144700850d0]
Event: 130.694 Thread 0x0000014461e0c000 17005       3       com.jidesoft.grid.FilterableTableModel::prepareFilters (421 bytes)
Event: 130.696 Thread 0x0000014461e0c000 nmethod 17005 0x0000014470085390 code [0x0000014470085740, 0x0000014470087c70]
Event: 130.696 Thread 0x0000014461e0c000 17006   !   3       com.jidesoft.grid.FilterableTableModel::fireIndexChanged (445 bytes)
Event: 130.697 Thread 0x0000014461405000 17008       4       java.util.concurrent.locks.ReentrantLock::lock (9 bytes)

GC Heap History (10 events):
Event: 125.389 GC heap before
{Heap before GC invocations=104 (full 3):
 garbage-first heap   total 146432K, used 143838K [0x0000000700000000, 0x0000000700100478, 0x00000007c0000000)
  region size 1024K, 60 young (61440K), 2 survivors (2048K)
 Metaspace       used 77489K, capacity 83066K, committed 83328K, reserved 1120256K
  class space    used 10908K, capacity 11863K, committed 11904K, reserved 1048576K
}
Event: 125.392 GC heap after
{Heap after GC invocations=105 (full 3):
 garbage-first heap   total 148480K, used 80500K [0x0000000700000000, 0x0000000700100488, 0x00000007c0000000)
  region size 1024K, 3 young (3072K), 3 survivors (3072K)
 Metaspace       used 77489K, capacity 83066K, committed 83328K, reserved 1120256K
  class space    used 10908K, capacity 11863K, committed 11904K, reserved 1048576K
}
Event: 126.405 GC heap before
{Heap before GC invocations=105 (full 3):
 garbage-first heap   total 148480K, used 138868K [0x0000000700000000, 0x0000000700100488, 0x00000007c0000000)
  region size 1024K, 60 young (61440K), 3 survivors (3072K)
 Metaspace       used 77523K, capacity 83130K, committed 83328K, reserved 1120256K
  class space    used 10908K, capacity 11863K, committed 11904K, reserved 1048576K
}
Event: 126.409 GC heap after
{Heap after GC invocations=106 (full 3):
 garbage-first heap   total 148480K, used 81126K [0x0000000700000000, 0x0000000700100488, 0x00000007c0000000)
  region size 1024K, 3 young (3072K), 3 survivors (3072K)
 Metaspace       used 77523K, capacity 83130K, committed 83328K, reserved 1120256K
  class space    used 10908K, capacity 11863K, committed 11904K, reserved 1048576K
}
Event: 128.762 GC heap before
{Heap before GC invocations=107 (full 3):
 garbage-first heap   total 148480K, used 128230K [0x0000000700000000, 0x0000000700100488, 0x00000007c0000000)
  region size 1024K, 50 young (51200K), 3 survivors (3072K)
 Metaspace       used 77569K, capacity 83194K, committed 83328K, reserved 1120256K
  class space    used 10908K, capacity 11863K, committed 11904K, reserved 1048576K
}
Event: 128.921 GC heap after
{Heap after GC invocations=108 (full 4):
 garbage-first heap   total 148480K, used 78830K [0x0000000700000000, 0x0000000700100488, 0x00000007c0000000)
  region size 1024K, 0 young (0K), 0 survivors (0K)
 Metaspace       used 77569K, capacity 83194K, committed 83328K, reserved 1120256K
  class space    used 10908K, capacity 11863K, committed 11904K, reserved 1048576K
}
Event: 129.510 GC heap before
{Heap before GC invocations=108 (full 4):
 garbage-first heap   total 148480K, used 140270K [0x0000000700000000, 0x0000000700100488, 0x00000007c0000000)
  region size 1024K, 60 young (61440K), 0 survivors (0K)
 Metaspace       used 77580K, capacity 83194K, committed 83328K, reserved 1120256K
  class space    used 10908K, capacity 11863K, committed 11904K, reserved 1048576K
}
Event: 129.512 GC heap after
{Heap after GC invocations=109 (full 4):
 garbage-first heap   total 148480K, used 79521K [0x0000000700000000, 0x0000000700100488, 0x00000007c0000000)
  region size 1024K, 1 young (1024K), 1 survivors (1024K)
 Metaspace       used 77580K, capacity 83194K, committed 83328K, reserved 1120256K
  class space    used 10908K, capacity 11863K, committed 11904K, reserved 1048576K
}
Event: 130.372 GC heap before
{Heap before GC invocations=110 (full 4):
 garbage-first heap   total 148480K, used 139937K [0x0000000700000000, 0x0000000700100488, 0x00000007c0000000)
  region size 1024K, 61 young (62464K), 1 survivors (1024K)
 Metaspace       used 77603K, capacity 83194K, committed 83328K, reserved 1120256K
  class space    used 10908K, capacity 11863K, committed 11904K, reserved 1048576K
}
Event: 130.374 GC heap after
{Heap after GC invocations=111 (full 4):
 garbage-first heap   total 148480K, used 79593K [0x0000000700000000, 0x0000000700100488, 0x00000007c0000000)
  region size 1024K, 1 young (1024K), 1 survivors (1024K)
 Metaspace       used 77603K, capacity 83194K, committed 83328K, reserved 1120256K
  class space    used 10908K, capacity 11863K, committed 11904K, reserved 1048576K
}

Deoptimization events (10 events):
Event: 115.662 Thread 0x00000144629ad800 Uncommon trap: reason=class_check action=maybe_recompile pc=0x0000014475ce9d20 method=ui.data.coregen.cP.finalize()V @ 1 c2
Event: 115.662 Thread 0x00000144629ad800 Uncommon trap: reason=class_check action=maybe_recompile pc=0x0000014475ce9d20 method=ui.data.coregen.cP.finalize()V @ 1 c2
Event: 115.707 Thread 0x0000014408bcf800 Uncommon trap: reason=unstable_if action=reinterpret pc=0x0000014475869fc0 method=ui.views.x.b.e.getChildren()Ljava/util/List; @ 4 c2
Event: 124.822 Thread 0x0000014466a6b000 Uncommon trap: reason=unstable_if action=reinterpret pc=0x00000144755e3d3c method=java.util.concurrent.locks.ReentrantLock$Sync.nonfairTryAcquire(I)Z @ 19 c2
Event: 129.464 Thread 0x0000014408bcf800 Uncommon trap: reason=class_check action=maybe_recompile pc=0x0000014475494b38 method=java.beans.ChangeListenerMap.add(Ljava/lang/String;Ljava/util/EventListener;)V @ 49 c2
Event: 129.493 Thread 0x0000014408bcf800 Uncommon trap: reason=unstable_if action=reinterpret pc=0x0000014475935508 method=javax.swing.text.html.parser.Parser.parseContent()V @ 271 c2
Event: 129.509 Thread 0x0000014408bcf800 Uncommon trap: reason=class_check action=maybe_recompile pc=0x0000014475d5146c method=javax.swing.JLabel.setDisplayedMnemonicIndex(I)V @ 19 c2
Event: 129.549 Thread 0x0000014408bcf800 Uncommon trap: reason=speculate_class_check action=maybe_recompile pc=0x0000014475aa349c method=java.awt.DefaultKeyboardFocusManager.dispatchEvent(Ljava/awt/AWTEvent;)Z @ 1467 c2
Event: 130.685 Thread 0x0000014408bcf800 Uncommon trap: reason=class_check action=maybe_recompile pc=0x00000144757467a4 method=java.awt.KeyboardFocusManager.clearMostRecentFocusOwner(Ljava/awt/Component;)V @ 67 c2
Event: 130.694 Thread 0x0000014408bcf800 Uncommon trap: reason=unstable_if action=reinterpret pc=0x0000014475e45e20 method=ui.data.design.g.agz()Lui/data/design/X; @ 11 c2

Classes redefined (0 events):
No events

Internal exceptions (10 events):
Event: 98.404 Thread 0x0000014413637800 Exception <a 'java/lang/InterruptedException'{0x0000000707701cd0}: sleep interrupted> (0x0000000707701cd0) thrown at [t:/workspace/hotspot/src/share/vm/prims/jvm.cpp, line 2984]
Event: 110.356 Thread 0x0000014409296000 Implicit null exception at 0x0000014475ca74e4 to 0x0000014475ca947d
Event: 112.762 Thread 0x0000014408bcf800 Exception <a 'java/lang/NoSuchMethodError'{0x000000070642c880}: method resolution failed> (0x000000070642c880) thrown at [t:/workspace/hotspot/src/share/vm/prims/methodHandles.cpp, line 1256]
Event: 112.762 Thread 0x0000014408bcf800 Exception <a 'java/lang/NoSuchMethodError'{0x0000000706430ba0}: java.lang.invoke.DelegatingMethodHandle$Holder.reinvoke_L(Ljava/lang/Object;Ljava/lang/Object;IILjava/lang/Object;Ljava/lang/Object;IIILjava/lang/Object;)Ljava/lang/Object;> (0x0000000706430b
Event: 112.763 Thread 0x0000014408bcf800 Exception <a 'java/lang/NoSuchMethodError'{0x000000070649d7f8}: java.lang.invoke.DirectMethodHandle$Holder.invokeSpecial(Ljava/lang/Object;Ljava/lang/Object;IIILjava/lang/Object;Ljava/lang/Object;IIILjava/lang/Object;)Ljava/lang/Object;> (0x000000070649d7
Event: 112.763 Thread 0x0000014408bcf800 Exception <a 'java/lang/NoSuchMethodError'{0x00000007064a1500}: java.lang.invoke.DelegatingMethodHandle$Holder.reinvoke_L(Ljava/lang/Object;IIILjava/lang/Object;Ljava/lang/Object;IIILjava/lang/Object;)Ljava/lang/Object;> (0x00000007064a1500) thrown at [t:
Event: 112.764 Thread 0x0000014408bcf800 Exception <a 'java/lang/NoSuchMethodError'{0x00000007064bf9c8}: method resolution failed> (0x00000007064bf9c8) thrown at [t:/workspace/hotspot/src/share/vm/prims/methodHandles.cpp, line 1256]
Event: 116.578 Thread 0x0000014413637800 Exception <a 'java/lang/InterruptedException'{0x00000007063b06a8}: sleep interrupted> (0x00000007063b06a8) thrown at [t:/workspace/hotspot/src/share/vm/prims/jvm.cpp, line 2984]
Event: 129.493 Thread 0x0000014408bcf800 Implicit null exception at 0x0000014475934bf1 to 0x00000144759354f3
Event: 130.487 Thread 0x0000014413634800 Exception <a 'java/lang/InterruptedException'{0x0000000706c02260}: sleep interrupted> (0x0000000706c02260) thrown at [t:/workspace/hotspot/src/share/vm/prims/jvm.cpp, line 2984]

Events (10 events):
Event: 130.374 Executing VM operation: G1IncCollectionPause done
Event: 130.409 Thread 0x0000014413633800 Thread exited: 0x0000014413633800
Event: 130.429 Executing VM operation: RevokeBias
Event: 130.429 Executing VM operation: RevokeBias done
Event: 130.685 Thread 0x0000014408bcf800 Uncommon trap: trap_request=0xffffffde fr.pc=0x00000144757467a4 relative=0x00000000000007e4
Event: 130.685 Thread 0x0000014408bcf800 DEOPT PACKING pc=0x00000144757467a4 sp=0x000000395cbf7500
Event: 130.685 Thread 0x0000014408bcf800 DEOPT UNPACKING pc=0x000001446d62df29 sp=0x000000395cbf74b8 mode 2
Event: 130.694 Thread 0x0000014408bcf800 Uncommon trap: trap_request=0xffffff5d fr.pc=0x0000014475e45e20 relative=0x0000000000000900
Event: 130.694 Thread 0x0000014408bcf800 DEOPT PACKING pc=0x0000014475e45e20 sp=0x000000395cbf7040
Event: 130.694 Thread 0x0000014408bcf800 DEOPT UNPACKING pc=0x000001446d62df29 sp=0x000000395cbf6f88 mode 2


Dynamic libraries:
0x00007ff787d80000 - 0x00007ff787db0000 	C:\Xilinx\Vivado\2018.3\bin\unwrapped\win64.o\vivado.exe
0x00007ffa53660000 - 0x00007ffa5384d000 	C:\Windows\SYSTEM32\ntdll.dll
0x00007ffa53570000 - 0x00007ffa53623000 	C:\Windows\System32\KERNEL32.DLL
0x00007ffa4f750000 - 0x00007ffa4f9e3000 	C:\Windows\System32\KERNELBASE.dll
0x00007ffa506d0000 - 0x00007ffa507ca000 	C:\Windows\System32\ucrtbase.dll
0x00007ffa40ce0000 - 0x00007ffa40d8a000 	C:\Windows\SYSTEM32\MSVCP140.dll
0x00007ffa40c90000 - 0x00007ffa40ca4000 	C:\Xilinx\Vivado\2018.3\lib\win64.o\librdi_commonmain.dll
0x00007ffa40cb0000 - 0x00007ffa40cc4000 	C:\Xilinx\Vivado\2018.3\lib\win64.o\libboost_signals.dll
0x00007ffa40d90000 - 0x00007ffa40da6000 	C:\Windows\SYSTEM32\VCRUNTIME140.dll
0x00007ffa062b0000 - 0x00007ffa07144000 	C:\Xilinx\Vivado\2018.3\lib\win64.o\librdi_common.dll
0x00007ffa50890000 - 0x00007ffa50a27000 	C:\Windows\System32\USER32.dll
0x00007ffa40c60000 - 0x00007ffa40c86000 	C:\Xilinx\Vivado\2018.3\lib\win64.o\libboost_filesystem.dll
0x00007ffa50870000 - 0x00007ffa50890000 	C:\Windows\System32\win32u.dll
0x00007ffa533e0000 - 0x00007ffa53483000 	C:\Windows\System32\ADVAPI32.dll
0x00007ffa40c50000 - 0x00007ffa40c5a000 	C:\Xilinx\Vivado\2018.3\lib\win64.o\librdi_commonversion.dll
0x00007ffa51be0000 - 0x00007ffa51c7e000 	C:\Windows\System32\msvcrt.dll
0x00007ffa517b0000 - 0x00007ffa517d9000 	C:\Windows\System32\GDI32.dll
0x00007ffa12b90000 - 0x00007ffa12cb1000 	C:\Xilinx\Vivado\2018.3\lib\win64.o\librdi_commonxillic.dll
0x00007ffa51710000 - 0x00007ffa517ae000 	C:\Windows\System32\sechost.dll
0x00007ffa50450000 - 0x00007ffa505ea000 	C:\Windows\System32\gdi32full.dll
0x00007ffa50f60000 - 0x00007ffa51082000 	C:\Windows\System32\RPCRT4.dll
0x00007ffa507d0000 - 0x00007ffa50870000 	C:\Windows\System32\msvcp_win.dll
0x000000006bbb0000 - 0x000000006bcdb000 	C:\Xilinx\Vivado\2018.3\lib\win64.o\tcl85t.dll
0x00007ffa51640000 - 0x00007ffa516ad000 	C:\Windows\System32\WS2_32.dll
0x00007ffa51e30000 - 0x00007ffa53320000 	C:\Windows\System32\SHELL32.dll
0x00007ffa104b0000 - 0x00007ffa1081e000 	C:\Xilinx\Vivado\2018.3\lib\win64.o\libCOIN-all.dll
0x00007ffa0f960000 - 0x00007ffa0fc15000 	C:\Xilinx\Vivado\2018.3\lib\win64.o\libXil_lmgr11.dll
0x00007ffa50620000 - 0x00007ffa5066a000 	C:\Windows\System32\cfgmgr32.dll
0x00007ffa50bb0000 - 0x00007ffa50cd7000 	C:\Windows\System32\COMDLG32.dll
0x00007ffa53330000 - 0x00007ffa533d8000 	C:\Windows\System32\shcore.dll
0x00007ffa518b0000 - 0x00007ffa51bdc000 	C:\Windows\System32\combase.dll
0x00007ffa40c30000 - 0x00007ffa40c44000 	C:\Xilinx\Vivado\2018.3\lib\win64.o\libboost_date_time.dll
0x00007ffa40bb0000 - 0x00007ffa40c2f000 	C:\Xilinx\Vivado\2018.3\lib\win64.o\libboost_program_options.dll
0x00007ffa4fd00000 - 0x00007ffa5044a000 	C:\Windows\System32\windows.storage.dll
0x00007ffa4f9f0000 - 0x00007ffa4fa6e000 	C:\Windows\System32\bcryptPrimitives.dll
0x00007ffa516b0000 - 0x00007ffa51702000 	C:\Windows\System32\SHLWAPI.dll
0x00007ffa4f700000 - 0x00007ffa4f724000 	C:\Windows\System32\profapi.dll
0x00007ffa10930000 - 0x00007ffa10a44000 	C:\Xilinx\Vivado\2018.3\lib\win64.o\libboost_regex.dll
0x00007ffa40ba0000 - 0x00007ffa40bab000 	C:\Xilinx\Vivado\2018.3\lib\win64.o\libboost_system.dll
0x00007ffa4f680000 - 0x00007ffa4f6dd000 	C:\Windows\System32\powrprof.dll
0x00007ffa517e0000 - 0x00007ffa518a4000 	C:\Windows\System32\OLEAUT32.dll
0x00007ffa4f6e0000 - 0x00007ffa4f6f1000 	C:\Windows\System32\kernel.appcore.dll
0x00007ffa50a50000 - 0x00007ffa50ba5000 	C:\Windows\System32\ole32.dll
0x00007ffa4f730000 - 0x00007ffa4f747000 	C:\Windows\System32\cryptsp.dll
0x00007ffa40b70000 - 0x00007ffa40b91000 	C:\Xilinx\Vivado\2018.3\lib\win64.o\libboost_thread.dll
0x00007ffa40b60000 - 0x00007ffa40b6f000 	C:\Xilinx\Vivado\2018.3\lib\win64.o\libboost_xilinx.dll
0x00007ffa50670000 - 0x00007ffa506c9000 	C:\Windows\System32\WINTRUST.dll
0x00007ffa4f660000 - 0x00007ffa4f672000 	C:\Windows\System32\MSASN1.dll
0x00007ffa25ad0000 - 0x00007ffa25b52000 	C:\Xilinx\Vivado\2018.3\lib\win64.o\libhdlpsolve.dll
0x00007ffa4fa70000 - 0x00007ffa4fc4b000 	C:\Windows\System32\CRYPT32.dll
0x00007ffa25460000 - 0x00007ffa25505000 	C:\Xilinx\Vivado\2018.3\lib\win64.o\libhdxml.dll
0x00007ffa05a60000 - 0x00007ffa062ae600 	C:\Xilinx\Vivado\2018.3\lib\win64.o\libisl_iostreams.dll
0x00007ffa40b00000 - 0x00007ffa40b2e000 	C:\Xilinx\Vivado\2018.3\lib\win64.o\libisl_sysinfo.dll
0x00007ffa26560000 - 0x00007ffa265c5000 	C:\Xilinx\Vivado\2018.3\lib\win64.o\liblmx6.0.dll
0x00007ffa40b40000 - 0x00007ffa40b5a000 	C:\Xilinx\Vivado\2018.3\lib\win64.o\pthreadVC2.dll
0x00007ffa3dd50000 - 0x00007ffa3dd6c000 	C:\Xilinx\Vivado\2018.3\lib\win64.o\librdiconfig.dll
0x00007ffa40ad0000 - 0x00007ffa40af1000 	C:\Xilinx\Vivado\2018.3\lib\win64.o\librdizlib.dll
0x0000000012000000 - 0x0000000012272000 	C:\Xilinx\Vivado\2018.3\lib\win64.o\xerces-c_3_1.dll
0x00007ffa3c070000 - 0x00007ffa3c087000 	C:\Windows\SYSTEM32\NETAPI32.dll
0x00007ffa3d1e0000 - 0x00007ffa3d725000 	C:\Windows\SYSTEM32\WININET.dll
0x00007ffa41a70000 - 0x00007ffa41b61000 	C:\Windows\SYSTEM32\WINHTTP.dll
0x00007ffa41d30000 - 0x00007ffa41f06000 	C:\Windows\SYSTEM32\urlmon.dll
0x00007ffa26ce0000 - 0x00007ffa26d89000 	C:\Windows\WinSxS\amd64_microsoft.windows.common-controls_6595b64144ccf1df_5.82.17763.503_none_10df0e8e64330b03\COMCTL32.dll
0x00007ffa3dc10000 - 0x00007ffa3dc19000 	C:\Windows\SYSTEM32\WSOCK32.dll
0x00007ffa04bc0000 - 0x00007ffa05a51000 	C:\Xilinx\Vivado\2018.3\lib\win64.o\gurobi65.dll
0x00007ffa2e9b0000 - 0x00007ffa2e9bd000 	C:\Xilinx\Vivado\2018.3\lib\win64.o\libboost_chrono.dll
0x00007ffa25a10000 - 0x00007ffa25a38000 	C:\Windows\SYSTEM32\VCOMP140.DLL
0x00007ffa47580000 - 0x00007ffa4759c000 	C:\Windows\SYSTEM32\dhcpcsvc.DLL
0x00007ffa51630000 - 0x00007ffa51638000 	C:\Windows\System32\NSI.dll
0x00007ffa25540000 - 0x00007ffa25565000 	C:\Xilinx\Vivado\2018.3\lib\win64.o\libisl_iosutils.dll
0x00007ffa2e990000 - 0x00007ffa2e9ab000 	C:\Xilinx\Vivado\2018.3\lib\win64.o\libboost_iostreams.dll
0x00007ffa41740000 - 0x00007ffa419e8000 	C:\Windows\SYSTEM32\iertutil.dll
0x00007ffa4f0b0000 - 0x00007ffa4f0bc000 	C:\Windows\SYSTEM32\CRYPTBASE.DLL
0x00007ffa4ed50000 - 0x00007ffa4ed5e000 	C:\Windows\SYSTEM32\NETUTILS.DLL
0x00007ffa50f30000 - 0x00007ffa50f5e000 	C:\Windows\System32\IMM32.DLL
0x00007ffa046c0000 - 0x00007ffa04bb5000 	C:\Xilinx\Vivado\2018.3\lib\win64.o\librdi_commontasks.dll
0x00007ffa3fd10000 - 0x00007ffa3fd1a000 	C:\Windows\SYSTEM32\VERSION.dll
0x000000006b180000 - 0x000000006bba5000 	C:\Xilinx\Vivado\2018.3\tps\win64\jre9.0.4\bin\server\jvm.dll
0x00007ffa0b070000 - 0x00007ffa0b2ef000 	C:\Xilinx\Vivado\2018.3\lib\win64.o\librdi_sio.dll
0x00007ffa53320000 - 0x00007ffa53328000 	C:\Windows\System32\PSAPI.DLL
0x00007ffa4ba60000 - 0x00007ffa4ba84000 	C:\Windows\SYSTEM32\WINMM.dll
0x00007ffa4ec40000 - 0x00007ffa4ec7d000 	C:\Windows\SYSTEM32\IPHLPAPI.DLL
0x00007ffa4ba00000 - 0x00007ffa4ba2d000 	C:\Windows\SYSTEM32\WINMMBASE.dll
0x00007ffa127b0000 - 0x00007ffa1289f000 	C:\Xilinx\Vivado\2018.3\tps\win64\jre9.0.4\bin\MSVCR120.dll
0x00007ffa4eee0000 - 0x00007ffa4ef47000 	C:\Windows\SYSTEM32\MSWSOCK.DLL
0x00007ffa022f0000 - 0x00007ffa046b2000 	C:\Xilinx\Vivado\2018.3\lib\win64.o\librdi_tcltasks.dll
0x00007ffa0f6e0000 - 0x00007ffa0f85e000 	C:\Xilinx\Vivado\2018.3\lib\win64.o\librdi_board.dll
0x00007ffa238b0000 - 0x00007ffa2391a000 	C:\Xilinx\Vivado\2018.3\lib\win64.o\librdi_boarddep.dll
0x00007ffa01f10000 - 0x00007ffa022ec000 	C:\Xilinx\Vivado\2018.3\lib\win64.o\librdi_bitstream.dll
0x00007ffa12ab0000 - 0x00007ffa12b8c000 	C:\Xilinx\Vivado\2018.3\lib\win64.o\librdi_chipscope.dll
0x00007ffa080a0000 - 0x00007ffa08259000 	C:\Xilinx\Vivado\2018.3\lib\win64.o\librdi_chipscopeimpl.dll
0x00007ffa10110000 - 0x00007ffa10258000 	C:\Xilinx\Vivado\2018.3\lib\win64.o\librdi_containers.dll
0x00007ffa00600000 - 0x00007ffa01f05000 	C:\Xilinx\Vivado\2018.3\lib\win64.o\librdi_constraints.dll
0x00007ff9fe7e0000 - 0x00007ffa005ff000 	C:\Xilinx\Vivado\2018.3\lib\win64.o\librdi_coregen.dll
0x00007ff9fe100000 - 0x00007ff9fe7da000 	C:\Xilinx\Vivado\2018.3\lib\win64.o\librdi_coregenipxact.dll
0x00007ff9fa300000 - 0x00007ff9fe0fb000 	C:\Xilinx\Vivado\2018.3\lib\win64.o\librdi_designutils.dll
0x00007ff9e95a0000 - 0x00007ff9fa2f2000 	C:\Xilinx\Vivado\2018.3\lib\win64.o\librdi_device.dll
0x00007ff9e9280000 - 0x00007ff9e959b000 	C:\Xilinx\Vivado\2018.3\lib\win64.o\librdi_dlyest.dll
0x00007ff9e8d20000 - 0x00007ff9e9280000 	C:\Xilinx\Vivado\2018.3\lib\win64.o\librdi_drc.dll
0x00007ffa0afa0000 - 0x00007ffa0b062000 	C:\Xilinx\Vivado\2018.3\lib\win64.o\librdi_dsp.dll
0x00007ff9e8400000 - 0x00007ff9e86da000 	C:\Xilinx\Vivado\2018.3\lib\win64.o\librdi_guitools.dll
0x00007ff9e86e0000 - 0x00007ff9e8d1f000 	C:\Xilinx\Vivado\2018.3\lib\win64.o\librdi_filemgmt.dll
0x00007ffa23850000 - 0x00007ffa238ad000 	C:\Xilinx\Vivado\2018.3\lib\win64.o\librdi_hdf.dll
0x00007ff9e6a40000 - 0x00007ff9e7055000 	C:\Xilinx\Vivado\2018.3\lib\win64.o\librdi_memdata.dll
0x00007ff9e7060000 - 0x00007ff9e83f1000 	C:\Xilinx\Vivado\2018.3\lib\win64.o\librdi_implflow.dll
0x00007ffa10050000 - 0x00007ffa100c1000 	C:\Xilinx\Vivado\2018.3\lib\win64.o\librdi_memoryarray.dll
0x00007ff9e3090000 - 0x00007ff9e6a3c000 	C:\Xilinx\Vivado\2018.3\lib\win64.o\librdi_mig.dll
0x00007ff9e2a50000 - 0x00007ff9e308b000 	C:\Xilinx\Vivado\2018.3\lib\win64.o\librdi_netlist.dll
0x00007ffa102c0000 - 0x00007ffa10310000 	C:\Xilinx\Vivado\2018.3\lib\win64.o\librdi_pfi.dll
0x00007ff9e0530000 - 0x00007ff9e2a44000 	C:\Xilinx\Vivado\2018.3\lib\win64.o\librdi_place.dll
0x00007ff9e0220000 - 0x00007ff9e0527000 	C:\Xilinx\Vivado\2018.3\lib\win64.o\librdi_platform.dll
0x00007ff9dfb20000 - 0x00007ff9e0215000 	C:\Xilinx\Vivado\2018.3\lib\win64.o\librdi_power.dll
0x00007ff9df5c0000 - 0x00007ff9dfb16000 	C:\Xilinx\Vivado\2018.3\lib\win64.o\librdi_project.dll
0x00007ff9deec0000 - 0x00007ff9df5b3000 	C:\Xilinx\Vivado\2018.3\lib\win64.o\librdi_psta.dll
0x00007ff9de7e0000 - 0x00007ff9deeb9000 	C:\Xilinx\Vivado\2018.3\lib\win64.o\librdi_rsb.dll
0x00007ffa07a80000 - 0x00007ffa07b58000 	C:\Xilinx\Vivado\2018.3\lib\win64.o\librdi_runsbase.dll
0x00007ff9de1d0000 - 0x00007ff9de3f8000 	C:\Xilinx\Vivado\2018.3\lib\win64.o\librdi_simdata.dll
0x00007ff9dd440000 - 0x00007ff9de1cd000 	C:\Xilinx\Vivado\2018.3\lib\win64.o\librdi_timing.dll
0x00007ffa07730000 - 0x00007ffa07884000 	C:\Xilinx\Vivado\2018.3\lib\win64.o\librdi_advchipscopeimpl.dll
0x00007ff9de400000 - 0x00007ff9de7d7000 	C:\Xilinx\Vivado\2018.3\lib\win64.o\librdi_runs.dll
0x00007ffa0f910000 - 0x00007ffa0f95c000 	C:\Xilinx\Vivado\2018.3\lib\win64.o\libboost_serialization.dll
0x00007ffa07310000 - 0x00007ffa073c8000 	C:\Xilinx\Vivado\2018.3\lib\win64.o\librdi_hip_devdesign.dll
0x00007ffa079d0000 - 0x00007ffa07a7b000 	C:\Xilinx\Vivado\2018.3\lib\win64.o\librdi_ipconfig_readwrite.dll
0x00007ffa10010000 - 0x00007ffa10048000 	C:\Xilinx\Vivado\2018.3\lib\win64.o\librdi_noc_frameworks.dll
0x00007ff9dbfe0000 - 0x00007ff9dcb27000 	C:\Xilinx\Vivado\2018.3\lib\win64.o\libverific.dll
0x00007ff9dd080000 - 0x00007ff9dd435000 	C:\Xilinx\Vivado\2018.3\lib\win64.o\librdi_hip_config.dll
0x00007ff9dcb30000 - 0x00007ff9dd07e000 	C:\Xilinx\Vivado\2018.3\lib\win64.o\librdi_xdm.dll
0x00007ffa0af00000 - 0x00007ffa0af9e000 	C:\Xilinx\Vivado\2018.3\lib\win64.o\libise.dll

VM Arguments:
jvm_args: -Dsun.java2d.pmoffscreen=false -Dsun.java2d.xrender=false -Dsun.java2d.d3d=false -Dsun.awt.nopixfmt=true -Dsun.java2d.dpiaware=true -Dsun.java2d.uiScale.enabled=false -Xverify:none -Dswing.aatext=true -XX:-UsePerfData -Djdk.map.althashing.threshold=512 -XX:StringTableSize=4072 --add-opens=java.base/java.nio=ALL-UNNAMED --add-opens=java.desktop/sun.swing=ALL-UNNAMED --add-opens=java.desktop/javax.swing=ALL-UNNAMED --add-opens=java.desktop/javax.swing.tree=ALL-UNNAMED --add-opens=java.desktop/javax.swing.plaf.basic=ALL-UNNAMED --add-opens=java.desktop/javax.swing.plaf.synth=ALL-UNNAMED --add-opens=java.desktop/com.sun.awt=ALL-UNNAMED -XX:NewSize=60m -XX:MaxNewSize=60m -Xms128m -Xmx3072m -Xss5m 
java_command: <unknown>
java_class_path (initial): C:/Xilinx/Vivado/2018.3\lib\classes\alloy.jar;C:/Xilinx/Vivado/2018.3\lib\classes\autopilot.scelaborator.jar;C:/Xilinx/Vivado/2018.3\lib\classes\autopilot.sourceprocessor.jar;C:/Xilinx/Vivado/2018.3\lib\classes\autopilot.tbprocessor.jar;C:/Xilinx/Vivado/2018.3\lib\classes\batik-anim.jar;C:/Xilinx/Vivado/2018.3\lib\classes\batik-awt-util.jar;C:/Xilinx/Vivado/2018.3\lib\classes\batik-bridge.jar;C:/Xilinx/Vivado/2018.3\lib\classes\batik-codec.jar;C:/Xilinx/Vivado/2018.3\lib\classes\batik-css.jar;C:/Xilinx/Vivado/2018.3\lib\classes\batik-dom.jar;C:/Xilinx/Vivado/2018.3\lib\classes\batik-ext.jar;C:/Xilinx/Vivado/2018.3\lib\classes\batik-gui-util.jar;C:/Xilinx/Vivado/2018.3\lib\classes\batik-gvt.jar;C:/Xilinx/Vivado/2018.3\lib\classes\batik-parser.jar;C:/Xilinx/Vivado/2018.3\lib\classes\batik-script.jar;C:/Xilinx/Vivado/2018.3\lib\classes\batik-svg-dom.jar;C:/Xilinx/Vivado/2018.3\lib\classes\batik-swing.jar;C:/Xilinx/Vivado/2018.3\lib\classes\batik-transcoder.jar;C:/Xilinx/Vivado/2018.3\lib\classes\batik-util.jar;C:/Xilinx/Vivado/2018.3\lib\classes\batik-xml.jar;C:/Xilinx/Vivado/2018.3\lib\classes\com.ibm.icu_4.4.2.v20110208.jar;C:/Xilinx/Vivado/2018.3\lib\classes\commons-collections4-4.1.jar;C:/Xilinx/Vivado/2018.3\lib\classes\commons-math-2.2.jar;C:/Xilinx/Vivado/2018.3\lib\classes\dom4j-1.6.1.jar;C:/Xilinx/Vivado/2018.3\lib\classes\guava-18.0.jar;C:/Xilinx/Vivado/2018.3\lib\classes\help.jar;C:/Xilinx/Vivado/2018.3\lib\classes\hsqldb.jar;C:/Xilinx/Vivado/2018.3\lib\classes\jargs.jar;C:/Xilinx/Vivado/2018.3\lib\classes\jaxb-api-2.3.0.jar;C:/Xilinx/Vivado/2018.3\lib\classes\jh.jar;C:/Xilinx/Vivado/2018.3\lib\classes\jide-action.jar;C:/Xilinx/Vivado/2018.3\lib\classes\jide-charts.jar;C:/Xilinx/Vivado/2018.3\lib\classes\jide-common.jar;C:/Xilinx/Vivado/2018.3\lib\classes\jide-components.jar;C:/Xilinx/Vivado/2018.3\lib\classes\jide-dashboard.jar;C:/Xilinx/Vivado/2018.3\lib\classes\jide-data.jar;C:/Xilinx/Vivado/2018.3\lib\classes\jide-dialogs.jar
Launcher Type: generic

Logging:
Log output configuration:
#0: stdout all=warning uptime,level,tags
#1: stderr all=off uptime,level,tags

Environment Variables:
PATH=C:/Xilinx/Vivado/2018.3/bin;C:/Xilinx/Vivado/2018.3/lib/win64.o;C:/Xilinx/Vivado/2018.3/tps/win64/jre9.0.4/bin/server;C:/Xilinx/Vivado/2018.3/tps/win64/jre9.0.4/bin;C:/Xilinx/SDK/2018.3/bin;C:/Xilinx/Vivado/2018.3/ids_lite/ISE/bin/nt64;C:/Xilinx/Vivado/2018.3/ids_lite/ISE/lib/nt64;C:\Windows\system32;C:\Windows;C:\Windows\System32\Wbem;C:\Windows\System32\WindowsPowerShell\v1.0\;C:\Windows\System32\OpenSSH\;C:\Program Files\PuTTY\;C:\Program Files\Git\cmd;C:\Users\Sawaphob Chavana\AppData\Local\Microsoft\WindowsApps;;C:/Xilinx/Vivado/2018.3\tps\mingw\6.2.0\win64.o\nt\bin;C:/Xilinx/Vivado/2018.3\tps\mingw\6.2.0\win64.o\nt\libexec\gcc\x86_64-w64-mingw32\6.2.0
USERNAME=Sawaphob Chavana
OS=Windows_NT
PROCESSOR_IDENTIFIER=Intel64 Family 6 Model 142 Stepping 10, GenuineIntel



---------------  S Y S T E M  ---------------

OS: Windows 10 , 64 bit Build 17763 (10.0.17763.475)

CPU:total 8 (initial active 8) (4 cores per cpu, 2 threads per core) family 6 model 142 stepping 10, cmov, cx8, fxsr, mmx, sse, sse2, sse3, ssse3, sse4.1, sse4.2, popcnt, avx, avx2, aes, clmul, erms, 3dnowpref, lzcnt, ht, tsc, tscinvbit, bmi1, bmi2, adx, fma

Memory: 4k page, physical 8228964k(2844268k free), swap 9801828k(3697480k free)

vm_info: Java HotSpot(TM) 64-Bit Server VM (9.0.4+11) for windows-amd64 JRE (9.0.4+11), built on Dec 20 2017 02:18:54 by "mach5one" with MS VC++ 12.0 (VS2013)

END.
