#
# A fatal error has been detected by the Java Runtime Environment:
#
#  EXCEPTION_ACCESS_VIOLATION (0xc0000005) at pc=0x00007ff9e8851c60, pid=6800, tid=8804
#
# JRE version: Java(TM) SE Runtime Environment (9.0+11) (build 9.0.4+11)
# Java VM: Java HotSpot(TM) 64-Bit Server VM (9.0.4+11, mixed mode, tiered, compressed oops, g1 gc, windows-amd64)
# Problematic frame:
# C  [librdi_filemgmt.dll+0x171c60]
#
# No core dump will be written. Minidumps are not enabled by default on client versions of Windows
#
# If you would like to submit a bug report, please visit:
#   http://bugreport.java.com/bugreport/crash.jsp
# The crash happened outside the Java Virtual Machine in native code.
# See problematic frame for where to report the bug.
#

---------------  S U M M A R Y ------------

Command Line: -Dsun.java2d.pmoffscreen=false -Dsun.java2d.xrender=false -Dsun.java2d.d3d=false -Dsun.awt.nopixfmt=true -Dsun.java2d.dpiaware=true -Dsun.java2d.uiScale.enabled=false -Xverify:none -Dswing.aatext=true -XX:-UsePerfData -Djdk.map.althashing.threshold=512 -XX:StringTableSize=4072 --add-opens=java.base/java.nio=ALL-UNNAMED --add-opens=java.desktop/sun.swing=ALL-UNNAMED --add-opens=java.desktop/javax.swing=ALL-UNNAMED --add-opens=java.desktop/javax.swing.tree=ALL-UNNAMED --add-opens=java.desktop/javax.swing.plaf.basic=ALL-UNNAMED --add-opens=java.desktop/javax.swing.plaf.synth=ALL-UNNAMED --add-opens=java.desktop/com.sun.awt=ALL-UNNAMED -XX:NewSize=60m -XX:MaxNewSize=60m -Xms128m -Xmx3072m -Xss5m 

Host: Intel(R) Core(TM) i5-8259U CPU @ 2.30GHz, 8 cores, 7G,  Windows 10 , 64 bit Build 17763 (10.0.17763.475)
Time: Tue May 21 08:45:50 2019 SE Asia Standard Time elapsed time: 2586 seconds (0d 0h 43m 6s)

---------------  T H R E A D  ---------------

Current thread (0x0000014b6761a800):  JavaThread "AWT-EventQueue-1" [_thread_in_native, id=8804, stack(0x0000004861b00000,0x0000004862000000)]

Stack: [0x0000004861b00000,0x0000004862000000],  sp=0x0000004861ff6c28,  free space=5083k
Native frames: (J=compiled Java code, j=interpreted, Vv=VM code, C=native code)
C  [librdi_filemgmt.dll+0x171c60]

Java frames: (J=compiled Java code, j=interpreted, Vv=VM code)
J 14132  ui.data.designgraph.designgraphi.Node_getElementPrimaryName(J)Ljava/lang/String; (0 bytes) @ 0x0000014b55e2d1a1 [0x0000014b55e2d160+0x0000000000000041]
J 22025 c2 ui.data.design.g.ct(Z)Ljava/lang/String; (196 bytes) @ 0x0000014b567bf4bc [0x0000014b567bf3a0+0x000000000000011c]
J 23398 c2 ui.data.design.g.getName()Ljava/lang/String; (6 bytes) @ 0x0000014b56ba0254 [0x0000014b56ba0220+0x0000000000000034]
J 23227 c1 ui.views.cn.fcX()V (71 bytes) @ 0x0000014b508adaa4 [0x0000014b508ad6c0+0x00000000000003e4]
J 16243 c1 ui.views.cn.a(Lui/frmwork/b/a;)V (104 bytes) @ 0x0000014b4ee2865c [0x0000014b4ee28240+0x000000000000041c]
J 21954 c1 ui.views.R.hj.a(Lui/frmwork/b/a;)V (6 bytes) @ 0x0000014b5023d234 [0x0000014b5023d1c0+0x0000000000000074]
J 20264 c2 ui.frmwork.b.c.g(Lui/frmwork/b/a;)V (94 bytes) @ 0x0000014b565ba924 [0x0000014b565ba7a0+0x0000000000000184]
J 16233 c1 ui.frmwork.b.c.b(Lui/frmwork/b/a;)V (64 bytes) @ 0x0000014b4ee7b064 [0x0000014b4ee7ac20+0x0000000000000444]
J 18402 c1 ui.data.bs.a(Ljava/lang/Object;Ljava/lang/Object;)V (60 bytes) @ 0x0000014b4efc08f4 [0x0000014b4efc04e0+0x0000000000000414]
J 19981 c1 ui.data.bs.z(Ljava/lang/Object;)V (7 bytes) @ 0x0000014b4f9d6dbc [0x0000014b4f9d6cc0+0x00000000000000fc]
j  ui.data.bs.a(Ljava/util/Iterator;Ljava/lang/Object;)V+17
j  ui.data.be.a(Ljava/util/Iterator;Ljava/lang/Object;)V+35
j  ui.views.R.w.cIp()V+15
j  ui.views.R.w.XS()V+114
j  ui.b.c.g.actionPerformed(Ljava/awt/event/ActionEvent;)V+44
j  javax.swing.AbstractButton.fireActionPerformed(Ljava/awt/event/ActionEvent;)V+84 java.desktop@9.0.4
j  ui.utils.o.b.a.fireActionPerformed(Ljava/awt/event/ActionEvent;)V+7
j  javax.swing.AbstractButton$Handler.actionPerformed(Ljava/awt/event/ActionEvent;)V+5 java.desktop@9.0.4
j  javax.swing.DefaultButtonModel.fireActionPerformed(Ljava/awt/event/ActionEvent;)V+34 java.desktop@9.0.4
J 20728 c1 javax.swing.DefaultButtonModel.setPressed(Z)V java.desktop@9.0.4 (125 bytes) @ 0x0000014b4e90fd44 [0x0000014b4e90ee80+0x0000000000000ec4]
j  javax.swing.AbstractButton.doClick(I)V+60 java.desktop@9.0.4
j  javax.swing.plaf.basic.BasicRootPaneUI$Actions.actionPerformed(Ljava/awt/event/ActionEvent;)V+158 java.desktop@9.0.4
j  javax.swing.SwingUtilities.notifyAction(Ljavax/swing/Action;Ljavax/swing/KeyStroke;Ljava/awt/event/KeyEvent;Ljava/lang/Object;I)Z+113 java.desktop@9.0.4
J 15924 c2 javax.swing.JComponent.processKeyBinding(Ljavax/swing/KeyStroke;Ljava/awt/event/KeyEvent;IZ)Z java.desktop@9.0.4 (78 bytes) @ 0x0000014b560e735c [0x0000014b560e6ac0+0x000000000000089c]
J 15986 c1 javax.swing.KeyboardManager.fireBinding(Ljavax/swing/JComponent;Ljavax/swing/KeyStroke;Ljava/awt/event/KeyEvent;Z)V java.desktop@9.0.4 (17 bytes) @ 0x0000014b4e678674 [0x0000014b4e678560+0x0000000000000114]
j  javax.swing.KeyboardManager.fireKeyboardAction(Ljava/awt/event/KeyEvent;ZLjava/awt/Container;)Z+202 java.desktop@9.0.4
J 19667 c2 javax.swing.JComponent.processKeyBindings(Ljava/awt/event/KeyEvent;Z)Z java.desktop@9.0.4 (236 bytes) @ 0x0000014b564f0944 [0x0000014b564f0640+0x0000000000000304]
J 16966 c1 javax.swing.JComponent.processKeyEvent(Ljava/awt/event/KeyEvent;)V java.desktop@9.0.4 (62 bytes) @ 0x0000014b4e4ca6d4 [0x0000014b4e4ca200+0x00000000000004d4]
J 21722 c2 java.awt.Container.processEvent(Ljava/awt/AWTEvent;)V java.desktop@9.0.4 (22 bytes) @ 0x0000014b5675036c [0x0000014b5674f360+0x000000000000100c]
J 23750 c2 java.awt.Component.dispatchEventImpl(Ljava/awt/AWTEvent;)V java.desktop@9.0.4 (739 bytes) @ 0x0000014b55f45964 [0x0000014b55f45100+0x0000000000000864]
J 15702 c2 java.awt.Container.dispatchEventImpl(Ljava/awt/AWTEvent;)V java.desktop@9.0.4 (129 bytes) @ 0x0000014b5604f7e4 [0x0000014b5604f760+0x0000000000000084]
J 16702 c1 java.awt.DefaultKeyboardFocusManager.dispatchKeyEvent(Ljava/awt/event/KeyEvent;)Z java.desktop@9.0.4 (192 bytes) @ 0x0000014b4e15812c [0x0000014b4e156fa0+0x000000000000118c]
J 16552 c1 java.awt.DefaultKeyboardFocusManager.preDispatchKeyEvent(Ljava/awt/event/KeyEvent;)Z java.desktop@9.0.4 (141 bytes) @ 0x0000014b503583f4 [0x0000014b50356da0+0x0000000000001654]
J 16198 c1 java.awt.DefaultKeyboardFocusManager.typeAheadAssertions(Ljava/awt/Component;Ljava/awt/AWTEvent;)Z java.desktop@9.0.4 (356 bytes) @ 0x0000014b4f3f8d34 [0x0000014b4f3f6ae0+0x0000000000002254]
J 20013 c2 java.awt.DefaultKeyboardFocusManager.dispatchEvent(Ljava/awt/AWTEvent;)Z java.desktop@9.0.4 (1616 bytes) @ 0x0000014b56551340 [0x0000014b56551140+0x0000000000000200]
J 23750 c2 java.awt.Component.dispatchEventImpl(Ljava/awt/AWTEvent;)V java.desktop@9.0.4 (739 bytes) @ 0x0000014b55f45340 [0x0000014b55f45100+0x0000000000000240]
J 15702 c2 java.awt.Container.dispatchEventImpl(Ljava/awt/AWTEvent;)V java.desktop@9.0.4 (129 bytes) @ 0x0000014b5604f7e4 [0x0000014b5604f760+0x0000000000000084]
J 16715 c2 java.awt.Window.dispatchEventImpl(Ljava/awt/AWTEvent;)V java.desktop@9.0.4 (23 bytes) @ 0x0000014b555a148c [0x0000014b555a1440+0x000000000000004c]
J 14232 c2 java.awt.EventQueue$3.run()Ljava/lang/Object; java.desktop@9.0.4 (5 bytes) @ 0x0000014b55e74298 [0x0000014b55e73c80+0x0000000000000618]
v  ~StubRoutines::call_stub
J 2914  java.security.AccessController.doPrivileged(Ljava/security/PrivilegedAction;Ljava/security/AccessControlContext;)Ljava/lang/Object; java.base@9.0.4 (0 bytes) @ 0x0000014b5543f346 [0x0000014b5543f2e0+0x0000000000000066]
J 16074 c2 java.awt.EventQueue$4.run()Ljava/lang/Object; java.desktop@9.0.4 (5 bytes) @ 0x0000014b56126ac0 [0x0000014b56126860+0x0000000000000260]
v  ~StubRoutines::call_stub
J 2914  java.security.AccessController.doPrivileged(Ljava/security/PrivilegedAction;Ljava/security/AccessControlContext;)Ljava/lang/Object; java.base@9.0.4 (0 bytes) @ 0x0000014b5543f346 [0x0000014b5543f2e0+0x0000000000000066]
J 14141 c2 ui.frmwork.b.d.dispatchEvent(Ljava/awt/AWTEvent;)V (34 bytes) @ 0x0000014b55e3d534 [0x0000014b55e3d1a0+0x0000000000000394]
J 15331 c2 java.awt.EventDispatchThread.pumpOneEventForFilters(I)V java.desktop@9.0.4 (218 bytes) @ 0x0000014b55fd41b0 [0x0000014b55fd3660+0x0000000000000b50]
J 21858 c2 java.awt.EventDispatchThread.pumpEventsForFilter(ILjava/awt/Conditional;Ljava/awt/EventFilter;)V java.desktop@9.0.4 (47 bytes) @ 0x0000014b5678438c [0x0000014b567841e0+0x00000000000001ac]
j  java.awt.EventDispatchThread.pumpEventsForFilter(Ljava/awt/Conditional;Ljava/awt/EventFilter;)V+4 java.desktop@9.0.4
j  java.awt.WaitDispatchSupport$2.run()V+59 java.desktop@9.0.4
j  java.awt.WaitDispatchSupport$4.run()Ljava/lang/Void;+4 java.desktop@9.0.4
j  java.awt.WaitDispatchSupport$4.run()Ljava/lang/Object;+1 java.desktop@9.0.4
v  ~StubRoutines::call_stub
J 949  java.security.AccessController.doPrivileged(Ljava/security/PrivilegedAction;)Ljava/lang/Object; java.base@9.0.4 (0 bytes) @ 0x0000014b55302cb2 [0x0000014b55302c60+0x0000000000000052]
j  java.awt.WaitDispatchSupport.enter()Z+260 java.desktop@9.0.4
j  java.awt.Dialog.show()V+225 java.desktop@9.0.4
J 23424 c1 java.awt.Window.setVisible(Z)V java.desktop@9.0.4 (6 bytes) @ 0x0000014b50994484 [0x0000014b50994260+0x0000000000000224]
j  java.awt.Dialog.setVisible(Z)V+2 java.desktop@9.0.4
j  ui.b.c.g.setVisible(Z)V+2
j  ui.b.c.g.a(IILjava/awt/Component;)V+641
j  ui.b.c.g.a(IIZLjava/awt/Component;)V+90
j  ui.b.c.g.bE(II)V+5
j  ui.b.c.g.showDialog()V+3
j  ui.views.R.hq.b(I)V+50
j  ui.b.c.bx.y()V+200
j  ui.b.c.bG.finished()V+4
J 16897 c1 ui.frmwork.x.run()V (15 bytes) @ 0x0000014b4e2bcf4c [0x0000014b4e2bcde0+0x000000000000016c]
J 14232 c2 java.awt.EventQueue$3.run()Ljava/lang/Object; java.desktop@9.0.4 (5 bytes) @ 0x0000014b55e741ec [0x0000014b55e73c80+0x000000000000056c]
v  ~StubRoutines::call_stub
J 2914  java.security.AccessController.doPrivileged(Ljava/security/PrivilegedAction;Ljava/security/AccessControlContext;)Ljava/lang/Object; java.base@9.0.4 (0 bytes) @ 0x0000014b5543f346 [0x0000014b5543f2e0+0x0000000000000066]
J 14141 c2 ui.frmwork.b.d.dispatchEvent(Ljava/awt/AWTEvent;)V (34 bytes) @ 0x0000014b55e3d70c [0x0000014b55e3d1a0+0x000000000000056c]
J 15331 c2 java.awt.EventDispatchThread.pumpOneEventForFilters(I)V java.desktop@9.0.4 (218 bytes) @ 0x0000014b55fd41b0 [0x0000014b55fd3660+0x0000000000000b50]
J 19661% c2 java.awt.EventDispatchThread.pumpEventsForFilter(ILjava/awt/Conditional;Ljava/awt/EventFilter;)V java.desktop@9.0.4 (47 bytes) @ 0x0000014b564ec4c0 [0x0000014b564ec3c0+0x0000000000000100]
j  java.awt.EventDispatchThread.pumpEventsForHierarchy(ILjava/awt/Conditional;Ljava/awt/Component;)V+11 java.desktop@9.0.4
j  java.awt.EventDispatchThread.pumpEvents(ILjava/awt/Conditional;)V+4 java.desktop@9.0.4
j  java.awt.EventDispatchThread.pumpEvents(Ljava/awt/Conditional;)V+3 java.desktop@9.0.4
j  java.awt.EventDispatchThread.run()V+9 java.desktop@9.0.4
v  ~StubRoutines::call_stub

siginfo: EXCEPTION_ACCESS_VIOLATION (0xc0000005), reading address 0x0000000000000278


Register to memory mapping:

RIP=0x00007ff9e8851c60 librdi_filemgmt.dll
RAX=0x000000008000010c is an unknown value
RBX=0x0000014b7e495320 is an unknown value
RCX=0x0000000000000000 is an unknown value
RDX=0x0000000000000038 is an unknown value
RSP=0x0000004861ff6c28 is pointing into the stack for thread: 0x0000014b6761a800
RBP=0x0000004861ff6dc0 is pointing into the stack for thread: 0x0000014b6761a800
RSI=0x0000014b6761aa18 is an unknown value
RDI=0x00000000000000ad is an unknown value
R8 =0x0000014b43399140 is an unknown value
R9 =0x00000000e1533301 is an unknown value
R10=0x00007ff9e88f41b0 librdi_filemgmt.dll
R11=0x0000000000000000 is an unknown value
R12=0x0000000000000000 is an unknown value
R13=0x0000014b508ad9ec is at entry_point+812 in (nmethod*)0x0000014b508ad110
R14=0x0000004861ff6db0 is pointing into the stack for thread: 0x0000014b6761a800
R15=0x0000014b6761a800 is a thread


Registers:
RAX=0x000000008000010c, RBX=0x0000014b7e495320, RCX=0x0000000000000000, RDX=0x0000000000000038
RSP=0x0000004861ff6c28, RBP=0x0000004861ff6dc0, RSI=0x0000014b6761aa18, RDI=0x00000000000000ad
R8 =0x0000014b43399140, R9 =0x00000000e1533301, R10=0x00007ff9e88f41b0, R11=0x0000000000000000
R12=0x0000000000000000, R13=0x0000014b508ad9ec, R14=0x0000004861ff6db0, R15=0x0000014b6761a800
RIP=0x00007ff9e8851c60, EFLAGS=0x0000000000010297

Top of Stack: (sp=0x0000004861ff6c28)
0x0000004861ff6c28:   00007ff9e88cff79 0000014b6761a800
0x0000004861ff6c38:   0000014b6761aa18 0000004861ff6dc0
0x0000004861ff6c48:   00007ffa506dc7eb 0000014b72570430
0x0000004861ff6c58:   0000000000000000 fffffffffffffffe
0x0000004861ff6c68:   0000014b556df120 0000014b6ae150e0
0x0000004861ff6c78:   00007ff9e88f41ee 0000014b72570430
0x0000004861ff6c88:   0000004800000000 0000014b6761aa18
0x0000004861ff6c98:   0000000000000000 0000014b6761aa18
0x0000004861ff6ca8:   fffffffffffffffe 00000007024e2760
0x0000004861ff6cb8:   0000014b4fd89fec 0000000000000013
0x0000004861ff6cc8:   0000014b4eaae2a4 0000000000000000
0x0000004861ff6cd8:   000000000000000f ffffffffffff0000
0x0000004861ff6ce8:   00007ff9df5deab3 0000000000000000
0x0000004861ff6cf8:   0000000000000007 000000000000000e
0x0000004861ff6d08:   0000004861ff6d10 0000014b6ae39af0
0x0000004861ff6d18:   00007ff9df753eb1 0000014b4289fd78 

Instructions: (pc=0x00007ff9e8851c60)
0x00007ff9e8851c40:   20 00 48 c7 05 33 9c 48 00 00 00 00 00 e8 e2 a3
0x00007ff9e8851c50:   14 00 48 8d 0d 2f 9c 48 00 e8 66 a5 14 00 eb bc
0x00007ff9e8851c60:   48 8b 81 78 02 00 00 48 85 c0 74 13 0f 1f 40 00
0x00007ff9e8851c70:   48 8b c8 48 8b 80 78 02 00 00 48 85 c0 75 f1 48 



---------------  P R O C E S S  ---------------

Java Threads: ( => current thread )
  0x0000014b69485000 JavaThread "Image Fetcher 3" daemon [_thread_blocked, id=2676, stack(0x0000004867000000,0x0000004867500000)]
  0x0000014b69488000 JavaThread "Update Runs Swing Worker" [_thread_blocked, id=5484, stack(0x0000004864b00000,0x0000004865000000)]
  0x0000014b69482000 JavaThread "Monitor File Timestamp Swing Worker" [_thread_blocked, id=10912, stack(0x0000004865f00000,0x0000004866400000)]
  0x0000014b69481000 JavaThread "Timer-4" [_thread_blocked, id=9520, stack(0x0000004865000000,0x0000004865500000)]
  0x0000014b69480800 JavaThread "Image Animator 0" daemon [_thread_blocked, id=10232, stack(0x0000004863c00000,0x0000004864100000)]
  0x0000014b6947e000 JavaThread "Image Animator 0" daemon [_thread_blocked, id=7716, stack(0x0000004866b00000,0x0000004867000000)]
  0x0000014b71fa2000 JavaThread "SyntheticaAnimation 50" daemon [_thread_blocked, id=7600, stack(0x0000004865500000,0x0000004865a00000)]
  0x0000014b71fa6800 JavaThread "SyntheticaAnimation 50" daemon [_thread_blocked, id=11180, stack(0x0000004860c00000,0x0000004861100000)]
  0x0000014b71fa7000 JavaThread "hw_ila_monitor" [_thread_blocked, id=1480, stack(0x0000004862000000,0x0000004862500000)]
  0x0000014b42423000 JavaThread "Refresh Filesets Swing Worker" [_thread_blocked, id=9696, stack(0x0000004864600000,0x0000004864b00000)]
  0x0000014b42422000 JavaThread "SyntheticaAnimation 70" daemon [_thread_blocked, id=4312, stack(0x0000004864100000,0x0000004864600000)]
  0x0000014b4241f000 JavaThread "SyntheticaAnimation 25" daemon [_thread_blocked, id=8136, stack(0x0000004863700000,0x0000004863c00000)]
  0x0000014b42424800 JavaThread "SyntheticaAnimation 50" daemon [_thread_blocked, id=8616, stack(0x0000004863200000,0x0000004863700000)]
  0x0000014b42420800 JavaThread "Monitor HEventQueue" [_thread_blocked, id=8352, stack(0x0000004862d00000,0x0000004863200000)]
  0x0000014b42426000 JavaThread "Batik CleanerThread" daemon [_thread_blocked, id=1936, stack(0x0000004862500000,0x0000004862a00000)]
  0x0000014b42423800 JavaThread "SyntheticaCleanerThread" daemon [_thread_blocked, id=8856, stack(0x0000004861100000,0x0000004861600000)]
=>0x0000014b6761a800 JavaThread "AWT-EventQueue-1" [_thread_in_native, id=8804, stack(0x0000004861b00000,0x0000004862000000)]
  0x0000014b6733e000 JavaThread "Process Messages" [_thread_blocked, id=8376, stack(0x0000004861600000,0x0000004861b00000)]
  0x0000014b6948a800 JavaThread "Thread-1" [_thread_in_native, id=6072, stack(0x000000485a400000,0x000000485b800000)]
  0x0000014b67087800 JavaThread "TimerQueue" daemon [_thread_blocked, id=7976, stack(0x0000004860700000,0x0000004860c00000)]
  0x0000014b66c26800 JavaThread "AWT-Windows" daemon [_thread_in_native, id=10376, stack(0x0000004860200000,0x0000004860700000)]
  0x0000014b66f19800 JavaThread "AWT-Shutdown" [_thread_blocked, id=4164, stack(0x000000485fd00000,0x0000004860200000)]
  0x0000014b66d75800 JavaThread "Java2D Disposer" daemon [_thread_blocked, id=11104, stack(0x000000485f800000,0x000000485fd00000)]
  0x0000014b43c75000 JavaThread "Service Thread" daemon [_thread_blocked, id=1416, stack(0x000000485f200000,0x000000485f700000)]
  0x0000014b43b57000 JavaThread "Common-Cleaner" daemon [_thread_blocked, id=4256, stack(0x000000485ed00000,0x000000485f200000)]
  0x0000014b42421800 JavaThread "Sweeper thread" daemon [_thread_blocked, id=4204, stack(0x000000485e800000,0x000000485ed00000)]
  0x0000014b42c41800 JavaThread "C1 CompilerThread3" daemon [_thread_blocked, id=9708, stack(0x000000485e700000,0x000000485e800000)]
  0x0000014b41db8800 JavaThread "C2 CompilerThread2" daemon [_thread_blocked, id=7904, stack(0x000000485e600000,0x000000485e700000)]
  0x0000014b419e4000 JavaThread "C2 CompilerThread1" daemon [_thread_blocked, id=6944, stack(0x000000485e500000,0x000000485e600000)]
  0x0000014b419e3800 JavaThread "C2 CompilerThread0" daemon [_thread_blocked, id=9544, stack(0x000000485e400000,0x000000485e500000)]
  0x0000014b46660000 JavaThread "Attach Listener" daemon [_thread_blocked, id=7720, stack(0x000000485df00000,0x000000485e400000)]
  0x0000014b42416800 JavaThread "Signal Dispatcher" daemon [_thread_blocked, id=8012, stack(0x000000485da00000,0x000000485df00000)]
  0x0000014b428a5000 JavaThread "Finalizer" daemon [_thread_blocked, id=5888, stack(0x000000485d500000,0x000000485da00000)]
  0x0000014b43ade800 JavaThread "Reference Handler" daemon [_thread_blocked, id=10984, stack(0x000000485d000000,0x000000485d500000)]
  0x0000014b468a3000 JavaThread "main" [_thread_blocked, id=6676, stack(0x000000485a300000,0x000000485a400000)]

Other Threads:
  0x0000014b41656000 VMThread "VM Thread" [stack: 0x000000485cf00000,0x000000485d000000] [id=7768]
  0x0000014b66770800 WatcherThread [stack: 0x000000485f700000,0x000000485f800000] [id=3768]
  0x0000014b46170000 GCTaskThread "GC Thread#0" [stack: 0x000000485bb00000,0x000000485bc00000] [id=5244]
  0x0000014b4182d800 GCTaskThread "GC Thread#1" [stack: 0x000000485bc00000,0x000000485bd00000] [id=10052]
  0x0000014b4182e800 GCTaskThread "GC Thread#2" [stack: 0x000000485bd00000,0x000000485be00000] [id=8296]
  0x0000014b42aa3800 GCTaskThread "GC Thread#3" [stack: 0x000000485be00000,0x000000485bf00000] [id=1996]
  0x0000014b42aa4800 GCTaskThread "GC Thread#4" [stack: 0x000000485bf00000,0x000000485c000000] [id=4252]
  0x0000014b42a88000 GCTaskThread "GC Thread#5" [stack: 0x000000485c000000,0x000000485c100000] [id=2020]
  0x0000014b42a08000 GCTaskThread "GC Thread#6" [stack: 0x000000485c100000,0x000000485c200000] [id=8540]
  0x0000014b428b8800 GCTaskThread "GC Thread#7" [stack: 0x000000485c200000,0x000000485c300000] [id=7864]
  0x0000014b41420800 ConcurrentGCThread "G1 Main Marker" [stack: 0x000000485cc00000,0x000000485cd00000] [id=7440]
  0x0000014b46c9d800 ConcurrentGCThread "G1 Marker#0" [stack: 0x000000485cd00000,0x000000485ce00000] [id=7764]
  0x0000014b46c9e000 ConcurrentGCThread "G1 Marker#1" [stack: 0x000000485ce00000,0x000000485cf00000] [id=7544]
  0x0000014b415da000 ConcurrentGCThread "G1 Refine#0" [stack: 0x000000485ca00000,0x000000485cb00000] [id=10020]
  0x0000014b46666800 ConcurrentGCThread "G1 Refine#1" [stack: 0x000000485c900000,0x000000485ca00000] [id=9820]
  0x0000014b46665800 ConcurrentGCThread "G1 Refine#2" [stack: 0x000000485c800000,0x000000485c900000] [id=4696]
  0x0000014b4180b800 ConcurrentGCThread "G1 Refine#3" [stack: 0x000000485c700000,0x000000485c800000] [id=1400]
  0x0000014b4180a800 ConcurrentGCThread "G1 Refine#4" [stack: 0x000000485c600000,0x000000485c700000] [id=1972]
  0x0000014b419ec000 ConcurrentGCThread "G1 Refine#5" [stack: 0x000000485c500000,0x000000485c600000] [id=3708]
  0x0000014b419eb800 ConcurrentGCThread "G1 Refine#6" [stack: 0x000000485c400000,0x000000485c500000] [id=4228]
  0x0000014b42991000 ConcurrentGCThread "G1 Refine#7" [stack: 0x000000485c300000,0x000000485c400000] [id=2260]
  0x0000014b415da800 ConcurrentGCThread "G1 Young RemSet Sampling" [stack: 0x000000485cb00000,0x000000485cc00000] [id=5832]

Threads with active compile tasks:

VM state:not at safepoint (normal execution)

VM Mutex/Monitor currently owned by a thread: None

Heap address: 0x0000000700000000, size: 3072 MB, Compressed Oops mode: Zero based, Oop shift amount: 3
Narrow klass base: 0x0000000000000000, Narrow klass shift: 3
Compressed class space size: 1073741824 Address: 0x00000007c0000000

Heap:
 garbage-first heap   total 189440K, used 125892K [0x0000000700000000, 0x00000007001005c8, 0x00000007c0000000)
  region size 1024K, 19 young (19456K), 2 survivors (2048K)
 Metaspace       used 86001K, capacity 92110K, committed 92288K, reserved 1128448K
  class space    used 11744K, capacity 12809K, committed 12928K, reserved 1048576K
Heap Regions: E=young(eden), S=young(survivor), O=old, HS=humongous(starts), HC=humongous(continues), CS=collection set, F=free, A=archive, TS=gc time stamp, AC=allocation context, TAMS=top-at-mark-start (previous, next)
|   0|0x0000000700000000, 0x00000007000ff510, 0x0000000700100000| 99%| O|  |TS  0|AC  0|TAMS 0x00000007000ff510, 0x00000007000ff510|
|   1|0x0000000700100000, 0x0000000700200000, 0x0000000700200000|100%|HS|  |TS  0|AC  0|TAMS 0x0000000700200000, 0x0000000700200000|
|   2|0x0000000700200000, 0x0000000700300000, 0x0000000700300000|100%|HC|  |TS  0|AC  0|TAMS 0x0000000700300000, 0x0000000700300000|
|   3|0x0000000700300000, 0x0000000700400000, 0x0000000700400000|100%|HS|  |TS  0|AC  0|TAMS 0x0000000700400000, 0x0000000700400000|
|   4|0x0000000700400000, 0x0000000700500000, 0x0000000700500000|100%| O|  |TS  0|AC  0|TAMS 0x0000000700500000, 0x0000000700500000|
|   5|0x0000000700500000, 0x0000000700600000, 0x0000000700600000|100%| O|  |TS  0|AC  0|TAMS 0x0000000700600000, 0x0000000700600000|
|   6|0x0000000700600000, 0x0000000700700000, 0x0000000700700000|100%| O|  |TS  0|AC  0|TAMS 0x0000000700700000, 0x0000000700700000|
|   7|0x0000000700700000, 0x00000007007ffff0, 0x0000000700800000| 99%| O|  |TS  0|AC  0|TAMS 0x00000007007ffff0, 0x00000007007ffff0|
|   8|0x0000000700800000, 0x0000000700900000, 0x0000000700900000|100%| O|  |TS  0|AC  0|TAMS 0x0000000700900000, 0x0000000700900000|
|   9|0x0000000700900000, 0x00000007009fbe78, 0x0000000700a00000| 98%| O|  |TS  0|AC  0|TAMS 0x00000007009fbe78, 0x00000007009fbe78|
|  10|0x0000000700a00000, 0x0000000700afd210, 0x0000000700b00000| 98%| O|  |TS  0|AC  0|TAMS 0x0000000700afd210, 0x0000000700afd210|
|  11|0x0000000700b00000, 0x0000000700c00000, 0x0000000700c00000|100%|HS|  |TS  0|AC  0|TAMS 0x0000000700c00000, 0x0000000700c00000|
|  12|0x0000000700c00000, 0x0000000700d00000, 0x0000000700d00000|100%|HC|  |TS  0|AC  0|TAMS 0x0000000700d00000, 0x0000000700d00000|
|  13|0x0000000700d00000, 0x0000000700dfd338, 0x0000000700e00000| 98%| O|  |TS  0|AC  0|TAMS 0x0000000700dfd338, 0x0000000700dfd338|
|  14|0x0000000700e00000, 0x0000000700efffe0, 0x0000000700f00000| 99%| O|  |TS  0|AC  0|TAMS 0x0000000700efffe0, 0x0000000700efffe0|
|  15|0x0000000700f00000, 0x0000000700fd6b18, 0x0000000701000000| 83%| O|  |TS  0|AC  0|TAMS 0x0000000700fd6b18, 0x0000000700fd6b18|
|  16|0x0000000701000000, 0x00000007010fbe30, 0x0000000701100000| 98%| O|  |TS  0|AC  0|TAMS 0x00000007010fbe30, 0x00000007010fbe30|
|  17|0x0000000701100000, 0x0000000701200000, 0x0000000701200000|100%| O|  |TS  0|AC  0|TAMS 0x0000000701200000, 0x0000000701200000|
|  18|0x0000000701200000, 0x00000007012ffff0, 0x0000000701300000| 99%| O|  |TS  0|AC  0|TAMS 0x00000007012ffff0, 0x00000007012ffff0|
|  19|0x0000000701300000, 0x0000000701400000, 0x0000000701400000|100%| O|  |TS  0|AC  0|TAMS 0x0000000701400000, 0x0000000701400000|
|  20|0x0000000701400000, 0x0000000701500000, 0x0000000701500000|100%| O|  |TS  0|AC  0|TAMS 0x0000000701500000, 0x0000000701500000|
|  21|0x0000000701500000, 0x00000007015ffce8, 0x0000000701600000| 99%| O|  |TS  0|AC  0|TAMS 0x00000007015ffce8, 0x00000007015ffce8|
|  22|0x0000000701600000, 0x0000000701700000, 0x0000000701700000|100%| O|  |TS  0|AC  0|TAMS 0x0000000701700000, 0x0000000701700000|
|  23|0x0000000701700000, 0x00000007017fffa0, 0x0000000701800000| 99%| O|  |TS  0|AC  0|TAMS 0x00000007017fffa0, 0x00000007017fffa0|
|  24|0x0000000701800000, 0x00000007018fffe8, 0x0000000701900000| 99%| O|  |TS  0|AC  0|TAMS 0x00000007018fffe8, 0x00000007018fffe8|
|  25|0x0000000701900000, 0x00000007019ffff8, 0x0000000701a00000| 99%| O|  |TS  0|AC  0|TAMS 0x00000007019ffff8, 0x00000007019ffff8|
|  26|0x0000000701a00000, 0x0000000701affff8, 0x0000000701b00000| 99%| O|  |TS  0|AC  0|TAMS 0x0000000701affff8, 0x0000000701affff8|
|  27|0x0000000701b00000, 0x0000000701c00000, 0x0000000701c00000|100%| O|  |TS  0|AC  0|TAMS 0x0000000701c00000, 0x0000000701c00000|
|  28|0x0000000701c00000, 0x0000000701cffff8, 0x0000000701d00000| 99%| O|  |TS  0|AC  0|TAMS 0x0000000701cffff8, 0x0000000701cffff8|
|  29|0x0000000701d00000, 0x0000000701e00000, 0x0000000701e00000|100%| O|  |TS  0|AC  0|TAMS 0x0000000701e00000, 0x0000000701e00000|
|  30|0x0000000701e00000, 0x0000000701effff0, 0x0000000701f00000| 99%| O|  |TS  0|AC  0|TAMS 0x0000000701effff0, 0x0000000701effff0|
|  31|0x0000000701f00000, 0x0000000701ffffe0, 0x0000000702000000| 99%| O|  |TS  0|AC  0|TAMS 0x0000000701ffffe0, 0x0000000701ffffe0|
|  32|0x0000000702000000, 0x00000007020ffff0, 0x0000000702100000| 99%| O|  |TS  0|AC  0|TAMS 0x00000007020ffff0, 0x00000007020ffff0|
|  33|0x0000000702100000, 0x00000007021ffe50, 0x0000000702200000| 99%| O|  |TS  0|AC  0|TAMS 0x00000007021ffe50, 0x00000007021ffe50|
|  34|0x0000000702200000, 0x00000007022fe600, 0x0000000702300000| 99%| O|  |TS  0|AC  0|TAMS 0x00000007022fe600, 0x00000007022fe600|
|  35|0x0000000702300000, 0x00000007023f0ae0, 0x0000000702400000| 94%| O|  |TS  0|AC  0|TAMS 0x00000007023f0ae0, 0x00000007023f0ae0|
|  36|0x0000000702400000, 0x00000007024ffff8, 0x0000000702500000| 99%| O|  |TS  0|AC  0|TAMS 0x00000007024ffff8, 0x00000007024ffff8|
|  37|0x0000000702500000, 0x00000007025fffe8, 0x0000000702600000| 99%| O|  |TS  0|AC  0|TAMS 0x00000007025fffe8, 0x00000007025fffe8|
|  38|0x0000000702600000, 0x00000007026ffff0, 0x0000000702700000| 99%| O|  |TS  0|AC  0|TAMS 0x00000007026ffff0, 0x00000007026ffff0|
|  39|0x0000000702700000, 0x00000007027ffff8, 0x0000000702800000| 99%| O|  |TS  0|AC  0|TAMS 0x00000007027ffff8, 0x00000007027ffff8|
|  40|0x0000000702800000, 0x00000007028ffff8, 0x0000000702900000| 99%| O|  |TS  0|AC  0|TAMS 0x00000007028ffff8, 0x00000007028ffff8|
|  41|0x0000000702900000, 0x00000007029ff428, 0x0000000702a00000| 99%| O|  |TS  0|AC  0|TAMS 0x00000007029ff428, 0x00000007029ff428|
|  42|0x0000000702a00000, 0x0000000702afffd8, 0x0000000702b00000| 99%| O|  |TS  0|AC  0|TAMS 0x0000000702afffd8, 0x0000000702afffd8|
|  43|0x0000000702b00000, 0x0000000702bffff0, 0x0000000702c00000| 99%| O|  |TS  0|AC  0|TAMS 0x0000000702bffff0, 0x0000000702bffff0|
|  44|0x0000000702c00000, 0x0000000702cfffd0, 0x0000000702d00000| 99%| O|  |TS  0|AC  0|TAMS 0x0000000702cfffd0, 0x0000000702cfffd0|
|  45|0x0000000702d00000, 0x0000000702dfffe8, 0x0000000702e00000| 99%| O|  |TS  0|AC  0|TAMS 0x0000000702dfffe8, 0x0000000702dfffe8|
|  46|0x0000000702e00000, 0x0000000702effff8, 0x0000000702f00000| 99%| O|  |TS  0|AC  0|TAMS 0x0000000702effff8, 0x0000000702effff8|
|  47|0x0000000702f00000, 0x0000000702ff9368, 0x0000000703000000| 97%| O|  |TS  0|AC  0|TAMS 0x0000000702ff9368, 0x0000000702ff9368|
|  48|0x0000000703000000, 0x00000007030fcaf0, 0x0000000703100000| 98%| O|  |TS  0|AC  0|TAMS 0x00000007030fcaf0, 0x00000007030fcaf0|
|  49|0x0000000703100000, 0x00000007031fffe0, 0x0000000703200000| 99%| O|  |TS  0|AC  0|TAMS 0x00000007031fffe0, 0x00000007031fffe0|
|  50|0x0000000703200000, 0x00000007032fffe8, 0x0000000703300000| 99%| O|  |TS  0|AC  0|TAMS 0x00000007032fffe8, 0x00000007032fffe8|
|  51|0x0000000703300000, 0x0000000703400000, 0x0000000703400000|100%| O|  |TS  0|AC  0|TAMS 0x0000000703400000, 0x0000000703400000|
|  52|0x0000000703400000, 0x00000007034fffe0, 0x0000000703500000| 99%| O|  |TS  0|AC  0|TAMS 0x00000007034fffe0, 0x00000007034fffe0|
|  53|0x0000000703500000, 0x00000007035ff088, 0x0000000703600000| 99%| O|  |TS  0|AC  0|TAMS 0x00000007035ff088, 0x00000007035ff088|
|  54|0x0000000703600000, 0x0000000703700000, 0x0000000703700000|100%| O|  |TS  0|AC  0|TAMS 0x0000000703700000, 0x0000000703700000|
|  55|0x0000000703700000, 0x0000000703800000, 0x0000000703800000|100%| O|  |TS  0|AC  0|TAMS 0x0000000703800000, 0x0000000703800000|
|  56|0x0000000703800000, 0x0000000703900000, 0x0000000703900000|100%| O|  |TS  0|AC  0|TAMS 0x0000000703900000, 0x0000000703900000|
|  57|0x0000000703900000, 0x00000007039ffff8, 0x0000000703a00000| 99%| O|  |TS  0|AC  0|TAMS 0x00000007039ffff8, 0x00000007039ffff8|
|  58|0x0000000703a00000, 0x0000000703afff18, 0x0000000703b00000| 99%| O|  |TS  0|AC  0|TAMS 0x0000000703afff18, 0x0000000703afff18|
|  59|0x0000000703b00000, 0x0000000703c00000, 0x0000000703c00000|100%|HS|  |TS  0|AC  0|TAMS 0x0000000703c00000, 0x0000000703c00000|
|  60|0x0000000703c00000, 0x0000000703d00000, 0x0000000703d00000|100%| O|  |TS  0|AC  0|TAMS 0x0000000703d00000, 0x0000000703d00000|
|  61|0x0000000703d00000, 0x0000000703dfffa0, 0x0000000703e00000| 99%| O|  |TS  0|AC  0|TAMS 0x0000000703dfffa0, 0x0000000703dfffa0|
|  62|0x0000000703e00000, 0x0000000703f00000, 0x0000000703f00000|100%|HS|  |TS  0|AC  0|TAMS 0x0000000703f00000, 0x0000000703f00000|
|  63|0x0000000703f00000, 0x0000000703fffff0, 0x0000000704000000| 99%| O|  |TS  0|AC  0|TAMS 0x0000000703fffff0, 0x0000000703fffff0|
|  64|0x0000000704000000, 0x00000007040fd548, 0x0000000704100000| 98%| O|  |TS  0|AC  0|TAMS 0x00000007040fd548, 0x00000007040fd548|
|  65|0x0000000704100000, 0x0000000704200000, 0x0000000704200000|100%|HS|  |TS  0|AC  0|TAMS 0x0000000704200000, 0x0000000704200000|
|  66|0x0000000704200000, 0x00000007042ffff8, 0x0000000704300000| 99%| O|  |TS  0|AC  0|TAMS 0x00000007042ffff8, 0x00000007042ffff8|
|  67|0x0000000704300000, 0x00000007043ffff0, 0x0000000704400000| 99%| O|  |TS  0|AC  0|TAMS 0x00000007043ffff0, 0x00000007043ffff0|
|  68|0x0000000704400000, 0x00000007044ffff0, 0x0000000704500000| 99%| O|  |TS  0|AC  0|TAMS 0x00000007044ffff0, 0x00000007044ffff0|
|  69|0x0000000704500000, 0x00000007045ffff8, 0x0000000704600000| 99%| O|  |TS  0|AC  0|TAMS 0x00000007045ffff8, 0x00000007045ffff8|
|  70|0x0000000704600000, 0x0000000704668b78, 0x0000000704700000| 40%| O|  |TS  0|AC  0|TAMS 0x0000000704668b78, 0x0000000704668b78|
|  71|0x0000000704700000, 0x0000000704800000, 0x0000000704800000|100%|HS|  |TS  0|AC  0|TAMS 0x0000000704800000, 0x0000000704800000|
|  72|0x0000000704800000, 0x0000000704900000, 0x0000000704900000|100%|HC|  |TS  0|AC  0|TAMS 0x0000000704900000, 0x0000000704900000|
|  73|0x0000000704900000, 0x0000000704a00000, 0x0000000704a00000|100%|HC|  |TS  0|AC  0|TAMS 0x0000000704a00000, 0x0000000704a00000|
|  74|0x0000000704a00000, 0x0000000704b00000, 0x0000000704b00000|100%|HC|  |TS  0|AC  0|TAMS 0x0000000704b00000, 0x0000000704b00000|
|  75|0x0000000704b00000, 0x0000000704c00000, 0x0000000704c00000|100%| O|  |TS  0|AC  0|TAMS 0x0000000704c00000, 0x0000000704c00000|
|  76|0x0000000704c00000, 0x0000000704c0be00, 0x0000000704d00000|  4%| O|  |TS  1|AC  0|TAMS 0x0000000704c01a00, 0x0000000704c01a00|
|  77|0x0000000704d00000, 0x0000000704d00000, 0x0000000704e00000|  0%| F|  |TS  0|AC  0|TAMS 0x0000000704d00000, 0x0000000704d00000|
|  78|0x0000000704e00000, 0x0000000704e00000, 0x0000000704f00000|  0%| F|  |TS  0|AC  0|TAMS 0x0000000704e00000, 0x0000000704e00000|
|  79|0x0000000704f00000, 0x0000000704f00000, 0x0000000705000000|  0%| F|  |TS  0|AC  0|TAMS 0x0000000704f00000, 0x0000000704f00000|
|  80|0x0000000705000000, 0x0000000705000000, 0x0000000705100000|  0%| F|  |TS  0|AC  0|TAMS 0x0000000705000000, 0x0000000705000000|
|  81|0x0000000705100000, 0x0000000705100000, 0x0000000705200000|  0%| F|  |TS  0|AC  0|TAMS 0x0000000705100000, 0x0000000705100000|
|  82|0x0000000705200000, 0x0000000705300000, 0x0000000705300000|100%|HS|  |TS  0|AC  0|TAMS 0x0000000705300000, 0x0000000705300000|
|  83|0x0000000705300000, 0x0000000705400000, 0x0000000705400000|100%|HC|  |TS  0|AC  0|TAMS 0x0000000705400000, 0x0000000705400000|
|  84|0x0000000705400000, 0x0000000705500000, 0x0000000705500000|100%|HC|  |TS  0|AC  0|TAMS 0x0000000705500000, 0x0000000705500000|
|  85|0x0000000705500000, 0x0000000705600000, 0x0000000705600000|100%|HC|  |TS  0|AC  0|TAMS 0x0000000705600000, 0x0000000705600000|
|  86|0x0000000705600000, 0x0000000705700000, 0x0000000705700000|100%|HC|  |TS  0|AC  0|TAMS 0x0000000705700000, 0x0000000705700000|
|  87|0x0000000705700000, 0x0000000705800000, 0x0000000705800000|100%|HC|  |TS  0|AC  0|TAMS 0x0000000705800000, 0x0000000705800000|
|  88|0x0000000705800000, 0x0000000705900000, 0x0000000705900000|100%|HC|  |TS  0|AC  0|TAMS 0x0000000705900000, 0x0000000705900000|
|  89|0x0000000705900000, 0x0000000705a00000, 0x0000000705a00000|100%|HC|  |TS  0|AC  0|TAMS 0x0000000705a00000, 0x0000000705a00000|
|  90|0x0000000705a00000, 0x0000000705b00000, 0x0000000705b00000|100%|HC|  |TS  0|AC  0|TAMS 0x0000000705b00000, 0x0000000705b00000|
|  91|0x0000000705b00000, 0x0000000705c00000, 0x0000000705c00000|100%|HC|  |TS  0|AC  0|TAMS 0x0000000705c00000, 0x0000000705c00000|
|  92|0x0000000705c00000, 0x0000000705d00000, 0x0000000705d00000|100%|HC|  |TS  0|AC  0|TAMS 0x0000000705d00000, 0x0000000705d00000|
|  93|0x0000000705d00000, 0x0000000705e00000, 0x0000000705e00000|100%|HC|  |TS  0|AC  0|TAMS 0x0000000705e00000, 0x0000000705e00000|
|  94|0x0000000705e00000, 0x0000000705f00000, 0x0000000705f00000|100%|HC|  |TS  0|AC  0|TAMS 0x0000000705f00000, 0x0000000705f00000|
|  95|0x0000000705f00000, 0x0000000706000000, 0x0000000706000000|100%|HC|  |TS  0|AC  0|TAMS 0x0000000706000000, 0x0000000706000000|
|  96|0x0000000706000000, 0x0000000706100000, 0x0000000706100000|100%|HC|  |TS  0|AC  0|TAMS 0x0000000706100000, 0x0000000706100000|
|  97|0x0000000706100000, 0x0000000706200000, 0x0000000706200000|100%|HS|  |TS  0|AC  0|TAMS 0x0000000706200000, 0x0000000706200000|
|  98|0x0000000706200000, 0x0000000706300000, 0x0000000706300000|100%|HC|  |TS  0|AC  0|TAMS 0x0000000706300000, 0x0000000706300000|
|  99|0x0000000706300000, 0x0000000706400000, 0x0000000706400000|100%|HC|  |TS  0|AC  0|TAMS 0x0000000706400000, 0x0000000706400000|
| 100|0x0000000706400000, 0x0000000706500000, 0x0000000706500000|100%|HC|  |TS  0|AC  0|TAMS 0x0000000706500000, 0x0000000706500000|
| 101|0x0000000706500000, 0x0000000706600000, 0x0000000706600000|100%|HC|  |TS  0|AC  0|TAMS 0x0000000706600000, 0x0000000706600000|
| 102|0x0000000706600000, 0x0000000706700000, 0x0000000706700000|100%|HC|  |TS  0|AC  0|TAMS 0x0000000706700000, 0x0000000706700000|
| 103|0x0000000706700000, 0x0000000706800000, 0x0000000706800000|100%|HC|  |TS  0|AC  0|TAMS 0x0000000706800000, 0x0000000706800000|
| 104|0x0000000706800000, 0x0000000706900000, 0x0000000706900000|100%|HC|  |TS  0|AC  0|TAMS 0x0000000706900000, 0x0000000706900000|
| 105|0x0000000706900000, 0x0000000706a00000, 0x0000000706a00000|100%|HC|  |TS  0|AC  0|TAMS 0x0000000706a00000, 0x0000000706a00000|
| 106|0x0000000706a00000, 0x0000000706b00000, 0x0000000706b00000|100%|HC|  |TS  0|AC  0|TAMS 0x0000000706b00000, 0x0000000706b00000|
| 107|0x0000000706b00000, 0x0000000706c00000, 0x0000000706c00000|100%|HC|  |TS  0|AC  0|TAMS 0x0000000706c00000, 0x0000000706c00000|
| 108|0x0000000706c00000, 0x0000000706d00000, 0x0000000706d00000|100%|HC|  |TS  0|AC  0|TAMS 0x0000000706d00000, 0x0000000706d00000|
| 109|0x0000000706d00000, 0x0000000706e00000, 0x0000000706e00000|100%|HC|  |TS  0|AC  0|TAMS 0x0000000706e00000, 0x0000000706e00000|
| 110|0x0000000706e00000, 0x0000000706f00000, 0x0000000706f00000|100%|HC|  |TS  0|AC  0|TAMS 0x0000000706f00000, 0x0000000706f00000|
| 111|0x0000000706f00000, 0x0000000707000000, 0x0000000707000000|100%|HC|  |TS  0|AC  0|TAMS 0x0000000707000000, 0x0000000707000000|
| 112|0x0000000707000000, 0x0000000707000000, 0x0000000707100000|  0%| F|  |TS  0|AC  0|TAMS 0x0000000707000000, 0x0000000707000000|
| 113|0x0000000707100000, 0x0000000707100000, 0x0000000707200000|  0%| F|  |TS  0|AC  0|TAMS 0x0000000707100000, 0x0000000707100000|
| 114|0x0000000707200000, 0x0000000707200000, 0x0000000707300000|  0%| F|  |TS  0|AC  0|TAMS 0x0000000707200000, 0x0000000707200000|
| 115|0x0000000707300000, 0x0000000707300000, 0x0000000707400000|  0%| F|  |TS  0|AC  0|TAMS 0x0000000707300000, 0x0000000707300000|
| 116|0x0000000707400000, 0x0000000707400000, 0x0000000707500000|  0%| F|  |TS  0|AC  0|TAMS 0x0000000707400000, 0x0000000707400000|
| 117|0x0000000707500000, 0x0000000707500000, 0x0000000707600000|  0%| F|  |TS  0|AC  0|TAMS 0x0000000707500000, 0x0000000707500000|
| 118|0x0000000707600000, 0x0000000707600000, 0x0000000707700000|  0%| F|  |TS  0|AC  0|TAMS 0x0000000707600000, 0x0000000707600000|
| 119|0x0000000707700000, 0x0000000707700000, 0x0000000707800000|  0%| F|  |TS  0|AC  0|TAMS 0x0000000707700000, 0x0000000707700000|
| 120|0x0000000707800000, 0x0000000707800000, 0x0000000707900000|  0%| F|  |TS  0|AC  0|TAMS 0x0000000707800000, 0x0000000707800000|
| 121|0x0000000707900000, 0x0000000707900000, 0x0000000707a00000|  0%| F|  |TS  0|AC  0|TAMS 0x0000000707900000, 0x0000000707900000|
| 122|0x0000000707a00000, 0x0000000707a00000, 0x0000000707b00000|  0%| F|  |TS  0|AC  0|TAMS 0x0000000707a00000, 0x0000000707a00000|
| 123|0x0000000707b00000, 0x0000000707bd4490, 0x0000000707c00000| 82%| S|CS|TS  1|AC  0|TAMS 0x0000000707b00000, 0x0000000707b00000|
| 124|0x0000000707c00000, 0x0000000707d00000, 0x0000000707d00000|100%| S|CS|TS  1|AC  0|TAMS 0x0000000707c00000, 0x0000000707c00000|
| 125|0x0000000707d00000, 0x0000000707d00000, 0x0000000707e00000|  0%| F|  |TS  1|AC  0|TAMS 0x0000000707d00000, 0x0000000707d00000|
| 126|0x0000000707e00000, 0x0000000707e00000, 0x0000000707f00000|  0%| F|  |TS  1|AC  0|TAMS 0x0000000707e00000, 0x0000000707e00000|
| 127|0x0000000707f00000, 0x0000000707f00000, 0x0000000708000000|  0%| F|  |TS  1|AC  0|TAMS 0x0000000707f00000, 0x0000000707f00000|
| 128|0x0000000708000000, 0x0000000708000000, 0x0000000708100000|  0%| F|  |TS  1|AC  0|TAMS 0x0000000708000000, 0x0000000708000000|
| 129|0x0000000708100000, 0x0000000708100000, 0x0000000708200000|  0%| F|  |TS  1|AC  0|TAMS 0x0000000708100000, 0x0000000708100000|
| 130|0x0000000708200000, 0x0000000708200000, 0x0000000708300000|  0%| F|  |TS  1|AC  0|TAMS 0x0000000708200000, 0x0000000708200000|
| 131|0x0000000708300000, 0x0000000708300000, 0x0000000708400000|  0%| F|  |TS  1|AC  0|TAMS 0x0000000708300000, 0x0000000708300000|
| 132|0x0000000708400000, 0x0000000708400000, 0x0000000708500000|  0%| F|  |TS  1|AC  0|TAMS 0x0000000708400000, 0x0000000708400000|
| 133|0x0000000708500000, 0x0000000708500000, 0x0000000708600000|  0%| F|  |TS  1|AC  0|TAMS 0x0000000708500000, 0x0000000708500000|
| 134|0x0000000708600000, 0x0000000708600000, 0x0000000708700000|  0%| F|  |TS  1|AC  0|TAMS 0x0000000708600000, 0x0000000708600000|
| 135|0x0000000708700000, 0x0000000708700000, 0x0000000708800000|  0%| F|  |TS  1|AC  0|TAMS 0x0000000708700000, 0x0000000708700000|
| 136|0x0000000708800000, 0x0000000708800000, 0x0000000708900000|  0%| F|  |TS  1|AC  0|TAMS 0x0000000708800000, 0x0000000708800000|
| 137|0x0000000708900000, 0x0000000708900000, 0x0000000708a00000|  0%| F|  |TS  1|AC  0|TAMS 0x0000000708900000, 0x0000000708900000|
| 138|0x0000000708a00000, 0x0000000708a00000, 0x0000000708b00000|  0%| F|  |TS  1|AC  0|TAMS 0x0000000708a00000, 0x0000000708a00000|
| 139|0x0000000708b00000, 0x0000000708b00000, 0x0000000708c00000|  0%| F|  |TS  1|AC  0|TAMS 0x0000000708b00000, 0x0000000708b00000|
| 140|0x0000000708c00000, 0x0000000708c00000, 0x0000000708d00000|  0%| F|  |TS  1|AC  0|TAMS 0x0000000708c00000, 0x0000000708c00000|
| 141|0x0000000708d00000, 0x0000000708d00000, 0x0000000708e00000|  0%| F|  |TS  1|AC  0|TAMS 0x0000000708d00000, 0x0000000708d00000|
| 142|0x0000000708e00000, 0x0000000708e00000, 0x0000000708f00000|  0%| F|  |TS  1|AC  0|TAMS 0x0000000708e00000, 0x0000000708e00000|
| 143|0x0000000708f00000, 0x0000000708f00000, 0x0000000709000000|  0%| F|  |TS  1|AC  0|TAMS 0x0000000708f00000, 0x0000000708f00000|
| 144|0x0000000709000000, 0x0000000709000000, 0x0000000709100000|  0%| F|  |TS  1|AC  0|TAMS 0x0000000709000000, 0x0000000709000000|
| 145|0x0000000709100000, 0x0000000709100000, 0x0000000709200000|  0%| F|  |TS  1|AC  0|TAMS 0x0000000709100000, 0x0000000709100000|
| 146|0x0000000709200000, 0x0000000709200000, 0x0000000709300000|  0%| F|  |TS  1|AC  0|TAMS 0x0000000709200000, 0x0000000709200000|
| 147|0x0000000709300000, 0x0000000709300000, 0x0000000709400000|  0%| F|  |TS  1|AC  0|TAMS 0x0000000709300000, 0x0000000709300000|
| 148|0x0000000709400000, 0x0000000709400000, 0x0000000709500000|  0%| F|  |TS  1|AC  0|TAMS 0x0000000709400000, 0x0000000709400000|
| 149|0x0000000709500000, 0x0000000709500000, 0x0000000709600000|  0%| F|  |TS  1|AC  0|TAMS 0x0000000709500000, 0x0000000709500000|
| 150|0x0000000709600000, 0x0000000709600000, 0x0000000709700000|  0%| F|  |TS  1|AC  0|TAMS 0x0000000709600000, 0x0000000709600000|
| 151|0x0000000709700000, 0x0000000709700000, 0x0000000709800000|  0%| F|  |TS  1|AC  0|TAMS 0x0000000709700000, 0x0000000709700000|
| 152|0x0000000709800000, 0x0000000709800000, 0x0000000709900000|  0%| F|  |TS  1|AC  0|TAMS 0x0000000709800000, 0x0000000709800000|
| 153|0x0000000709900000, 0x0000000709900000, 0x0000000709a00000|  0%| F|  |TS  1|AC  0|TAMS 0x0000000709900000, 0x0000000709900000|
| 154|0x0000000709a00000, 0x0000000709a00000, 0x0000000709b00000|  0%| F|  |TS  1|AC  0|TAMS 0x0000000709a00000, 0x0000000709a00000|
| 155|0x0000000709b00000, 0x0000000709b00000, 0x0000000709c00000|  0%| F|  |TS  1|AC  0|TAMS 0x0000000709b00000, 0x0000000709b00000|
| 156|0x0000000709c00000, 0x0000000709c00000, 0x0000000709d00000|  0%| F|  |TS  1|AC  0|TAMS 0x0000000709c00000, 0x0000000709c00000|
| 157|0x0000000709d00000, 0x0000000709d00000, 0x0000000709e00000|  0%| F|  |TS  1|AC  0|TAMS 0x0000000709d00000, 0x0000000709d00000|
| 158|0x0000000709e00000, 0x0000000709e00000, 0x0000000709f00000|  0%| F|  |TS  1|AC  0|TAMS 0x0000000709e00000, 0x0000000709e00000|
| 159|0x0000000709f00000, 0x0000000709f00000, 0x000000070a000000|  0%| F|  |TS  1|AC  0|TAMS 0x0000000709f00000, 0x0000000709f00000|
| 160|0x000000070a000000, 0x000000070a000000, 0x000000070a100000|  0%| F|  |TS  1|AC  0|TAMS 0x000000070a000000, 0x000000070a000000|
| 161|0x000000070a100000, 0x000000070a100000, 0x000000070a200000|  0%| F|  |TS  1|AC  0|TAMS 0x000000070a100000, 0x000000070a100000|
| 162|0x000000070a200000, 0x000000070a200000, 0x000000070a300000|  0%| F|  |TS  1|AC  0|TAMS 0x000000070a200000, 0x000000070a200000|
| 163|0x000000070a300000, 0x000000070a300000, 0x000000070a400000|  0%| F|  |TS  1|AC  0|TAMS 0x000000070a300000, 0x000000070a300000|
| 164|0x000000070a400000, 0x000000070a400000, 0x000000070a500000|  0%| F|  |TS  1|AC  0|TAMS 0x000000070a400000, 0x000000070a400000|
| 165|0x000000070a500000, 0x000000070a500000, 0x000000070a600000|  0%| F|  |TS  1|AC  0|TAMS 0x000000070a500000, 0x000000070a500000|
| 166|0x000000070a600000, 0x000000070a600000, 0x000000070a700000|  0%| F|  |TS  1|AC  0|TAMS 0x000000070a600000, 0x000000070a600000|
| 167|0x000000070a700000, 0x000000070a700000, 0x000000070a800000|  0%| F|  |TS  1|AC  0|TAMS 0x000000070a700000, 0x000000070a700000|
| 168|0x000000070a800000, 0x000000070a80e980, 0x000000070a900000|  5%| E|  |TS  1|AC  0|TAMS 0x000000070a800000, 0x000000070a800000|
| 169|0x000000070a900000, 0x000000070aa00000, 0x000000070aa00000|100%| E|CS|TS  1|AC  0|TAMS 0x000000070a900000, 0x000000070a900000|
| 170|0x000000070aa00000, 0x000000070ab00000, 0x000000070ab00000|100%| E|CS|TS  1|AC  0|TAMS 0x000000070aa00000, 0x000000070aa00000|
| 171|0x000000070ab00000, 0x000000070ac00000, 0x000000070ac00000|100%| E|CS|TS  1|AC  0|TAMS 0x000000070ab00000, 0x000000070ab00000|
| 172|0x000000070ac00000, 0x000000070ad00000, 0x000000070ad00000|100%| E|CS|TS  1|AC  0|TAMS 0x000000070ac00000, 0x000000070ac00000|
| 173|0x000000070ad00000, 0x000000070ae00000, 0x000000070ae00000|100%| E|CS|TS  1|AC  0|TAMS 0x000000070ad00000, 0x000000070ad00000|
| 174|0x000000070ae00000, 0x000000070af00000, 0x000000070af00000|100%| E|CS|TS  1|AC  0|TAMS 0x000000070ae00000, 0x000000070ae00000|
| 175|0x000000070af00000, 0x000000070b000000, 0x000000070b000000|100%| E|CS|TS  1|AC  0|TAMS 0x000000070af00000, 0x000000070af00000|
| 176|0x000000070b000000, 0x000000070b100000, 0x000000070b100000|100%| E|CS|TS  1|AC  0|TAMS 0x000000070b000000, 0x000000070b000000|
| 177|0x000000070b100000, 0x000000070b200000, 0x000000070b200000|100%| E|CS|TS  1|AC  0|TAMS 0x000000070b100000, 0x000000070b100000|
| 178|0x000000070b200000, 0x000000070b300000, 0x000000070b300000|100%| E|CS|TS  1|AC  0|TAMS 0x000000070b200000, 0x000000070b200000|
| 179|0x000000070b300000, 0x000000070b400000, 0x000000070b400000|100%| E|CS|TS  1|AC  0|TAMS 0x000000070b300000, 0x000000070b300000|
| 180|0x000000070b400000, 0x000000070b500000, 0x000000070b500000|100%| E|CS|TS  1|AC  0|TAMS 0x000000070b400000, 0x000000070b400000|
| 181|0x000000070b500000, 0x000000070b600000, 0x000000070b600000|100%| E|CS|TS  1|AC  0|TAMS 0x000000070b500000, 0x000000070b500000|
| 182|0x000000070b600000, 0x000000070b700000, 0x000000070b700000|100%| E|CS|TS  1|AC  0|TAMS 0x000000070b600000, 0x000000070b600000|
| 183|0x000000070b700000, 0x000000070b800000, 0x000000070b800000|100%| E|CS|TS  1|AC  0|TAMS 0x000000070b700000, 0x000000070b700000|
| 184|0x000000070b800000, 0x000000070b900000, 0x000000070b900000|100%| E|CS|TS  1|AC  0|TAMS 0x000000070b800000, 0x000000070b800000|

Card table byte_map: [0x0000014b5c7e0000,0x0000014b5cde0000] byte_map_base: 0x0000014b58fe0000

Marking Bits (Prev, Next): (CMBitMap*) 0x0000014b4141fe50, (CMBitMap*) 0x0000014b4141fe88
 Prev Bits: [0x0000014b5d3e0000, 0x0000014b603e0000)
 Next Bits: [0x0000014b603e0000, 0x0000014b633e0000)

Polling page: 0x0000014b3d3f0000

CodeHeap 'non-profiled nmethods': size=120000Kb used=25894Kb max_used=25894Kb free=94105Kb
 bounds [0x0000014b552b0000, 0x0000014b56c10000, 0x0000014b5c7e0000]
CodeHeap 'profiled nmethods': size=120000Kb used=47286Kb max_used=47286Kb free=72713Kb
 bounds [0x0000014b4dd80000, 0x0000014b50c00000, 0x0000014b552b0000]
CodeHeap 'non-nmethods': size=5760Kb used=1794Kb max_used=1917Kb free=3966Kb
 bounds [0x0000014b4d7e0000, 0x0000014b4da50000, 0x0000014b4dd80000]
 total_blobs=36439 nmethods=18833 adapters=1138
 compilation: enabled

Compilation events (10 events):
Event: 2585.818 Thread 0x0000014b42c41800 nmethod 24615 0x0000014b50bfa510 code [0x0000014b50bfa8a0, 0x0000014b50bfbac0]
Event: 2585.837 Thread 0x0000014b419e4000 24616       4       java.util.Dictionary::<init> (5 bytes)
Event: 2585.838 Thread 0x0000014b419e4000 nmethod 24616 0x0000014b55ea2710 code [0x0000014b55ea28a0, 0x0000014b55ea28f8]
Event: 2585.845 Thread 0x0000014b41db8800 24617       4       com.jidesoft.list.StyledListCellRenderer::firePropertyChange (17 bytes)
Event: 2585.846 Thread 0x0000014b41db8800 nmethod 24617 0x0000014b56539910 code [0x0000014b56539aa0, 0x0000014b56539c48]
Event: 2585.889 Thread 0x0000014b419e3800 24618       4       de.javasoft.plaf.synthetica.painter.TabbedPanePainter::paintTabbedPaneTab (1639 bytes)
Event: 2585.911 Thread 0x0000014b42c41800 24619       3       ui.views.p.c::fwI (4 bytes)
Event: 2585.911 Thread 0x0000014b42c41800 nmethod 24619 0x0000014b4f92ee90 code [0x0000014b4f92f040, 0x0000014b4f92f198]
Event: 2586.020 Thread 0x0000014b419e4000 24620   !   4       com.jidesoft.margin.AbstractRowMargin::paintMargin (466 bytes)
Event: 2586.030 Thread 0x0000014b419e3800 nmethod 24618 0x0000014b56bf1290 code [0x0000014b56bf1860, 0x0000014b56bf79b8]

GC Heap History (10 events):
Event: 2580.056 GC heap before
{Heap before GC invocations=404 (full 9):
 garbage-first heap   total 189440K, used 168743K [0x0000000700000000, 0x00000007001005c8, 0x00000007c0000000)
  region size 1024K, 60 young (61440K), 2 survivors (2048K)
 Metaspace       used 85982K, capacity 92110K, committed 92288K, reserved 1128448K
  class space    used 11744K, capacity 12809K, committed 12928K, reserved 1048576K
}
Event: 2580.059 GC heap after
{Heap after GC invocations=405 (full 9):
 garbage-first heap   total 189440K, used 109251K [0x0000000700000000, 0x00000007001005c8, 0x00000007c0000000)
  region size 1024K, 2 young (2048K), 2 survivors (2048K)
 Metaspace       used 85982K, capacity 92110K, committed 92288K, reserved 1128448K
  class space    used 11744K, capacity 12809K, committed 12928K, reserved 1048576K
}
Event: 2580.060 GC heap before
{Heap before GC invocations=405 (full 9):
 garbage-first heap   total 189440K, used 109251K [0x0000000700000000, 0x00000007001005c8, 0x00000007c0000000)
  region size 1024K, 3 young (3072K), 2 survivors (2048K)
 Metaspace       used 85982K, capacity 92110K, committed 92288K, reserved 1128448K
  class space    used 11744K, capacity 12809K, committed 12928K, reserved 1048576K
}
Event: 2580.063 GC heap after
{Heap after GC invocations=406 (full 9):
 garbage-first heap   total 189440K, used 105201K [0x0000000700000000, 0x00000007001005c8, 0x00000007c0000000)
  region size 1024K, 2 young (2048K), 2 survivors (2048K)
 Metaspace       used 85982K, capacity 92110K, committed 92288K, reserved 1128448K
  class space    used 11744K, capacity 12809K, committed 12928K, reserved 1048576K
}
Event: 2584.663 GC heap before
{Heap before GC invocations=407 (full 9):
 garbage-first heap   total 189440K, used 168689K [0x0000000700000000, 0x00000007001005c8, 0x00000007c0000000)
  region size 1024K, 60 young (61440K), 2 survivors (2048K)
 Metaspace       used 85983K, capacity 92110K, committed 92288K, reserved 1128448K
  class space    used 11744K, capacity 12809K, committed 12928K, reserved 1048576K
}
Event: 2584.667 GC heap after
{Heap after GC invocations=408 (full 9):
 garbage-first heap   total 189440K, used 109532K [0x0000000700000000, 0x00000007001005c8, 0x00000007c0000000)
  region size 1024K, 2 young (2048K), 2 survivors (2048K)
 Metaspace       used 85983K, capacity 92110K, committed 92288K, reserved 1128448K
  class space    used 11744K, capacity 12809K, committed 12928K, reserved 1048576K
}
Event: 2585.683 GC heap before
{Heap before GC invocations=408 (full 9):
 garbage-first heap   total 189440K, used 168924K [0x0000000700000000, 0x00000007001005c8, 0x00000007c0000000)
  region size 1024K, 60 young (61440K), 2 survivors (2048K)
 Metaspace       used 86001K, capacity 92110K, committed 92288K, reserved 1128448K
  class space    used 11744K, capacity 12809K, committed 12928K, reserved 1048576K
}
Event: 2585.687 GC heap after
{Heap after GC invocations=409 (full 9):
 garbage-first heap   total 189440K, used 109408K [0x0000000700000000, 0x00000007001005c8, 0x00000007c0000000)
  region size 1024K, 2 young (2048K), 2 survivors (2048K)
 Metaspace       used 86001K, capacity 92110K, committed 92288K, reserved 1128448K
  class space    used 11744K, capacity 12809K, committed 12928K, reserved 1048576K
}
Event: 2585.979 GC heap before
{Heap before GC invocations=410 (full 9):
 garbage-first heap   total 189440K, used 168800K [0x0000000700000000, 0x00000007001005c8, 0x00000007c0000000)
  region size 1024K, 60 young (61440K), 2 survivors (2048K)
 Metaspace       used 86001K, capacity 92110K, committed 92288K, reserved 1128448K
  class space    used 11744K, capacity 12809K, committed 12928K, reserved 1048576K
}
Event: 2585.982 GC heap after
{Heap after GC invocations=411 (full 9):
 garbage-first heap   total 189440K, used 109508K [0x0000000700000000, 0x00000007001005c8, 0x00000007c0000000)
  region size 1024K, 2 young (2048K), 2 survivors (2048K)
 Metaspace       used 86001K, capacity 92110K, committed 92288K, reserved 1128448K
  class space    used 11744K, capacity 12809K, committed 12928K, reserved 1048576K
}

Deoptimization events (10 events):
Event: 2523.649 Thread 0x0000014b6761a800 Uncommon trap: reason=bimorphic_or_optimized_type_check action=maybe_recompile pc=0x0000014b55a9acc4 method=javax.swing.JMenuItem.isArmed()Z @ 6 c2
Event: 2523.649 Thread 0x0000014b6761a800 Uncommon trap: reason=bimorphic_or_optimized_type_check action=maybe_recompile pc=0x0000014b55a9acc4 method=javax.swing.JMenuItem.isArmed()Z @ 6 c2
Event: 2523.680 Thread 0x0000014b6761a800 Uncommon trap: reason=unstable_if action=reinterpret pc=0x0000014b5696c58c method=de.javasoft.plaf.synthetica.GraphicsUtils.paintText(Ljavax/swing/plaf/synth/SynthContext;Ljava/awt/Graphics;Ljava/lang/String;III)V @ 525 c2
Event: 2525.695 Thread 0x0000014b6761a800 Uncommon trap: reason=unstable_if action=reinterpret pc=0x0000014b5563da0c method=sun.java2d.marlin.Stroker.computeOffset(FFF[F)V @ 13 c2
Event: 2529.502 Thread 0x0000014b6761a800 Uncommon trap: reason=class_check action=maybe_recompile pc=0x0000014b556d4990 method=java.beans.ChangeListenerMap.add(Ljava/lang/String;Ljava/util/EventListener;)V @ 49 c2
Event: 2529.530 Thread 0x0000014b6761a800 Uncommon trap: reason=array_check action=maybe_recompile pc=0x0000014b563242f4 method=java.beans.ChangeListenerMap.add(Ljava/lang/String;Ljava/util/EventListener;)V @ 59 c2
Event: 2529.530 Thread 0x0000014b6761a800 Uncommon trap: reason=array_check action=maybe_recompile pc=0x0000014b563242f4 method=java.beans.ChangeListenerMap.add(Ljava/lang/String;Ljava/util/EventListener;)V @ 59 c2
Event: 2529.531 Thread 0x0000014b6761a800 Uncommon trap: reason=array_check action=maybe_recompile pc=0x0000014b563242f4 method=java.beans.ChangeListenerMap.add(Ljava/lang/String;Ljava/util/EventListener;)V @ 59 c2
Event: 2529.531 Thread 0x0000014b6761a800 Uncommon trap: reason=array_check action=maybe_recompile pc=0x0000014b563242f4 method=java.beans.ChangeListenerMap.add(Ljava/lang/String;Ljava/util/EventListener;)V @ 59 c2
Event: 2529.617 Thread 0x0000014b6761a800 Uncommon trap: reason=predicate action=maybe_recompile pc=0x0000014b55a48338 method=java.util.Arrays$ArrayList.indexOf(Ljava/lang/Object;)I @ 42 c2

Classes redefined (0 events):
No events

Internal exceptions (10 events):
Event: 2487.048 Thread 0x0000014b6761a800 Exception <a 'java/lang/NoSuchMethodError'{0x000000070a757ff8}: method resolution failed> (0x000000070a757ff8) thrown at [t:/workspace/hotspot/src/share/vm/prims/methodHandles.cpp, line 1256]
Event: 2487.048 Thread 0x0000014b6761a800 Exception <a 'java/lang/NoSuchMethodError'{0x000000070a75c318}: java.lang.invoke.DelegatingMethodHandle$Holder.reinvoke_L(Ljava/lang/Object;Ljava/lang/Object;IILjava/lang/Object;Ljava/lang/Object;IIILjava/lang/Object;)Ljava/lang/Object;> (0x000000070a75c3
Event: 2487.049 Thread 0x0000014b6761a800 Exception <a 'java/lang/NoSuchMethodError'{0x000000070a7c8f80}: java.lang.invoke.DirectMethodHandle$Holder.invokeSpecial(Ljava/lang/Object;Ljava/lang/Object;IIILjava/lang/Object;Ljava/lang/Object;IIILjava/lang/Object;)Ljava/lang/Object;> (0x000000070a7c8f
Event: 2487.050 Thread 0x0000014b6761a800 Exception <a 'java/lang/NoSuchMethodError'{0x000000070a7ccc88}: java.lang.invoke.DelegatingMethodHandle$Holder.reinvoke_L(Ljava/lang/Object;IIILjava/lang/Object;Ljava/lang/Object;IIILjava/lang/Object;)Ljava/lang/Object;> (0x000000070a7ccc88) thrown at [t:
Event: 2487.050 Thread 0x0000014b6761a800 Exception <a 'java/lang/NoSuchMethodError'{0x000000070a7eb150}: method resolution failed> (0x000000070a7eb150) thrown at [t:/workspace/hotspot/src/share/vm/prims/methodHandles.cpp, line 1256]
Event: 2515.268 Thread 0x0000014b6761a800 Implicit null exception at 0x0000014b55c30491 to 0x0000014b55c30d93
Event: 2515.904 Thread 0x0000014b69485000 Exception <a 'java/lang/InterruptedException'{0x000000070ab81b08}: sleep interrupted> (0x000000070ab81b08) thrown at [t:/workspace/hotspot/src/share/vm/prims/jvm.cpp, line 2984]
Event: 2530.086 Thread 0x0000014b69488800 Exception <a 'java/lang/InterruptedException'{0x000000070b0812d0}: sleep interrupted> (0x000000070b0812d0) thrown at [t:/workspace/hotspot/src/share/vm/prims/jvm.cpp, line 2984]
Event: 2547.813 Thread 0x0000014b69489800 Exception <a 'java/lang/InterruptedException'{0x000000070a517a30}: sleep interrupted> (0x000000070a517a30) thrown at [t:/workspace/hotspot/src/share/vm/prims/jvm.cpp, line 2984]
Event: 2586.023 Thread 0x0000014b69485000 Exception <a 'java/lang/InterruptedException'{0x000000070b281aa0}: sleep interrupted> (0x000000070b281aa0) thrown at [t:/workspace/hotspot/src/share/vm/prims/jvm.cpp, line 2984]

Events (10 events):
Event: 2585.762 Executing VM operation: CGC_Operation done
Event: 2585.773 Executing VM operation: CGC_Operation
Event: 2585.773 Executing VM operation: CGC_Operation done
Event: 2585.922 Thread 0x0000014b69488800 Thread exited: 0x0000014b69488800
Event: 2585.941 Executing VM operation: RevokeBias
Event: 2585.941 Executing VM operation: RevokeBias done
Event: 2585.979 Executing VM operation: G1IncCollectionPause
Event: 2585.982 Executing VM operation: G1IncCollectionPause done
Event: 2586.023 Executing VM operation: RevokeBias
Event: 2586.023 Executing VM operation: RevokeBias done


Dynamic libraries:
0x00007ff787d80000 - 0x00007ff787db0000 	C:\Xilinx\Vivado\2018.3\bin\unwrapped\win64.o\vivado.exe
0x00007ffa53660000 - 0x00007ffa5384d000 	C:\Windows\SYSTEM32\ntdll.dll
0x00007ffa53570000 - 0x00007ffa53623000 	C:\Windows\System32\KERNEL32.DLL
0x00007ffa4f750000 - 0x00007ffa4f9e3000 	C:\Windows\System32\KERNELBASE.dll
0x00007ffa506d0000 - 0x00007ffa507ca000 	C:\Windows\System32\ucrtbase.dll
0x00007ffa40ce0000 - 0x00007ffa40d8a000 	C:\Windows\SYSTEM32\MSVCP140.dll
0x00007ffa40cb0000 - 0x00007ffa40cc4000 	C:\Xilinx\Vivado\2018.3\lib\win64.o\libboost_signals.dll
0x00007ffa40c90000 - 0x00007ffa40ca4000 	C:\Xilinx\Vivado\2018.3\lib\win64.o\librdi_commonmain.dll
0x00007ffa40d90000 - 0x00007ffa40da6000 	C:\Windows\SYSTEM32\VCRUNTIME140.dll
0x00007ffa062b0000 - 0x00007ffa07144000 	C:\Xilinx\Vivado\2018.3\lib\win64.o\librdi_common.dll
0x00007ffa40c60000 - 0x00007ffa40c86000 	C:\Xilinx\Vivado\2018.3\lib\win64.o\libboost_filesystem.dll
0x00007ffa50890000 - 0x00007ffa50a27000 	C:\Windows\System32\USER32.dll
0x00007ffa533e0000 - 0x00007ffa53483000 	C:\Windows\System32\ADVAPI32.dll
0x00007ffa40c50000 - 0x00007ffa40c5a000 	C:\Xilinx\Vivado\2018.3\lib\win64.o\librdi_commonversion.dll
0x00007ffa50870000 - 0x00007ffa50890000 	C:\Windows\System32\win32u.dll
0x00007ffa51be0000 - 0x00007ffa51c7e000 	C:\Windows\System32\msvcrt.dll
0x00007ffa51710000 - 0x00007ffa517ae000 	C:\Windows\System32\sechost.dll
0x00007ffa517b0000 - 0x00007ffa517d9000 	C:\Windows\System32\GDI32.dll
0x00007ffa50f60000 - 0x00007ffa51082000 	C:\Windows\System32\RPCRT4.dll
0x00007ffa12b90000 - 0x00007ffa12cb1000 	C:\Xilinx\Vivado\2018.3\lib\win64.o\librdi_commonxillic.dll
0x000000006bbb0000 - 0x000000006bcdb000 	C:\Xilinx\Vivado\2018.3\lib\win64.o\tcl85t.dll
0x00007ffa50450000 - 0x00007ffa505ea000 	C:\Windows\System32\gdi32full.dll
0x00007ffa51640000 - 0x00007ffa516ad000 	C:\Windows\System32\WS2_32.dll
0x00007ffa507d0000 - 0x00007ffa50870000 	C:\Windows\System32\msvcp_win.dll
0x00007ffa51e30000 - 0x00007ffa53320000 	C:\Windows\System32\SHELL32.dll
0x00007ffa104b0000 - 0x00007ffa1081e000 	C:\Xilinx\Vivado\2018.3\lib\win64.o\libCOIN-all.dll
0x00007ffa0f960000 - 0x00007ffa0fc15000 	C:\Xilinx\Vivado\2018.3\lib\win64.o\libXil_lmgr11.dll
0x00007ffa50620000 - 0x00007ffa5066a000 	C:\Windows\System32\cfgmgr32.dll
0x00007ffa40c30000 - 0x00007ffa40c44000 	C:\Xilinx\Vivado\2018.3\lib\win64.o\libboost_date_time.dll
0x00007ffa50bb0000 - 0x00007ffa50cd7000 	C:\Windows\System32\COMDLG32.dll
0x00007ffa53330000 - 0x00007ffa533d8000 	C:\Windows\System32\shcore.dll
0x00007ffa518b0000 - 0x00007ffa51bdc000 	C:\Windows\System32\combase.dll
0x00007ffa4f9f0000 - 0x00007ffa4fa6e000 	C:\Windows\System32\bcryptPrimitives.dll
0x00007ffa4fd00000 - 0x00007ffa5044a000 	C:\Windows\System32\windows.storage.dll
0x00007ffa40bb0000 - 0x00007ffa40c2f000 	C:\Xilinx\Vivado\2018.3\lib\win64.o\libboost_program_options.dll
0x00007ffa516b0000 - 0x00007ffa51702000 	C:\Windows\System32\SHLWAPI.dll
0x00007ffa10930000 - 0x00007ffa10a44000 	C:\Xilinx\Vivado\2018.3\lib\win64.o\libboost_regex.dll
0x00007ffa4f700000 - 0x00007ffa4f724000 	C:\Windows\System32\profapi.dll
0x00007ffa517e0000 - 0x00007ffa518a4000 	C:\Windows\System32\OLEAUT32.dll
0x00007ffa40ba0000 - 0x00007ffa40bab000 	C:\Xilinx\Vivado\2018.3\lib\win64.o\libboost_system.dll
0x00007ffa4f680000 - 0x00007ffa4f6dd000 	C:\Windows\System32\powrprof.dll
0x00007ffa4f6e0000 - 0x00007ffa4f6f1000 	C:\Windows\System32\kernel.appcore.dll
0x00007ffa50a50000 - 0x00007ffa50ba5000 	C:\Windows\System32\ole32.dll
0x00007ffa40b70000 - 0x00007ffa40b91000 	C:\Xilinx\Vivado\2018.3\lib\win64.o\libboost_thread.dll
0x00007ffa4f730000 - 0x00007ffa4f747000 	C:\Windows\System32\cryptsp.dll
0x00007ffa40b60000 - 0x00007ffa40b6f000 	C:\Xilinx\Vivado\2018.3\lib\win64.o\libboost_xilinx.dll
0x00007ffa50670000 - 0x00007ffa506c9000 	C:\Windows\System32\WINTRUST.dll
0x00007ffa25ad0000 - 0x00007ffa25b52000 	C:\Xilinx\Vivado\2018.3\lib\win64.o\libhdlpsolve.dll
0x00007ffa4f660000 - 0x00007ffa4f672000 	C:\Windows\System32\MSASN1.dll
0x00007ffa25460000 - 0x00007ffa25505000 	C:\Xilinx\Vivado\2018.3\lib\win64.o\libhdxml.dll
0x00007ffa4fa70000 - 0x00007ffa4fc4b000 	C:\Windows\System32\CRYPT32.dll
0x00007ffa05a60000 - 0x00007ffa062ae600 	C:\Xilinx\Vivado\2018.3\lib\win64.o\libisl_iostreams.dll
0x00007ffa40b00000 - 0x00007ffa40b2e000 	C:\Xilinx\Vivado\2018.3\lib\win64.o\libisl_sysinfo.dll
0x00007ffa26560000 - 0x00007ffa265c5000 	C:\Xilinx\Vivado\2018.3\lib\win64.o\liblmx6.0.dll
0x00007ffa40b40000 - 0x00007ffa40b5a000 	C:\Xilinx\Vivado\2018.3\lib\win64.o\pthreadVC2.dll
0x00007ffa40ad0000 - 0x00007ffa40af1000 	C:\Xilinx\Vivado\2018.3\lib\win64.o\librdizlib.dll
0x00007ffa3dd50000 - 0x00007ffa3dd6c000 	C:\Xilinx\Vivado\2018.3\lib\win64.o\librdiconfig.dll
0x0000000012000000 - 0x0000000012272000 	C:\Xilinx\Vivado\2018.3\lib\win64.o\xerces-c_3_1.dll
0x00007ffa3c070000 - 0x00007ffa3c087000 	C:\Windows\SYSTEM32\NETAPI32.dll
0x00007ffa3d1e0000 - 0x00007ffa3d725000 	C:\Windows\SYSTEM32\WININET.dll
0x00007ffa41a70000 - 0x00007ffa41b61000 	C:\Windows\SYSTEM32\WINHTTP.dll
0x00007ffa41d30000 - 0x00007ffa41f06000 	C:\Windows\SYSTEM32\urlmon.dll
0x00007ffa3dc10000 - 0x00007ffa3dc19000 	C:\Windows\SYSTEM32\WSOCK32.dll
0x00007ffa26ce0000 - 0x00007ffa26d89000 	C:\Windows\WinSxS\amd64_microsoft.windows.common-controls_6595b64144ccf1df_5.82.17763.503_none_10df0e8e64330b03\COMCTL32.dll
0x00007ffa47580000 - 0x00007ffa4759c000 	C:\Windows\SYSTEM32\dhcpcsvc.DLL
0x00007ffa2e9b0000 - 0x00007ffa2e9bd000 	C:\Xilinx\Vivado\2018.3\lib\win64.o\libboost_chrono.dll
0x00007ffa51630000 - 0x00007ffa51638000 	C:\Windows\System32\NSI.dll
0x00007ffa25a10000 - 0x00007ffa25a38000 	C:\Windows\SYSTEM32\VCOMP140.DLL
0x00007ffa04bc0000 - 0x00007ffa05a51000 	C:\Xilinx\Vivado\2018.3\lib\win64.o\gurobi65.dll
0x00007ffa25540000 - 0x00007ffa25565000 	C:\Xilinx\Vivado\2018.3\lib\win64.o\libisl_iosutils.dll
0x00007ffa2e990000 - 0x00007ffa2e9ab000 	C:\Xilinx\Vivado\2018.3\lib\win64.o\libboost_iostreams.dll
0x00007ffa41740000 - 0x00007ffa419e8000 	C:\Windows\SYSTEM32\iertutil.dll
0x00007ffa4f0b0000 - 0x00007ffa4f0bc000 	C:\Windows\SYSTEM32\CRYPTBASE.DLL
0x00007ffa4ed50000 - 0x00007ffa4ed5e000 	C:\Windows\SYSTEM32\NETUTILS.DLL
0x00007ffa50f30000 - 0x00007ffa50f5e000 	C:\Windows\System32\IMM32.DLL
0x00007ffa046c0000 - 0x00007ffa04bb5000 	C:\Xilinx\Vivado\2018.3\lib\win64.o\librdi_commontasks.dll
0x00007ffa3fd10000 - 0x00007ffa3fd1a000 	C:\Windows\SYSTEM32\VERSION.dll
0x00007ffa0b070000 - 0x00007ffa0b2ef000 	C:\Xilinx\Vivado\2018.3\lib\win64.o\librdi_sio.dll
0x000000006b180000 - 0x000000006bba5000 	C:\Xilinx\Vivado\2018.3\tps\win64\jre9.0.4\bin\server\jvm.dll
0x00007ffa53320000 - 0x00007ffa53328000 	C:\Windows\System32\PSAPI.DLL
0x00007ffa4ec40000 - 0x00007ffa4ec7d000 	C:\Windows\SYSTEM32\IPHLPAPI.DLL
0x00007ffa4ba60000 - 0x00007ffa4ba84000 	C:\Windows\SYSTEM32\WINMM.dll
0x00007ffa127b0000 - 0x00007ffa1289f000 	C:\Xilinx\Vivado\2018.3\tps\win64\jre9.0.4\bin\MSVCR120.dll
0x00007ffa4ba00000 - 0x00007ffa4ba2d000 	C:\Windows\SYSTEM32\WINMMBASE.dll
0x00007ffa4eee0000 - 0x00007ffa4ef47000 	C:\Windows\SYSTEM32\MSWSOCK.DLL
0x00007ffa022f0000 - 0x00007ffa046b2000 	C:\Xilinx\Vivado\2018.3\lib\win64.o\librdi_tcltasks.dll
0x00007ffa0f6e0000 - 0x00007ffa0f85e000 	C:\Xilinx\Vivado\2018.3\lib\win64.o\librdi_board.dll
0x00007ffa238b0000 - 0x00007ffa2391a000 	C:\Xilinx\Vivado\2018.3\lib\win64.o\librdi_boarddep.dll
0x00007ffa12ab0000 - 0x00007ffa12b8c000 	C:\Xilinx\Vivado\2018.3\lib\win64.o\librdi_chipscope.dll
0x00007ffa01f10000 - 0x00007ffa022ec000 	C:\Xilinx\Vivado\2018.3\lib\win64.o\librdi_bitstream.dll
0x00007ffa080a0000 - 0x00007ffa08259000 	C:\Xilinx\Vivado\2018.3\lib\win64.o\librdi_chipscopeimpl.dll
0x00007ffa10110000 - 0x00007ffa10258000 	C:\Xilinx\Vivado\2018.3\lib\win64.o\librdi_containers.dll
0x00007ff9fe100000 - 0x00007ff9fe7da000 	C:\Xilinx\Vivado\2018.3\lib\win64.o\librdi_coregenipxact.dll
0x00007ffa00600000 - 0x00007ffa01f05000 	C:\Xilinx\Vivado\2018.3\lib\win64.o\librdi_constraints.dll
0x00007ff9fa300000 - 0x00007ff9fe0fb000 	C:\Xilinx\Vivado\2018.3\lib\win64.o\librdi_designutils.dll
0x00007ff9e9280000 - 0x00007ff9e959b000 	C:\Xilinx\Vivado\2018.3\lib\win64.o\librdi_dlyest.dll
0x00007ff9fe7e0000 - 0x00007ffa005ff000 	C:\Xilinx\Vivado\2018.3\lib\win64.o\librdi_coregen.dll
0x00007ffa0afa0000 - 0x00007ffa0b062000 	C:\Xilinx\Vivado\2018.3\lib\win64.o\librdi_dsp.dll
0x00007ff9e8d20000 - 0x00007ff9e9280000 	C:\Xilinx\Vivado\2018.3\lib\win64.o\librdi_drc.dll
0x00007ff9e8400000 - 0x00007ff9e86da000 	C:\Xilinx\Vivado\2018.3\lib\win64.o\librdi_guitools.dll
0x00007ff9e86e0000 - 0x00007ff9e8d1f000 	C:\Xilinx\Vivado\2018.3\lib\win64.o\librdi_filemgmt.dll
0x00007ffa23850000 - 0x00007ffa238ad000 	C:\Xilinx\Vivado\2018.3\lib\win64.o\librdi_hdf.dll
0x00007ff9e6a40000 - 0x00007ff9e7055000 	C:\Xilinx\Vivado\2018.3\lib\win64.o\librdi_memdata.dll
0x00007ff9e7060000 - 0x00007ff9e83f1000 	C:\Xilinx\Vivado\2018.3\lib\win64.o\librdi_implflow.dll
0x00007ffa10050000 - 0x00007ffa100c1000 	C:\Xilinx\Vivado\2018.3\lib\win64.o\librdi_memoryarray.dll
0x00007ff9e95a0000 - 0x00007ff9fa2f2000 	C:\Xilinx\Vivado\2018.3\lib\win64.o\librdi_device.dll
0x00007ff9e2a50000 - 0x00007ff9e308b000 	C:\Xilinx\Vivado\2018.3\lib\win64.o\librdi_netlist.dll
0x00007ffa102c0000 - 0x00007ffa10310000 	C:\Xilinx\Vivado\2018.3\lib\win64.o\librdi_pfi.dll
0x00007ff9e0530000 - 0x00007ff9e2a44000 	C:\Xilinx\Vivado\2018.3\lib\win64.o\librdi_place.dll
0x00007ff9e0220000 - 0x00007ff9e0527000 	C:\Xilinx\Vivado\2018.3\lib\win64.o\librdi_platform.dll
0x00007ff9dfb20000 - 0x00007ff9e0215000 	C:\Xilinx\Vivado\2018.3\lib\win64.o\librdi_power.dll
0x00007ff9df5c0000 - 0x00007ff9dfb16000 	C:\Xilinx\Vivado\2018.3\lib\win64.o\librdi_project.dll
0x00007ff9deec0000 - 0x00007ff9df5b3000 	C:\Xilinx\Vivado\2018.3\lib\win64.o\librdi_psta.dll
0x00007ff9de7e0000 - 0x00007ff9deeb9000 	C:\Xilinx\Vivado\2018.3\lib\win64.o\librdi_rsb.dll
0x00007ff9de400000 - 0x00007ff9de7d7000 	C:\Xilinx\Vivado\2018.3\lib\win64.o\librdi_runs.dll
0x00007ffa07a80000 - 0x00007ffa07b58000 	C:\Xilinx\Vivado\2018.3\lib\win64.o\librdi_runsbase.dll
0x00007ff9de1d0000 - 0x00007ff9de3f8000 	C:\Xilinx\Vivado\2018.3\lib\win64.o\librdi_simdata.dll
0x00007ff9dd440000 - 0x00007ff9de1cd000 	C:\Xilinx\Vivado\2018.3\lib\win64.o\librdi_timing.dll
0x00007ffa07730000 - 0x00007ffa07884000 	C:\Xilinx\Vivado\2018.3\lib\win64.o\librdi_advchipscopeimpl.dll
0x00007ffa0f910000 - 0x00007ffa0f95c000 	C:\Xilinx\Vivado\2018.3\lib\win64.o\libboost_serialization.dll
0x00007ffa07310000 - 0x00007ffa073c8000 	C:\Xilinx\Vivado\2018.3\lib\win64.o\librdi_hip_devdesign.dll
0x00007ffa079d0000 - 0x00007ffa07a7b000 	C:\Xilinx\Vivado\2018.3\lib\win64.o\librdi_ipconfig_readwrite.dll
0x00007ffa10010000 - 0x00007ffa10048000 	C:\Xilinx\Vivado\2018.3\lib\win64.o\librdi_noc_frameworks.dll
0x00007ff9dd080000 - 0x00007ff9dd435000 	C:\Xilinx\Vivado\2018.3\lib\win64.o\librdi_hip_config.dll
0x00007ff9dcb30000 - 0x00007ff9dd07e000 	C:\Xilinx\Vivado\2018.3\lib\win64.o\librdi_xdm.dll
0x00007ffa0af00000 - 0x00007ffa0af9e000 	C:\Xilinx\Vivado\2018.3\lib\win64.o\libise.dll
0x00007ff9dbfe0000 - 0x00007ff9dcb27000 	C:\Xilinx\Vivado\2018.3\lib\win64.o\libverific.dll
0x00007ff9db9f0000 - 0x00007ff9dbfd4000 	C:\Xilinx\Vivado\2018.3\lib\win64.o\librdi_wavedata.dll

VM Arguments:
jvm_args: -Dsun.java2d.pmoffscreen=false -Dsun.java2d.xrender=false -Dsun.java2d.d3d=false -Dsun.awt.nopixfmt=true -Dsun.java2d.dpiaware=true -Dsun.java2d.uiScale.enabled=false -Xverify:none -Dswing.aatext=true -XX:-UsePerfData -Djdk.map.althashing.threshold=512 -XX:StringTableSize=4072 --add-opens=java.base/java.nio=ALL-UNNAMED --add-opens=java.desktop/sun.swing=ALL-UNNAMED --add-opens=java.desktop/javax.swing=ALL-UNNAMED --add-opens=java.desktop/javax.swing.tree=ALL-UNNAMED --add-opens=java.desktop/javax.swing.plaf.basic=ALL-UNNAMED --add-opens=java.desktop/javax.swing.plaf.synth=ALL-UNNAMED --add-opens=java.desktop/com.sun.awt=ALL-UNNAMED -XX:NewSize=60m -XX:MaxNewSize=60m -Xms128m -Xmx3072m -Xss5m 
java_command: <unknown>
java_class_path (initial): C:/Xilinx/Vivado/2018.3\lib\classes\alloy.jar;C:/Xilinx/Vivado/2018.3\lib\classes\autopilot.scelaborator.jar;C:/Xilinx/Vivado/2018.3\lib\classes\autopilot.sourceprocessor.jar;C:/Xilinx/Vivado/2018.3\lib\classes\autopilot.tbprocessor.jar;C:/Xilinx/Vivado/2018.3\lib\classes\batik-anim.jar;C:/Xilinx/Vivado/2018.3\lib\classes\batik-awt-util.jar;C:/Xilinx/Vivado/2018.3\lib\classes\batik-bridge.jar;C:/Xilinx/Vivado/2018.3\lib\classes\batik-codec.jar;C:/Xilinx/Vivado/2018.3\lib\classes\batik-css.jar;C:/Xilinx/Vivado/2018.3\lib\classes\batik-dom.jar;C:/Xilinx/Vivado/2018.3\lib\classes\batik-ext.jar;C:/Xilinx/Vivado/2018.3\lib\classes\batik-gui-util.jar;C:/Xilinx/Vivado/2018.3\lib\classes\batik-gvt.jar;C:/Xilinx/Vivado/2018.3\lib\classes\batik-parser.jar;C:/Xilinx/Vivado/2018.3\lib\classes\batik-script.jar;C:/Xilinx/Vivado/2018.3\lib\classes\batik-svg-dom.jar;C:/Xilinx/Vivado/2018.3\lib\classes\batik-swing.jar;C:/Xilinx/Vivado/2018.3\lib\classes\batik-transcoder.jar;C:/Xilinx/Vivado/2018.3\lib\classes\batik-util.jar;C:/Xilinx/Vivado/2018.3\lib\classes\batik-xml.jar;C:/Xilinx/Vivado/2018.3\lib\classes\com.ibm.icu_4.4.2.v20110208.jar;C:/Xilinx/Vivado/2018.3\lib\classes\commons-collections4-4.1.jar;C:/Xilinx/Vivado/2018.3\lib\classes\commons-math-2.2.jar;C:/Xilinx/Vivado/2018.3\lib\classes\dom4j-1.6.1.jar;C:/Xilinx/Vivado/2018.3\lib\classes\guava-18.0.jar;C:/Xilinx/Vivado/2018.3\lib\classes\help.jar;C:/Xilinx/Vivado/2018.3\lib\classes\hsqldb.jar;C:/Xilinx/Vivado/2018.3\lib\classes\jargs.jar;C:/Xilinx/Vivado/2018.3\lib\classes\jaxb-api-2.3.0.jar;C:/Xilinx/Vivado/2018.3\lib\classes\jh.jar;C:/Xilinx/Vivado/2018.3\lib\classes\jide-action.jar;C:/Xilinx/Vivado/2018.3\lib\classes\jide-charts.jar;C:/Xilinx/Vivado/2018.3\lib\classes\jide-common.jar;C:/Xilinx/Vivado/2018.3\lib\classes\jide-components.jar;C:/Xilinx/Vivado/2018.3\lib\classes\jide-dashboard.jar;C:/Xilinx/Vivado/2018.3\lib\classes\jide-data.jar;C:/Xilinx/Vivado/2018.3\lib\classes\jide-dialogs.jar
Launcher Type: generic

Logging:
Log output configuration:
#0: stdout all=warning uptime,level,tags
#1: stderr all=off uptime,level,tags

Environment Variables:
PATH=C:/Xilinx/Vivado/2018.3/bin;C:/Xilinx/Vivado/2018.3/lib/win64.o;C:/Xilinx/Vivado/2018.3/tps/win64/jre9.0.4/bin/server;C:/Xilinx/Vivado/2018.3/tps/win64/jre9.0.4/bin;C:/Xilinx/SDK/2018.3/bin;C:/Xilinx/Vivado/2018.3/ids_lite/ISE/bin/nt64;C:/Xilinx/Vivado/2018.3/ids_lite/ISE/lib/nt64;C:\Windows\system32;C:\Windows;C:\Windows\System32\Wbem;C:\Windows\System32\WindowsPowerShell\v1.0\;C:\Windows\System32\OpenSSH\;C:\Program Files\PuTTY\;C:\Program Files\Git\cmd;C:\Users\Sawaphob Chavana\AppData\Local\Microsoft\WindowsApps;;C:/Xilinx/Vivado/2018.3\tps\mingw\6.2.0\win64.o\nt\bin;C:/Xilinx/Vivado/2018.3\tps\mingw\6.2.0\win64.o\nt\libexec\gcc\x86_64-w64-mingw32\6.2.0
USERNAME=Sawaphob Chavana
OS=Windows_NT
PROCESSOR_IDENTIFIER=Intel64 Family 6 Model 142 Stepping 10, GenuineIntel



---------------  S Y S T E M  ---------------

OS: Windows 10 , 64 bit Build 17763 (10.0.17763.475)

CPU:total 8 (initial active 8) (4 cores per cpu, 2 threads per core) family 6 model 142 stepping 10, cmov, cx8, fxsr, mmx, sse, sse2, sse3, ssse3, sse4.1, sse4.2, popcnt, avx, avx2, aes, clmul, erms, 3dnowpref, lzcnt, ht, tsc, tscinvbit, bmi1, bmi2, adx, fma

Memory: 4k page, physical 8228964k(2719492k free), swap 9801828k(3448124k free)

vm_info: Java HotSpot(TM) 64-Bit Server VM (9.0.4+11) for windows-amd64 JRE (9.0.4+11), built on Dec 20 2017 02:18:54 by "mach5one" with MS VC++ 12.0 (VS2013)

END.
