#-----------------------------------------------------------
# Vivado v2018.3 (64-bit)
# SW Build 2405991 on Thu Dec  6 23:38:27 MST 2018
# IP Build 2404404 on Fri Dec  7 01:43:56 MST 2018
# Start of session at: Sat May 18 22:26:00 2019
# Process ID: 7292
# Current directory: C:/Users/Sawaphob Chavana/Desktop/hw-syn-lab-project-master
# Command line: vivado.exe -gui_launcher_event rodinguilauncherevent776 C:\Users\Sawaphob Chavana\Desktop\hw-syn-lab-project-master\Z80.xpr
# Log file: C:/Users/Sawaphob Chavana/Desktop/hw-syn-lab-project-master/vivado.log
# Journal file: C:/Users/Sawaphob Chavana/Desktop/hw-syn-lab-project-master\vivado.jou
#-----------------------------------------------------------
start_gui
open_project {C:/Users/Sawaphob Chavana/Desktop/hw-syn-lab-project-master/Z80.xpr}
Scanning sources...
Finished scanning sources
INFO: [IP_Flow 19-234] Refreshing IP repositories
INFO: [IP_Flow 19-1704] No user IP repositories specified
INFO: [IP_Flow 19-2313] Loaded Vivado IP repository 'C:/Xilinx/Vivado/2018.3/data/ip'.
open_project: Time (s): cpu = 00:00:14 ; elapsed = 00:00:08 . Memory (MB): peak = 705.102 ; gain = 123.719
update_compile_order -fileset sources_1
reset_run synth_1
launch_runs impl_1 -to_step write_bitstream -jobs 8
[Sat May 18 22:28:14 2019] Launched synth_1...
Run output will be captured here: C:/Users/Sawaphob Chavana/Desktop/hw-syn-lab-project-master/Z80.runs/synth_1/runme.log
[Sat May 18 22:28:14 2019] Launched impl_1...
Run output will be captured here: C:/Users/Sawaphob Chavana/Desktop/hw-syn-lab-project-master/Z80.runs/impl_1/runme.log
exit
INFO: [Common 17-206] Exiting Vivado at Sat May 18 22:45:46 2019...
