#-----------------------------------------------------------
# Vivado v2018.3 (64-bit)
# SW Build 2405991 on Thu Dec  6 23:38:27 MST 2018
# IP Build 2404404 on Fri Dec  7 01:43:56 MST 2018
# Start of session at: Sun May 19 09:40:12 2019
# Process ID: 15200
# Current directory: C:/Users/User/Desktop/Repos/ponggame_finalproject
# Command line: vivado.exe -gui_launcher_event rodinguilauncherevent3552 C:\Users\User\Desktop\Repos\ponggame_finalproject\Ponggame.xpr
# Log file: C:/Users/User/Desktop/Repos/ponggame_finalproject/vivado.log
# Journal file: C:/Users/User/Desktop/Repos/ponggame_finalproject\vivado.jou
#-----------------------------------------------------------
start_gui
open_project C:/Users/User/Desktop/Repos/ponggame_finalproject/Ponggame.xpr
INFO: [Project 1-313] Project file moved from 'C:/Users/Sawaphob Chavana/Desktop/hw-syn-lab-project-master' since last save.
CRITICAL WARNING: [Project 1-311] Could not find the file 'C:/Users/User/Desktop/Repos/a-z80_latest/a-z80/trunk/cpu/x/globals.vh', nor could it be found using path 'C:/Users/Sawaphob Chavana/Desktop/a-z80_latest/a-z80/trunk/cpu/x/globals.vh'.
CRITICAL WARNING: [Project 1-311] Could not find the file 'C:/Users/User/Desktop/Repos/a-z80_latest/a-z80/trunk/cpu/x/exec_matrix_compiled.vh', nor could it be found using path 'C:/Users/Sawaphob Chavana/Desktop/a-z80_latest/a-z80/trunk/cpu/x/exec_matrix_compiled.vh'.
CRITICAL WARNING: [Project 1-311] Could not find the file 'C:/Users/User/Desktop/Repos/a-z80_latest/a-z80/trunk/cpu/x/exec_zero.vh', nor could it be found using path 'C:/Users/Sawaphob Chavana/Desktop/a-z80_latest/a-z80/trunk/cpu/x/exec_zero.vh'.
CRITICAL WARNING: [Project 1-311] Could not find the file 'C:/Users/User/Desktop/Repos/a-z80_latest/a-z80/trunk/cpu/x/exec_module.vh', nor could it be found using path 'C:/Users/Sawaphob Chavana/Desktop/a-z80_latest/a-z80/trunk/cpu/x/exec_module.vh'.
CRITICAL WARNING: [Project 1-311] Could not find the file 'C:/Users/User/Desktop/Repos/a-z80_latest/a-z80/trunk/cpu/x/temp_wires.vh', nor could it be found using path 'C:/Users/Sawaphob Chavana/Desktop/a-z80_latest/a-z80/trunk/cpu/x/temp_wires.vh'.
CRITICAL WARNING: [Project 1-311] Could not find the file 'C:/Users/User/Desktop/Repos/a-z80_latest/a-z80/trunk/cpu/x/coremodules.vh', nor could it be found using path 'C:/Users/Sawaphob Chavana/Desktop/a-z80_latest/a-z80/trunk/cpu/x/coremodules.vh'.
CRITICAL WARNING: [Project 1-311] Could not find the file 'C:/Users/User/Desktop/Repos/a-z80_latest/a-z80/trunk/cpu/x/core.vh', nor could it be found using path 'C:/Users/Sawaphob Chavana/Desktop/a-z80_latest/a-z80/trunk/cpu/x/core.vh'.
Scanning sources...
Finished scanning sources
INFO: [IP_Flow 19-234] Refreshing IP repositories
INFO: [IP_Flow 19-1704] No user IP repositories specified
INFO: [IP_Flow 19-2313] Loaded Vivado IP repository 'D:/Xlinx/Vivado/2018.3/data/ip'.
open_project: Time (s): cpu = 00:00:39 ; elapsed = 00:00:21 . Memory (MB): peak = 682.039 ; gain = 83.367
update_compile_order -fileset sources_1
open_hw
connect_hw_server
INFO: [Labtools 27-2285] Connecting to hw_server url TCP:localhost:3121
INFO: [Labtools 27-2222] Launching hw_server...
INFO: [Labtools 27-2221] Launch Output:

****** Xilinx hw_server v2018.3
  **** Build date : Dec  7 2018-00:40:27
    ** Copyright 1986-2018 Xilinx, Inc. All Rights Reserved.


connect_hw_server: Time (s): cpu = 00:00:02 ; elapsed = 00:00:06 . Memory (MB): peak = 807.211 ; gain = 0.000
open_hw_target
INFO: [Labtoolstcl 44-466] Opening hw_target localhost:3121/xilinx_tcf/Digilent/210183A3862FA
open_hw_target: Time (s): cpu = 00:00:13 ; elapsed = 00:00:13 . Memory (MB): peak = 1703.742 ; gain = 896.531
set_property PROGRAM.FILE {C:/Users/User/Desktop/Repos/ponggame_finalproject/Ponggame.runs/impl_1/z80_tester.bit} [get_hw_devices xc7a35t_0]
current_hw_device [get_hw_devices xc7a35t_0]
refresh_hw_device -update_hw_probes false [lindex [get_hw_devices xc7a35t_0] 0]
INFO: [Labtools 27-1435] Device xc7a35t (JTAG device index = 0) is not programmed (DONE status = 0).
set_property PROBES.FILE {} [get_hw_devices xc7a35t_0]
set_property FULL_PROBES.FILE {} [get_hw_devices xc7a35t_0]
set_property PROGRAM.FILE {C:/Users/User/Desktop/Repos/ponggame_finalproject/Ponggame.runs/impl_1/z80_tester.bit} [get_hw_devices xc7a35t_0]
program_hw_devices [get_hw_devices xc7a35t_0]
INFO: [Labtools 27-3164] End of startup status: HIGH
refresh_hw_device [lindex [get_hw_devices xc7a35t_0] 0]
INFO: [Labtools 27-1434] Device xc7a35t (JTAG device index = 0) is programmed with a design that has no supported debug core(s) in it.
ERROR: [Labtoolstcl 44-513] HW Target shutdown. Closing target: localhost:3121/xilinx_tcf/Digilent/210183A3862FA
INFO: [Labtoolstcl 44-466] Opening hw_target localhost:3121/xilinx_tcf/Digilent/210183A3862FA
INFO: [Labtools 27-1435] Device xc7a35t (JTAG device index = 0) is not programmed (DONE status = 0).
WARNING: [Labtoolstcl 44-129] No matching hw_ila_data was found.
set_property PROBES.FILE {} [get_hw_devices xc7a35t_0]
set_property FULL_PROBES.FILE {} [get_hw_devices xc7a35t_0]
set_property PROGRAM.FILE {C:/Users/User/Desktop/Repos/ponggame_finalproject/Ponggame.runs/impl_1/z80_tester.bit} [get_hw_devices xc7a35t_0]
program_hw_devices [get_hw_devices xc7a35t_0]
INFO: [Labtools 27-3164] End of startup status: HIGH
refresh_hw_device [lindex [get_hw_devices xc7a35t_0] 0]
INFO: [Labtools 27-1434] Device xc7a35t (JTAG device index = 0) is programmed with a design that has no supported debug core(s) in it.
ERROR: [Labtoolstcl 44-513] HW Target shutdown. Closing target: localhost:3121/xilinx_tcf/Digilent/210183A3862FA
close_hw
close [ open C:/Users/User/Desktop/Repos/ponggame_finalproject/Ponggame.srcs/sources_1/new/kbInterrupt.v w ]
add_files C:/Users/User/Desktop/Repos/ponggame_finalproject/Ponggame.srcs/sources_1/new/kbInterrupt.v
update_compile_order -fileset sources_1
update_compile_order -fileset sources_1
reset_run synth_1
launch_runs synth_1 -jobs 4
[Sun May 19 12:56:06 2019] Launched synth_1...
Run output will be captured here: C:/Users/User/Desktop/Repos/ponggame_finalproject/Ponggame.runs/synth_1/runme.log
update_compile_order -fileset sources_1
update_compile_order -fileset sources_1
reset_run synth_1
WARNING: [Vivado 12-1017] Problems encountered:
1. Process appears to be on host 'NATTHAPONG-LAPT' and cannot be killed from host 'Natthapong-Laptop'

launch_runs impl_1 -to_step write_bitstream -jobs 4
[Sun May 19 13:07:03 2019] Launched synth_1...
Run output will be captured here: C:/Users/User/Desktop/Repos/ponggame_finalproject/Ponggame.runs/synth_1/runme.log
[Sun May 19 13:07:03 2019] Launched impl_1...
Run output will be captured here: C:/Users/User/Desktop/Repos/ponggame_finalproject/Ponggame.runs/impl_1/runme.log
open_hw
connect_hw_server
INFO: [Labtools 27-2285] Connecting to hw_server url TCP:localhost:3121
INFO: [Labtools 27-2222] Launching hw_server...
INFO: [Labtools 27-2221] Launch Output:

****** Xilinx hw_server v2018.3
  **** Build date : Dec  7 2018-00:40:27
    ** Copyright 1986-2018 Xilinx, Inc. All Rights Reserved.


disconnect_hw_server localhost:3121
connect_hw_server
INFO: [Labtools 27-2285] Connecting to hw_server url TCP:localhost:3121
disconnect_hw_server localhost:3121
connect_hw_server
INFO: [Labtools 27-2285] Connecting to hw_server url TCP:localhost:3121
disconnect_hw_server localhost:3121
connect_hw_server
INFO: [Labtools 27-2285] Connecting to hw_server url TCP:localhost:3121
open_hw_target
INFO: [Labtoolstcl 44-466] Opening hw_target localhost:3121/xilinx_tcf/Digilent/210183A3862FA
set_property PROGRAM.FILE {C:/Users/User/Desktop/Repos/ponggame_finalproject/Ponggame.runs/impl_1/z80_tester.bit} [get_hw_devices xc7a35t_0]
current_hw_device [get_hw_devices xc7a35t_0]
refresh_hw_device -update_hw_probes false [lindex [get_hw_devices xc7a35t_0] 0]
INFO: [Labtools 27-1435] Device xc7a35t (JTAG device index = 0) is not programmed (DONE status = 0).
set_property PROBES.FILE {} [get_hw_devices xc7a35t_0]
set_property FULL_PROBES.FILE {} [get_hw_devices xc7a35t_0]
set_property PROGRAM.FILE {C:/Users/User/Desktop/Repos/ponggame_finalproject/Ponggame.runs/impl_1/z80_tester.bit} [get_hw_devices xc7a35t_0]
program_hw_devices [get_hw_devices xc7a35t_0]
INFO: [Labtools 27-3164] End of startup status: HIGH
refresh_hw_device [lindex [get_hw_devices xc7a35t_0] 0]
INFO: [Labtools 27-1434] Device xc7a35t (JTAG device index = 0) is programmed with a design that has no supported debug core(s) in it.
update_compile_order -fileset sources_1
close_hw
update_compile_order -fileset sources_1
update_files -from_files C:/Users/User/Desktop/Repos/ponggame_finalproject/Ponggame.srcs/sources_1/new/keyboard.v -to_files C:/Users/User/Desktop/Repos/ponggame_finalproject/Ponggame.srcs/sources_1/new/kbInterrupt.v -filesets [get_filesets *]
INFO: [filemgmt 20-762] Replacing file 'C:/Users/User/Desktop/Repos/ponggame_finalproject/Ponggame.srcs/sources_1/new/kbInterrupt.v' with file 'C:/Users/User/Desktop/Repos/ponggame_finalproject/Ponggame.srcs/sources_1/new/keyboard.v'.
reset_run synth_1
launch_runs impl_1 -to_step write_bitstream -jobs 4
[Sun May 19 14:00:38 2019] Launched synth_1...
Run output will be captured here: C:/Users/User/Desktop/Repos/ponggame_finalproject/Ponggame.runs/synth_1/runme.log
[Sun May 19 14:00:38 2019] Launched impl_1...
Run output will be captured here: C:/Users/User/Desktop/Repos/ponggame_finalproject/Ponggame.runs/impl_1/runme.log
