#-----------------------------------------------------------
# Vivado v2018.3 (64-bit)
# SW Build 2405991 on Thu Dec  6 23:38:27 MST 2018
# IP Build 2404404 on Fri Dec  7 01:43:56 MST 2018
# Start of session at: Tue May 21 07:57:23 2019
# Process ID: 9144
# Current directory: C:/Users/Sawaphob Chavana/Desktop/ponggame_finalproject
# Command line: vivado.exe -gui_launcher_event rodinguilauncherevent1416 C:\Users\Sawaphob Chavana\Desktop\ponggame_finalproject\Ponggame.xpr
# Log file: C:/Users/Sawaphob Chavana/Desktop/ponggame_finalproject/vivado.log
# Journal file: C:/Users/Sawaphob Chavana/Desktop/ponggame_finalproject\vivado.jou
#-----------------------------------------------------------
start_gui
open_project {C:/Users/Sawaphob Chavana/Desktop/ponggame_finalproject/Ponggame.xpr}
Scanning sources...
Finished scanning sources
INFO: [IP_Flow 19-234] Refreshing IP repositories
INFO: [IP_Flow 19-1704] No user IP repositories specified
INFO: [IP_Flow 19-2313] Loaded Vivado IP repository 'C:/Xilinx/Vivado/2018.3/data/ip'.
open_project: Time (s): cpu = 00:00:14 ; elapsed = 00:00:08 . Memory (MB): peak = 712.328 ; gain = 122.367
update_compile_order -fileset sources_1
update_files -from_files {{C:/Users/Sawaphob Chavana/Desktop/ponggame_finalproject/Ponggame.srcs/sources_1/new/main.v}} -to_files {{C:/Users/Sawaphob Chavana/Desktop/ponggame_finalproject/Ponggame.srcs/sources_1/new/z80_tester.v}} -filesets [get_filesets *]
INFO: [filemgmt 20-762] Replacing file 'C:/Users/Sawaphob Chavana/Desktop/ponggame_finalproject/Ponggame.srcs/sources_1/new/z80_tester.v' with file 'C:/Users/Sawaphob Chavana/Desktop/ponggame_finalproject/Ponggame.srcs/sources_1/new/main.v'.
exit
INFO: [Common 17-206] Exiting Vivado at Tue May 21 08:02:38 2019...
