#-----------------------------------------------------------
# Vivado v2018.3 (64-bit)
# SW Build 2405991 on Thu Dec  6 23:38:27 MST 2018
# IP Build 2404404 on Fri Dec  7 01:43:56 MST 2018
# Start of session at: Sun May 19 09:22:03 2019
# Process ID: 1716
# Current directory: C:/Users/Sawaphob Chavana/Desktop/hw-syn-lab-project-master
# Command line: vivado.exe -gui_launcher_event rodinguilauncherevent9852 C:\Users\Sawaphob Chavana\Desktop\hw-syn-lab-project-master\Z80.xpr
# Log file: C:/Users/Sawaphob Chavana/Desktop/hw-syn-lab-project-master/vivado.log
# Journal file: C:/Users/Sawaphob Chavana/Desktop/hw-syn-lab-project-master\vivado.jou
#-----------------------------------------------------------
start_gui
open_project {C:/Users/Sawaphob Chavana/Desktop/hw-syn-lab-project-master/Z80.xpr}
Scanning sources...
Finished scanning sources
INFO: [IP_Flow 19-234] Refreshing IP repositories
INFO: [IP_Flow 19-1704] No user IP repositories specified
INFO: [IP_Flow 19-2313] Loaded Vivado IP repository 'C:/Xilinx/Vivado/2018.3/data/ip'.
open_project: Time (s): cpu = 00:00:20 ; elapsed = 00:00:10 . Memory (MB): peak = 730.082 ; gain = 135.961
update_compile_order -fileset sources_1
exit
INFO: [Common 17-206] Exiting Vivado at Sun May 19 09:24:00 2019...
