#-----------------------------------------------------------
# Vivado v2018.3 (64-bit)
# SW Build 2405991 on Thu Dec  6 23:38:27 MST 2018
# IP Build 2404404 on Fri Dec  7 01:43:56 MST 2018
# Start of session at: Sat May 18 10:49:07 2019
# Process ID: 7060
# Current directory: D:/MyDocument/cp43/2019/HW Syn Lab/hw-syn-lab-project-master
# Command line: vivado.exe -gui_launcher_event rodinguilauncherevent5196 D:\MyDocument\cp43\2019\HW Syn Lab\hw-syn-lab-project-master\Z80.xpr
# Log file: D:/MyDocument/cp43/2019/HW Syn Lab/hw-syn-lab-project-master/vivado.log
# Journal file: D:/MyDocument/cp43/2019/HW Syn Lab/hw-syn-lab-project-master\vivado.jou
#-----------------------------------------------------------
start_gui
open_project {D:/MyDocument/cp43/2019/HW Syn Lab/hw-syn-lab-project-master/Z80.xpr}
INFO: [Project 1-313] Project file moved from '/home/frank/Downloads/Z80' since last save.
CRITICAL WARNING: [Project 1-311] Could not find the file 'D:/MyDocument/cp43/2019/HW Syn Lab/a-z80_latest/a-z80/trunk/cpu/x/globals.vh', nor could it be found using path 'D:/home/frank/Downloads/a-z80_latest/a-z80/trunk/cpu/x/globals.vh'.
CRITICAL WARNING: [Project 1-311] Could not find the file 'D:/MyDocument/cp43/2019/HW Syn Lab/a-z80_latest/a-z80/trunk/cpu/x/exec_matrix_compiled.vh', nor could it be found using path 'D:/home/frank/Downloads/a-z80_latest/a-z80/trunk/cpu/x/exec_matrix_compiled.vh'.
CRITICAL WARNING: [Project 1-311] Could not find the file 'D:/MyDocument/cp43/2019/HW Syn Lab/a-z80_latest/a-z80/trunk/cpu/x/exec_zero.vh', nor could it be found using path 'D:/home/frank/Downloads/a-z80_latest/a-z80/trunk/cpu/x/exec_zero.vh'.
CRITICAL WARNING: [Project 1-311] Could not find the file 'D:/MyDocument/cp43/2019/HW Syn Lab/a-z80_latest/a-z80/trunk/cpu/x/exec_module.vh', nor could it be found using path 'D:/home/frank/Downloads/a-z80_latest/a-z80/trunk/cpu/x/exec_module.vh'.
CRITICAL WARNING: [Project 1-311] Could not find the file 'D:/MyDocument/cp43/2019/HW Syn Lab/a-z80_latest/a-z80/trunk/cpu/x/temp_wires.vh', nor could it be found using path 'D:/home/frank/Downloads/a-z80_latest/a-z80/trunk/cpu/x/temp_wires.vh'.
CRITICAL WARNING: [Project 1-311] Could not find the file 'D:/MyDocument/cp43/2019/HW Syn Lab/a-z80_latest/a-z80/trunk/cpu/x/coremodules.vh', nor could it be found using path 'D:/home/frank/Downloads/a-z80_latest/a-z80/trunk/cpu/x/coremodules.vh'.
CRITICAL WARNING: [Project 1-311] Could not find the file 'D:/MyDocument/cp43/2019/HW Syn Lab/a-z80_latest/a-z80/trunk/cpu/x/core.vh', nor could it be found using path 'D:/home/frank/Downloads/a-z80_latest/a-z80/trunk/cpu/x/core.vh'.
Scanning sources...
Finished scanning sources
INFO: [IP_Flow 19-234] Refreshing IP repositories
INFO: [IP_Flow 19-1704] No user IP repositories specified
INFO: [IP_Flow 19-2313] Loaded Vivado IP repository 'D:/Xlinx/Vivado/2018.3/data/ip'.
open_project: Time (s): cpu = 00:00:36 ; elapsed = 00:00:39 . Memory (MB): peak = 685.973 ; gain = 122.805
update_compile_order -fileset sources_1
update_compile_order -fileset sources_1
reset_run synth_1
launch_runs impl_1 -to_step write_bitstream
[Sat May 18 14:33:36 2019] Launched synth_1...
Run output will be captured here: D:/MyDocument/cp43/2019/HW Syn Lab/hw-syn-lab-project-master/Z80.runs/synth_1/runme.log
[Sat May 18 14:33:36 2019] Launched impl_1...
Run output will be captured here: D:/MyDocument/cp43/2019/HW Syn Lab/hw-syn-lab-project-master/Z80.runs/impl_1/runme.log
close [ open {D:/MyDocument/cp43/2019/HW Syn Lab/hw-syn-lab-project-master/Z80.srcs/sources_1/new/screenrom.v} w ]
add_files {{D:/MyDocument/cp43/2019/HW Syn Lab/hw-syn-lab-project-master/Z80.srcs/sources_1/new/screenrom.v}}
update_compile_order -fileset sources_1
reset_run synth_1
WARNING: [Vivado 12-1017] Problems encountered:
1. Process appears to be on host 'NATTHAPONG-LAPT' and cannot be killed from host 'Natthapong-Laptop'

update_compile_order -fileset sources_1
launch_runs impl_1 -to_step write_bitstream -jobs 4
[Sat May 18 14:57:45 2019] Launched synth_1...
Run output will be captured here: D:/MyDocument/cp43/2019/HW Syn Lab/hw-syn-lab-project-master/Z80.runs/synth_1/runme.log
[Sat May 18 14:57:45 2019] Launched impl_1...
Run output will be captured here: D:/MyDocument/cp43/2019/HW Syn Lab/hw-syn-lab-project-master/Z80.runs/impl_1/runme.log
reset_run synth_1
launch_runs impl_1 -to_step write_bitstream -jobs 4
[Sat May 18 15:00:40 2019] Launched synth_1...
Run output will be captured here: D:/MyDocument/cp43/2019/HW Syn Lab/hw-syn-lab-project-master/Z80.runs/synth_1/runme.log
[Sat May 18 15:00:40 2019] Launched impl_1...
Run output will be captured here: D:/MyDocument/cp43/2019/HW Syn Lab/hw-syn-lab-project-master/Z80.runs/impl_1/runme.log
open_hw
open_hw: Time (s): cpu = 00:00:07 ; elapsed = 00:00:11 . Memory (MB): peak = 898.508 ; gain = 0.000
connect_hw_server
INFO: [Labtools 27-2285] Connecting to hw_server url TCP:localhost:3121
INFO: [Labtools 27-2222] Launching hw_server...
INFO: [Labtools 27-2221] Launch Output:

****** Xilinx hw_server v2018.3
  **** Build date : Dec  7 2018-00:40:27
    ** Copyright 1986-2018 Xilinx, Inc. All Rights Reserved.


connect_hw_server: Time (s): cpu = 00:00:01 ; elapsed = 00:00:08 . Memory (MB): peak = 898.508 ; gain = 0.000
open_hw_target
INFO: [Labtoolstcl 44-466] Opening hw_target localhost:3121/xilinx_tcf/Digilent/210183AA13E6A
open_hw_target: Time (s): cpu = 00:00:09 ; elapsed = 00:00:12 . Memory (MB): peak = 1765.461 ; gain = 866.953
set_property PROGRAM.FILE {D:/MyDocument/cp43/2019/HW Syn Lab/hw-syn-lab-project-master/Z80.runs/impl_1/z80_tester.bit} [get_hw_devices xc7a35t_0]
current_hw_device [get_hw_devices xc7a35t_0]
refresh_hw_device -update_hw_probes false [lindex [get_hw_devices xc7a35t_0] 0]
INFO: [Labtools 27-1435] Device xc7a35t (JTAG device index = 0) is not programmed (DONE status = 0).
set_property PROBES.FILE {} [get_hw_devices xc7a35t_0]
set_property FULL_PROBES.FILE {} [get_hw_devices xc7a35t_0]
set_property PROGRAM.FILE {D:/MyDocument/cp43/2019/HW Syn Lab/hw-syn-lab-project-master/Z80.runs/impl_1/z80_tester.bit} [get_hw_devices xc7a35t_0]
program_hw_devices [get_hw_devices xc7a35t_0]
INFO: [Labtools 27-3164] End of startup status: HIGH
refresh_hw_device [lindex [get_hw_devices xc7a35t_0] 0]
INFO: [Labtools 27-1434] Device xc7a35t (JTAG device index = 0) is programmed with a design that has no supported debug core(s) in it.
ERROR: [Labtoolstcl 44-513] HW Target shutdown. Closing target: localhost:3121/xilinx_tcf/Digilent/210183AA13E6A
exit
INFO: [Common 17-206] Exiting Vivado at Sat May 18 15:44:02 2019...
